<?xml version="1.0" encoding="UTF-8" standalone="yes"?><!DOCTYPE report PUBLIC "-//JACOCO//DTD Report 1.1//EN" "report.dtd"><report name="com.irurueta:irurueta-navigation-inertial-extra"><sessioninfo id="runnervmkj6or-36d77584" start="1770204860199" dump="1770205705393"/><package name="com/irurueta/navigation/inertial/calibration"><class name="com/irurueta/navigation/inertial/calibration/VelocityNoiseStandardDeviationSource" sourcefilename="VelocityNoiseStandardDeviationSource.java"/><class name="com/irurueta/navigation/inertial/calibration/PositionNoiseStandardDeviationSource" sourcefilename="PositionNoiseStandardDeviationSource.java"/><class name="com/irurueta/navigation/inertial/calibration/GyroscopeBiasRandomWalkSource" sourcefilename="GyroscopeBiasRandomWalkSource.java"/><class name="com/irurueta/navigation/inertial/calibration/INSLooselyCoupledKalmanInitializerConfigCreator" sourcefilename="INSLooselyCoupledKalmanInitializerConfigCreator.java"><method name="&lt;init&gt;" desc="()V" line="58"><counter type="INSTRUCTION" missed="0" covered="3"/><counter type="LINE" missed="0" covered="2"/><counter type="COMPLEXITY" missed="0" covered="1"/><counter type="METHOD" missed="0" covered="1"/></method><method name="&lt;init&gt;" desc="(Lcom/irurueta/navigation/inertial/calibration/AccelerometerBiasUncertaintySource;Lcom/irurueta/navigation/inertial/calibration/GyroscopeBiasUncertaintySource;Lcom/irurueta/navigation/inertial/calibration/AttitudeUncertaintySource;Lcom/irurueta/navigation/inertial/calibration/VelocityUncertaintySource;Lcom/irurueta/navigation/inertial/calibration/PositionUncertaintySource;)V" line="75"><counter type="INSTRUCTION" missed="0" covered="18"/><counter type="LINE" missed="0" covered="7"/><counter type="COMPLEXITY" missed="0" covered="1"/><counter type="METHOD" missed="0" covered="1"/></method><method name="&lt;init&gt;" desc="(Lcom/irurueta/navigation/inertial/calibration/AccelerometerBiasUncertaintySource;Lcom/irurueta/navigation/inertial/calibration/GyroscopeBiasUncertaintySource;Lcom/irurueta/navigation/inertial/calibration/RandomWalkEstimator;)V" line="94"><counter type="INSTRUCTION" missed="0" covered="8"/><counter type="LINE" missed="0" covered="2"/><counter type="COMPLEXITY" missed="0" covered="1"/><counter type="METHOD" missed="0" covered="1"/></method><method name="getAccelerometerBiasUncertaintySource" desc="()Lcom/irurueta/navigation/inertial/calibration/AccelerometerBiasUncertaintySource;" line="104"><counter type="INSTRUCTION" missed="0" covered="3"/><counter type="LINE" missed="0" covered="1"/><counter type="COMPLEXITY" missed="0" covered="1"/><counter type="METHOD" missed="0" covered="1"/></method><method name="setAccelerometerBiasUncertaintySource" desc="(Lcom/irurueta/navigation/inertial/calibration/AccelerometerBiasUncertaintySource;)V" line="114"><counter type="INSTRUCTION" missed="0" covered="4"/><counter type="LINE" missed="0" covered="2"/><counter type="COMPLEXITY" missed="0" covered="1"/><counter type="METHOD" missed="0" covered="1"/></method><method name="getGyroscopeBiasUncertaintySource" desc="()Lcom/irurueta/navigation/inertial/calibration/GyroscopeBiasUncertaintySource;" line="123"><counter type="INSTRUCTION" missed="0" covered="3"/><counter type="LINE" missed="0" covered="1"/><counter type="COMPLEXITY" missed="0" covered="1"/><counter type="METHOD" missed="0" covered="1"/></method><method name="setGyroscopeBiasUncertaintySource" desc="(Lcom/irurueta/navigation/inertial/calibration/GyroscopeBiasUncertaintySource;)V" line="132"><counter type="INSTRUCTION" missed="0" covered="4"/><counter type="LINE" missed="0" covered="2"/><counter type="COMPLEXITY" missed="0" covered="1"/><counter type="METHOD" missed="0" covered="1"/></method><method name="getAttitudeUncertaintySource" desc="()Lcom/irurueta/navigation/inertial/calibration/AttitudeUncertaintySource;" line="141"><counter type="INSTRUCTION" missed="0" covered="3"/><counter type="LINE" missed="0" covered="1"/><counter type="COMPLEXITY" missed="0" covered="1"/><counter type="METHOD" missed="0" covered="1"/></method><method name="setAttitudeUncertaintySource" desc="(Lcom/irurueta/navigation/inertial/calibration/AttitudeUncertaintySource;)V" line="150"><counter type="INSTRUCTION" missed="0" covered="4"/><counter type="LINE" missed="0" covered="2"/><counter type="COMPLEXITY" missed="0" covered="1"/><counter type="METHOD" missed="0" covered="1"/></method><method name="getVelocityUncertaintySource" desc="()Lcom/irurueta/navigation/inertial/calibration/VelocityUncertaintySource;" line="159"><counter type="INSTRUCTION" missed="0" covered="3"/><counter type="LINE" missed="0" covered="1"/><counter type="COMPLEXITY" missed="0" covered="1"/><counter type="METHOD" missed="0" covered="1"/></method><method name="setVelocityUncertaintySource" desc="(Lcom/irurueta/navigation/inertial/calibration/VelocityUncertaintySource;)V" line="168"><counter type="INSTRUCTION" missed="0" covered="4"/><counter type="LINE" missed="0" covered="2"/><counter type="COMPLEXITY" missed="0" covered="1"/><counter type="METHOD" missed="0" covered="1"/></method><method name="getPositionUncertaintySource" desc="()Lcom/irurueta/navigation/inertial/calibration/PositionUncertaintySource;" line="177"><counter type="INSTRUCTION" missed="0" covered="3"/><counter type="LINE" missed="0" covered="1"/><counter type="COMPLEXITY" missed="0" covered="1"/><counter type="METHOD" missed="0" covered="1"/></method><method name="setPositionUncertaintySource" desc="(Lcom/irurueta/navigation/inertial/calibration/PositionUncertaintySource;)V" line="186"><counter type="INSTRUCTION" missed="0" covered="4"/><counter type="LINE" missed="0" covered="2"/><counter type="COMPLEXITY" missed="0" covered="1"/><counter type="METHOD" missed="0" covered="1"/></method><method name="isReady" desc="()Z" line="196"><counter type="INSTRUCTION" missed="0" covered="27"/><counter type="BRANCH" missed="5" covered="9"/><counter type="LINE" missed="0" covered="3"/><counter type="COMPLEXITY" missed="5" covered="3"/><counter type="METHOD" missed="0" covered="1"/></method><method name="create" desc="()Lcom/irurueta/navigation/inertial/INSLooselyCoupledKalmanInitializerConfig;" line="213"><counter type="INSTRUCTION" missed="0" covered="38"/><counter type="BRANCH" missed="0" covered="2"/><counter type="LINE" missed="0" covered="10"/><counter type="COMPLEXITY" missed="0" covered="2"/><counter type="METHOD" missed="0" covered="1"/></method><counter type="INSTRUCTION" missed="0" covered="129"/><counter type="BRANCH" missed="5" covered="11"/><counter type="LINE" missed="0" covered="39"/><counter type="COMPLEXITY" missed="5" covered="18"/><counter type="METHOD" missed="0" covered="15"/><counter type="CLASS" missed="0" covered="1"/></class><class name="com/irurueta/navigation/inertial/calibration/INSLooselyCoupledKalmanConfigCreator" sourcefilename="INSLooselyCoupledKalmanConfigCreator.java"><method name="&lt;init&gt;" desc="()V" line="67"><counter type="INSTRUCTION" missed="0" covered="3"/><counter type="LINE" missed="0" covered="2"/><counter type="COMPLEXITY" missed="0" covered="1"/><counter type="METHOD" missed="0" covered="1"/></method><method name="&lt;init&gt;" desc="(Lcom/irurueta/navigation/inertial/calibration/AccelerometerNoiseRootPsdSource;Lcom/irurueta/navigation/inertial/calibration/GyroscopeNoiseRootPsdSource;Lcom/irurueta/navigation/inertial/calibration/AccelerometerBiasRandomWalkSource;Lcom/irurueta/navigation/inertial/calibration/GyroscopeBiasRandomWalkSource;Lcom/irurueta/navigation/inertial/calibration/PositionNoiseStandardDeviationSource;Lcom/irurueta/navigation/inertial/calibration/VelocityNoiseStandardDeviationSource;)V" line="86"><counter type="INSTRUCTION" missed="0" covered="21"/><counter type="LINE" missed="0" covered="8"/><counter type="COMPLEXITY" missed="0" covered="1"/><counter type="METHOD" missed="0" covered="1"/></method><method name="&lt;init&gt;" desc="(Lcom/irurueta/navigation/inertial/calibration/generators/AccelerometerAndGyroscopeMeasurementsGenerator;Lcom/irurueta/navigation/inertial/calibration/RandomWalkEstimator;)V" line="105"><counter type="INSTRUCTION" missed="0" covered="9"/><counter type="LINE" missed="0" covered="2"/><counter type="COMPLEXITY" missed="0" covered="1"/><counter type="METHOD" missed="0" covered="1"/></method><method name="&lt;init&gt;" desc="(Lcom/irurueta/navigation/inertial/calibration/generators/AccelerometerGyroscopeAndMagnetometerMeasurementsGenerator;Lcom/irurueta/navigation/inertial/calibration/RandomWalkEstimator;)V" line="118"><counter type="INSTRUCTION" missed="0" covered="9"/><counter type="LINE" missed="0" covered="2"/><counter type="COMPLEXITY" missed="0" covered="1"/><counter type="METHOD" missed="0" covered="1"/></method><method name="&lt;init&gt;" desc="(Lcom/irurueta/navigation/inertial/calibration/intervals/thresholdfactor/AccelerometerAndGyroscopeIntervalDetectorThresholdFactorOptimizer;Lcom/irurueta/navigation/inertial/calibration/RandomWalkEstimator;)V" line="131"><counter type="INSTRUCTION" missed="0" covered="9"/><counter type="LINE" missed="0" covered="2"/><counter type="COMPLEXITY" missed="0" covered="1"/><counter type="METHOD" missed="0" covered="1"/></method><method name="&lt;init&gt;" desc="(Lcom/irurueta/navigation/inertial/calibration/intervals/thresholdfactor/AccelerometerGyroscopeAndMagnetometerIntervalDetectorThresholdFactorOptimizer;Lcom/irurueta/navigation/inertial/calibration/RandomWalkEstimator;)V" line="144"><counter type="INSTRUCTION" missed="0" covered="9"/><counter type="LINE" missed="0" covered="2"/><counter type="COMPLEXITY" missed="0" covered="1"/><counter type="METHOD" missed="0" covered="1"/></method><method name="getAccelerometerNoiseRootPsdSource" desc="()Lcom/irurueta/navigation/inertial/calibration/AccelerometerNoiseRootPsdSource;" line="153"><counter type="INSTRUCTION" missed="0" covered="3"/><counter type="LINE" missed="0" covered="1"/><counter type="COMPLEXITY" missed="0" covered="1"/><counter type="METHOD" missed="0" covered="1"/></method><method name="setAccelerometerNoiseRootPsdSource" desc="(Lcom/irurueta/navigation/inertial/calibration/AccelerometerNoiseRootPsdSource;)V" line="164"><counter type="INSTRUCTION" missed="0" covered="4"/><counter type="LINE" missed="0" covered="2"/><counter type="COMPLEXITY" missed="0" covered="1"/><counter type="METHOD" missed="0" covered="1"/></method><method name="getGyroscopeNoiseRootPsdSource" desc="()Lcom/irurueta/navigation/inertial/calibration/GyroscopeNoiseRootPsdSource;" line="173"><counter type="INSTRUCTION" missed="0" covered="3"/><counter type="LINE" missed="0" covered="1"/><counter type="COMPLEXITY" missed="0" covered="1"/><counter type="METHOD" missed="0" covered="1"/></method><method name="sstGyroscopeNoiseRootPsdSource" desc="(Lcom/irurueta/navigation/inertial/calibration/GyroscopeNoiseRootPsdSource;)V" line="183"><counter type="INSTRUCTION" missed="0" covered="4"/><counter type="LINE" missed="0" covered="2"/><counter type="COMPLEXITY" missed="0" covered="1"/><counter type="METHOD" missed="0" covered="1"/></method><method name="getAccelerometerBiasRandomWalkSource" desc="()Lcom/irurueta/navigation/inertial/calibration/AccelerometerBiasRandomWalkSource;" line="192"><counter type="INSTRUCTION" missed="0" covered="3"/><counter type="LINE" missed="0" covered="1"/><counter type="COMPLEXITY" missed="0" covered="1"/><counter type="METHOD" missed="0" covered="1"/></method><method name="setAccelerometerBiasRandomWalkSource" desc="(Lcom/irurueta/navigation/inertial/calibration/AccelerometerBiasRandomWalkSource;)V" line="203"><counter type="INSTRUCTION" missed="0" covered="4"/><counter type="LINE" missed="0" covered="2"/><counter type="COMPLEXITY" missed="0" covered="1"/><counter type="METHOD" missed="0" covered="1"/></method><method name="getGyroscopeBiasRandomWalkSource" desc="()Lcom/irurueta/navigation/inertial/calibration/GyroscopeBiasRandomWalkSource;" line="212"><counter type="INSTRUCTION" missed="0" covered="3"/><counter type="LINE" missed="0" covered="1"/><counter type="COMPLEXITY" missed="0" covered="1"/><counter type="METHOD" missed="0" covered="1"/></method><method name="setGyroscopeBiasRandomWalkSource" desc="(Lcom/irurueta/navigation/inertial/calibration/GyroscopeBiasRandomWalkSource;)V" line="222"><counter type="INSTRUCTION" missed="0" covered="4"/><counter type="LINE" missed="0" covered="2"/><counter type="COMPLEXITY" missed="0" covered="1"/><counter type="METHOD" missed="0" covered="1"/></method><method name="getPositionNoiseStandardDeviationSource" desc="()Lcom/irurueta/navigation/inertial/calibration/PositionNoiseStandardDeviationSource;" line="231"><counter type="INSTRUCTION" missed="0" covered="3"/><counter type="LINE" missed="0" covered="1"/><counter type="COMPLEXITY" missed="0" covered="1"/><counter type="METHOD" missed="0" covered="1"/></method><method name="setPositionNoiseStandardDeviationSource" desc="(Lcom/irurueta/navigation/inertial/calibration/PositionNoiseStandardDeviationSource;)V" line="242"><counter type="INSTRUCTION" missed="0" covered="4"/><counter type="LINE" missed="0" covered="2"/><counter type="COMPLEXITY" missed="0" covered="1"/><counter type="METHOD" missed="0" covered="1"/></method><method name="getVelocityNoiseStandardDeviationSource" desc="()Lcom/irurueta/navigation/inertial/calibration/VelocityNoiseStandardDeviationSource;" line="251"><counter type="INSTRUCTION" missed="0" covered="3"/><counter type="LINE" missed="0" covered="1"/><counter type="COMPLEXITY" missed="0" covered="1"/><counter type="METHOD" missed="0" covered="1"/></method><method name="setVelocityNoiseStandardDeviationSource" desc="(Lcom/irurueta/navigation/inertial/calibration/VelocityNoiseStandardDeviationSource;)V" line="262"><counter type="INSTRUCTION" missed="0" covered="4"/><counter type="LINE" missed="0" covered="2"/><counter type="COMPLEXITY" missed="0" covered="1"/><counter type="METHOD" missed="0" covered="1"/></method><method name="isReady" desc="()Z" line="272"><counter type="INSTRUCTION" missed="0" covered="22"/><counter type="BRANCH" missed="5" covered="7"/><counter type="LINE" missed="0" covered="1"/><counter type="COMPLEXITY" missed="5" covered="2"/><counter type="METHOD" missed="0" covered="1"/></method><method name="create" desc="()Lcom/irurueta/navigation/inertial/INSLooselyCoupledKalmanConfig;" line="288"><counter type="INSTRUCTION" missed="0" covered="45"/><counter type="BRANCH" missed="0" covered="2"/><counter type="LINE" missed="0" covered="9"/><counter type="COMPLEXITY" missed="0" covered="2"/><counter type="METHOD" missed="0" covered="1"/></method><counter type="INSTRUCTION" missed="0" covered="169"/><counter type="BRANCH" missed="5" covered="9"/><counter type="LINE" missed="0" covered="46"/><counter type="COMPLEXITY" missed="5" covered="22"/><counter type="METHOD" missed="0" covered="20"/><counter type="CLASS" missed="0" covered="1"/></class><class name="com/irurueta/navigation/inertial/calibration/BuildInfo" sourcefilename="BuildInfo.java"><method name="&lt;init&gt;" desc="()V" line="127"><counter type="INSTRUCTION" missed="6" covered="60"/><counter type="LINE" missed="2" covered="15"/><counter type="COMPLEXITY" missed="0" covered="1"/><counter type="METHOD" missed="0" covered="1"/></method><method name="getInstance" desc="()Lcom/irurueta/navigation/inertial/calibration/BuildInfo;" line="155"><counter type="INSTRUCTION" missed="0" covered="19"/><counter type="BRANCH" missed="1" covered="3"/><counter type="LINE" missed="0" covered="4"/><counter type="COMPLEXITY" missed="1" covered="2"/><counter type="METHOD" missed="0" covered="1"/></method><method name="getBuildTimestamp" desc="()Ljava/util/Date;" line="169"><counter type="INSTRUCTION" missed="0" covered="5"/><counter type="LINE" missed="0" covered="1"/><counter type="COMPLEXITY" missed="0" covered="1"/><counter type="METHOD" missed="0" covered="1"/></method><method name="getGroupId" desc="()Ljava/lang/String;" line="178"><counter type="INSTRUCTION" missed="0" covered="3"/><counter type="LINE" missed="0" covered="1"/><counter type="COMPLEXITY" missed="0" covered="1"/><counter type="METHOD" missed="0" covered="1"/></method><method name="getArtifactId" desc="()Ljava/lang/String;" line="187"><counter type="INSTRUCTION" missed="0" covered="3"/><counter type="LINE" missed="0" covered="1"/><counter type="COMPLEXITY" missed="0" covered="1"/><counter type="METHOD" missed="0" covered="1"/></method><method name="getVersion" desc="()Ljava/lang/String;" line="196"><counter type="INSTRUCTION" missed="0" covered="3"/><counter type="LINE" missed="0" covered="1"/><counter type="COMPLEXITY" missed="0" covered="1"/><counter type="METHOD" missed="0" covered="1"/></method><method name="getBuildNumber" desc="()Ljava/lang/String;" line="205"><counter type="INSTRUCTION" missed="0" covered="3"/><counter type="LINE" missed="0" covered="1"/><counter type="COMPLEXITY" missed="0" covered="1"/><counter type="METHOD" missed="0" covered="1"/></method><method name="getCommit" desc="()Ljava/lang/String;" line="214"><counter type="INSTRUCTION" missed="0" covered="3"/><counter type="LINE" missed="0" covered="1"/><counter type="COMPLEXITY" missed="0" covered="1"/><counter type="METHOD" missed="0" covered="1"/></method><method name="getBranch" desc="()Ljava/lang/String;" line="223"><counter type="INSTRUCTION" missed="0" covered="3"/><counter type="LINE" missed="0" covered="1"/><counter type="COMPLEXITY" missed="0" covered="1"/><counter type="METHOD" missed="0" covered="1"/></method><method name="&lt;clinit&gt;" desc="()V" line="34"><counter type="INSTRUCTION" missed="0" covered="5"/><counter type="LINE" missed="0" covered="1"/><counter type="COMPLEXITY" missed="0" covered="1"/><counter type="METHOD" missed="0" covered="1"/></method><counter type="INSTRUCTION" missed="6" covered="107"/><counter type="BRANCH" missed="1" covered="3"/><counter type="LINE" missed="2" covered="27"/><counter type="COMPLEXITY" missed="1" covered="11"/><counter type="METHOD" missed="0" covered="10"/><counter type="CLASS" missed="0" covered="1"/></class><class name="com/irurueta/navigation/inertial/calibration/RandomWalkEstimator" sourcefilename="RandomWalkEstimator.java"><method name="&lt;init&gt;" desc="()V" line="72"><counter type="INSTRUCTION" missed="0" covered="39"/><counter type="LINE" missed="0" covered="10"/><counter type="COMPLEXITY" missed="0" covered="1"/><counter type="METHOD" missed="0" covered="1"/></method><method name="&lt;init&gt;" desc="(Lcom/irurueta/navigation/inertial/calibration/RandomWalkEstimatorListener;)V" line="72"><counter type="INSTRUCTION" missed="0" covered="42"/><counter type="LINE" missed="0" covered="11"/><counter type="COMPLEXITY" missed="0" covered="1"/><counter type="METHOD" missed="0" covered="1"/></method><method name="&lt;init&gt;" desc="(Lcom/irurueta/navigation/inertial/calibration/AccelerationTriad;Lcom/irurueta/algebra/Matrix;Lcom/irurueta/navigation/inertial/calibration/AngularSpeedTriad;Lcom/irurueta/algebra/Matrix;)V" line="72"><counter type="INSTRUCTION" missed="1" covered="52"/><counter type="LINE" missed="1" covered="15"/><counter type="COMPLEXITY" missed="0" covered="1"/><counter type="METHOD" missed="0" covered="1"/></method><method name="&lt;init&gt;" desc="(Lcom/irurueta/navigation/inertial/calibration/AccelerationTriad;Lcom/irurueta/algebra/Matrix;Lcom/irurueta/navigation/inertial/calibration/AngularSpeedTriad;Lcom/irurueta/algebra/Matrix;Lcom/irurueta/navigation/inertial/calibration/RandomWalkEstimatorListener;)V" line="227"><counter type="INSTRUCTION" missed="0" covered="10"/><counter type="LINE" missed="0" covered="3"/><counter type="COMPLEXITY" missed="0" covered="1"/><counter type="METHOD" missed="0" covered="1"/></method><method name="&lt;init&gt;" desc="(Lcom/irurueta/navigation/inertial/calibration/AccelerationTriad;Lcom/irurueta/algebra/Matrix;Lcom/irurueta/navigation/inertial/calibration/AngularSpeedTriad;Lcom/irurueta/algebra/Matrix;Lcom/irurueta/algebra/Matrix;)V" line="249"><counter type="INSTRUCTION" missed="1" covered="11"/><counter type="LINE" missed="1" covered="4"/><counter type="COMPLEXITY" missed="0" covered="1"/><counter type="METHOD" missed="0" covered="1"/></method><method name="&lt;init&gt;" desc="(Lcom/irurueta/navigation/inertial/calibration/AccelerationTriad;Lcom/irurueta/algebra/Matrix;Lcom/irurueta/navigation/inertial/calibration/AngularSpeedTriad;Lcom/irurueta/algebra/Matrix;Lcom/irurueta/algebra/Matrix;Lcom/irurueta/navigation/inertial/calibration/RandomWalkEstimatorListener;)V" line="277"><counter type="INSTRUCTION" missed="0" covered="11"/><counter type="LINE" missed="0" covered="3"/><counter type="COMPLEXITY" missed="0" covered="1"/><counter type="METHOD" missed="0" covered="1"/></method><method name="&lt;init&gt;" desc="(Lcom/irurueta/algebra/Matrix;Lcom/irurueta/algebra/Matrix;Lcom/irurueta/algebra/Matrix;Lcom/irurueta/algebra/Matrix;)V" line="72"><counter type="INSTRUCTION" missed="1" covered="52"/><counter type="LINE" missed="1" covered="15"/><counter type="COMPLEXITY" missed="0" covered="1"/><counter type="METHOD" missed="0" covered="1"/></method><method name="&lt;init&gt;" desc="(Lcom/irurueta/algebra/Matrix;Lcom/irurueta/algebra/Matrix;Lcom/irurueta/algebra/Matrix;Lcom/irurueta/algebra/Matrix;Lcom/irurueta/navigation/inertial/calibration/RandomWalkEstimatorListener;)V" line="331"><counter type="INSTRUCTION" missed="0" covered="10"/><counter type="LINE" missed="0" covered="3"/><counter type="COMPLEXITY" missed="0" covered="1"/><counter type="METHOD" missed="0" covered="1"/></method><method name="&lt;init&gt;" desc="(Lcom/irurueta/algebra/Matrix;Lcom/irurueta/algebra/Matrix;Lcom/irurueta/algebra/Matrix;Lcom/irurueta/algebra/Matrix;Lcom/irurueta/algebra/Matrix;)V" line="356"><counter type="INSTRUCTION" missed="1" covered="11"/><counter type="LINE" missed="1" covered="4"/><counter type="COMPLEXITY" missed="0" covered="1"/><counter type="METHOD" missed="0" covered="1"/></method><method name="&lt;init&gt;" desc="(Lcom/irurueta/algebra/Matrix;Lcom/irurueta/algebra/Matrix;Lcom/irurueta/algebra/Matrix;Lcom/irurueta/algebra/Matrix;Lcom/irurueta/algebra/Matrix;Lcom/irurueta/navigation/inertial/calibration/RandomWalkEstimatorListener;)V" line="387"><counter type="INSTRUCTION" missed="0" covered="11"/><counter type="LINE" missed="0" covered="3"/><counter type="COMPLEXITY" missed="0" covered="1"/><counter type="METHOD" missed="0" covered="1"/></method><method name="&lt;init&gt;" desc="(Lcom/irurueta/navigation/frames/NEDPosition;Lcom/irurueta/navigation/frames/CoordinateTransformation;)V" line="72"><counter type="INSTRUCTION" missed="1" covered="44"/><counter type="LINE" missed="1" covered="12"/><counter type="COMPLEXITY" missed="0" covered="1"/><counter type="METHOD" missed="0" covered="1"/></method><method name="&lt;init&gt;" desc="(Lcom/irurueta/navigation/frames/NEDPosition;Lcom/irurueta/navigation/frames/CoordinateTransformation;Lcom/irurueta/navigation/inertial/calibration/RandomWalkEstimatorListener;)V" line="426"><counter type="INSTRUCTION" missed="0" covered="8"/><counter type="LINE" missed="0" covered="3"/><counter type="COMPLEXITY" missed="0" covered="1"/><counter type="METHOD" missed="0" covered="1"/></method><method name="&lt;init&gt;" desc="(Lcom/irurueta/navigation/frames/NEDPosition;Lcom/irurueta/navigation/frames/CoordinateTransformation;Lcom/irurueta/navigation/inertial/calibration/AccelerationTriad;Lcom/irurueta/algebra/Matrix;Lcom/irurueta/navigation/inertial/calibration/AngularSpeedTriad;Lcom/irurueta/algebra/Matrix;)V" line="454"><counter type="INSTRUCTION" missed="1" covered="18"/><counter type="LINE" missed="1" covered="7"/><counter type="COMPLEXITY" missed="0" covered="1"/><counter type="METHOD" missed="0" covered="1"/></method><method name="&lt;init&gt;" desc="(Lcom/irurueta/navigation/frames/NEDPosition;Lcom/irurueta/navigation/frames/CoordinateTransformation;Lcom/irurueta/navigation/inertial/calibration/AccelerationTriad;Lcom/irurueta/algebra/Matrix;Lcom/irurueta/navigation/inertial/calibration/AngularSpeedTriad;Lcom/irurueta/algebra/Matrix;Lcom/irurueta/navigation/inertial/calibration/RandomWalkEstimatorListener;)V" line="492"><counter type="INSTRUCTION" missed="0" covered="12"/><counter type="LINE" missed="0" covered="3"/><counter type="COMPLEXITY" missed="0" covered="1"/><counter type="METHOD" missed="0" covered="1"/></method><method name="&lt;init&gt;" desc="(Lcom/irurueta/navigation/frames/NEDPosition;Lcom/irurueta/navigation/frames/CoordinateTransformation;Lcom/irurueta/navigation/inertial/calibration/AccelerationTriad;Lcom/irurueta/algebra/Matrix;Lcom/irurueta/navigation/inertial/calibration/AngularSpeedTriad;Lcom/irurueta/algebra/Matrix;Lcom/irurueta/algebra/Matrix;)V" line="522"><counter type="INSTRUCTION" missed="1" covered="21"/><counter type="LINE" missed="1" covered="8"/><counter type="COMPLEXITY" missed="0" covered="1"/><counter type="METHOD" missed="0" covered="1"/></method><method name="&lt;init&gt;" desc="(Lcom/irurueta/navigation/frames/NEDPosition;Lcom/irurueta/navigation/frames/CoordinateTransformation;Lcom/irurueta/navigation/inertial/calibration/AccelerationTriad;Lcom/irurueta/algebra/Matrix;Lcom/irurueta/navigation/inertial/calibration/AngularSpeedTriad;Lcom/irurueta/algebra/Matrix;Lcom/irurueta/algebra/Matrix;Lcom/irurueta/navigation/inertial/calibration/RandomWalkEstimatorListener;)V" line="563"><counter type="INSTRUCTION" missed="0" covered="13"/><counter type="LINE" missed="0" covered="3"/><counter type="COMPLEXITY" missed="0" covered="1"/><counter type="METHOD" missed="0" covered="1"/></method><method name="&lt;init&gt;" desc="(Lcom/irurueta/navigation/frames/NEDPosition;Lcom/irurueta/navigation/frames/CoordinateTransformation;Lcom/irurueta/algebra/Matrix;Lcom/irurueta/algebra/Matrix;Lcom/irurueta/algebra/Matrix;Lcom/irurueta/algebra/Matrix;)V" line="593"><counter type="INSTRUCTION" missed="1" covered="18"/><counter type="LINE" missed="1" covered="7"/><counter type="COMPLEXITY" missed="0" covered="1"/><counter type="METHOD" missed="0" covered="1"/></method><method name="&lt;init&gt;" desc="(Lcom/irurueta/navigation/frames/NEDPosition;Lcom/irurueta/navigation/frames/CoordinateTransformation;Lcom/irurueta/algebra/Matrix;Lcom/irurueta/algebra/Matrix;Lcom/irurueta/algebra/Matrix;Lcom/irurueta/algebra/Matrix;Lcom/irurueta/navigation/inertial/calibration/RandomWalkEstimatorListener;)V" line="633"><counter type="INSTRUCTION" missed="0" covered="12"/><counter type="LINE" missed="0" covered="3"/><counter type="COMPLEXITY" missed="0" covered="1"/><counter type="METHOD" missed="0" covered="1"/></method><method name="&lt;init&gt;" desc="(Lcom/irurueta/navigation/frames/NEDPosition;Lcom/irurueta/navigation/frames/CoordinateTransformation;Lcom/irurueta/algebra/Matrix;Lcom/irurueta/algebra/Matrix;Lcom/irurueta/algebra/Matrix;Lcom/irurueta/algebra/Matrix;Lcom/irurueta/algebra/Matrix;)V" line="665"><counter type="INSTRUCTION" missed="1" covered="13"/><counter type="LINE" missed="1" covered="4"/><counter type="COMPLEXITY" missed="0" covered="1"/><counter type="METHOD" missed="0" covered="1"/></method><method name="&lt;init&gt;" desc="(Lcom/irurueta/navigation/frames/NEDPosition;Lcom/irurueta/navigation/frames/CoordinateTransformation;Lcom/irurueta/algebra/Matrix;Lcom/irurueta/algebra/Matrix;Lcom/irurueta/algebra/Matrix;Lcom/irurueta/algebra/Matrix;Lcom/irurueta/algebra/Matrix;Lcom/irurueta/navigation/inertial/calibration/RandomWalkEstimatorListener;)V" line="704"><counter type="INSTRUCTION" missed="0" covered="13"/><counter type="LINE" missed="0" covered="3"/><counter type="COMPLEXITY" missed="0" covered="1"/><counter type="METHOD" missed="0" covered="1"/></method><method name="&lt;init&gt;" desc="(Lcom/irurueta/navigation/frames/ECEFPosition;Lcom/irurueta/navigation/frames/CoordinateTransformation;)V" line="72"><counter type="INSTRUCTION" missed="1" covered="44"/><counter type="LINE" missed="1" covered="12"/><counter type="COMPLEXITY" missed="0" covered="1"/><counter type="METHOD" missed="0" covered="1"/></method><method name="&lt;init&gt;" desc="(Lcom/irurueta/navigation/frames/ECEFPosition;Lcom/irurueta/navigation/frames/CoordinateTransformation;Lcom/irurueta/navigation/inertial/calibration/RandomWalkEstimatorListener;)V" line="743"><counter type="INSTRUCTION" missed="0" covered="8"/><counter type="LINE" missed="0" covered="3"/><counter type="COMPLEXITY" missed="0" covered="1"/><counter type="METHOD" missed="0" covered="1"/></method><method name="&lt;init&gt;" desc="(Lcom/irurueta/navigation/frames/ECEFPosition;Lcom/irurueta/navigation/frames/CoordinateTransformation;Lcom/irurueta/navigation/inertial/calibration/AccelerationTriad;Lcom/irurueta/algebra/Matrix;Lcom/irurueta/navigation/inertial/calibration/AngularSpeedTriad;Lcom/irurueta/algebra/Matrix;)V" line="771"><counter type="INSTRUCTION" missed="1" covered="18"/><counter type="LINE" missed="1" covered="7"/><counter type="COMPLEXITY" missed="0" covered="1"/><counter type="METHOD" missed="0" covered="1"/></method><method name="&lt;init&gt;" desc="(Lcom/irurueta/navigation/frames/ECEFPosition;Lcom/irurueta/navigation/frames/CoordinateTransformation;Lcom/irurueta/navigation/inertial/calibration/AccelerationTriad;Lcom/irurueta/algebra/Matrix;Lcom/irurueta/navigation/inertial/calibration/AngularSpeedTriad;Lcom/irurueta/algebra/Matrix;Lcom/irurueta/navigation/inertial/calibration/RandomWalkEstimatorListener;)V" line="809"><counter type="INSTRUCTION" missed="0" covered="12"/><counter type="LINE" missed="0" covered="3"/><counter type="COMPLEXITY" missed="0" covered="1"/><counter type="METHOD" missed="0" covered="1"/></method><method name="&lt;init&gt;" desc="(Lcom/irurueta/navigation/frames/ECEFPosition;Lcom/irurueta/navigation/frames/CoordinateTransformation;Lcom/irurueta/navigation/inertial/calibration/AccelerationTriad;Lcom/irurueta/algebra/Matrix;Lcom/irurueta/navigation/inertial/calibration/AngularSpeedTriad;Lcom/irurueta/algebra/Matrix;Lcom/irurueta/algebra/Matrix;)V" line="839"><counter type="INSTRUCTION" missed="1" covered="21"/><counter type="LINE" missed="1" covered="8"/><counter type="COMPLEXITY" missed="0" covered="1"/><counter type="METHOD" missed="0" covered="1"/></method><method name="&lt;init&gt;" desc="(Lcom/irurueta/navigation/frames/ECEFPosition;Lcom/irurueta/navigation/frames/CoordinateTransformation;Lcom/irurueta/navigation/inertial/calibration/AccelerationTriad;Lcom/irurueta/algebra/Matrix;Lcom/irurueta/navigation/inertial/calibration/AngularSpeedTriad;Lcom/irurueta/algebra/Matrix;Lcom/irurueta/algebra/Matrix;Lcom/irurueta/navigation/inertial/calibration/RandomWalkEstimatorListener;)V" line="880"><counter type="INSTRUCTION" missed="0" covered="13"/><counter type="LINE" missed="0" covered="3"/><counter type="COMPLEXITY" missed="0" covered="1"/><counter type="METHOD" missed="0" covered="1"/></method><method name="&lt;init&gt;" desc="(Lcom/irurueta/navigation/frames/ECEFPosition;Lcom/irurueta/navigation/frames/CoordinateTransformation;Lcom/irurueta/algebra/Matrix;Lcom/irurueta/algebra/Matrix;Lcom/irurueta/algebra/Matrix;Lcom/irurueta/algebra/Matrix;)V" line="908"><counter type="INSTRUCTION" missed="1" covered="18"/><counter type="LINE" missed="1" covered="7"/><counter type="COMPLEXITY" missed="0" covered="1"/><counter type="METHOD" missed="0" covered="1"/></method><method name="&lt;init&gt;" desc="(Lcom/irurueta/navigation/frames/ECEFPosition;Lcom/irurueta/navigation/frames/CoordinateTransformation;Lcom/irurueta/algebra/Matrix;Lcom/irurueta/algebra/Matrix;Lcom/irurueta/algebra/Matrix;Lcom/irurueta/algebra/Matrix;Lcom/irurueta/navigation/inertial/calibration/RandomWalkEstimatorListener;)V" line="946"><counter type="INSTRUCTION" missed="0" covered="12"/><counter type="LINE" missed="0" covered="3"/><counter type="COMPLEXITY" missed="0" covered="1"/><counter type="METHOD" missed="0" covered="1"/></method><method name="&lt;init&gt;" desc="(Lcom/irurueta/navigation/frames/ECEFPosition;Lcom/irurueta/navigation/frames/CoordinateTransformation;Lcom/irurueta/algebra/Matrix;Lcom/irurueta/algebra/Matrix;Lcom/irurueta/algebra/Matrix;Lcom/irurueta/algebra/Matrix;Lcom/irurueta/algebra/Matrix;)V" line="976"><counter type="INSTRUCTION" missed="1" covered="13"/><counter type="LINE" missed="1" covered="4"/><counter type="COMPLEXITY" missed="0" covered="1"/><counter type="METHOD" missed="0" covered="1"/></method><method name="&lt;init&gt;" desc="(Lcom/irurueta/navigation/frames/ECEFPosition;Lcom/irurueta/navigation/frames/CoordinateTransformation;Lcom/irurueta/algebra/Matrix;Lcom/irurueta/algebra/Matrix;Lcom/irurueta/algebra/Matrix;Lcom/irurueta/algebra/Matrix;Lcom/irurueta/algebra/Matrix;Lcom/irurueta/navigation/inertial/calibration/RandomWalkEstimatorListener;)V" line="1013"><counter type="INSTRUCTION" missed="0" covered="13"/><counter type="LINE" missed="0" covered="3"/><counter type="COMPLEXITY" missed="0" covered="1"/><counter type="METHOD" missed="0" covered="1"/></method><method name="&lt;init&gt;" desc="(Lcom/irurueta/navigation/frames/NEDPosition;Lcom/irurueta/navigation/frames/CoordinateTransformation;Lcom/irurueta/navigation/inertial/calibration/AccelerationTriad;Lcom/irurueta/algebra/Matrix;Lcom/irurueta/navigation/inertial/calibration/AngularSpeedTriad;Lcom/irurueta/algebra/Matrix;D)V" line="1044"><counter type="INSTRUCTION" missed="1" covered="13"/><counter type="LINE" missed="1" covered="4"/><counter type="COMPLEXITY" missed="0" covered="1"/><counter type="METHOD" missed="0" covered="1"/></method><method name="&lt;init&gt;" desc="(Lcom/irurueta/navigation/frames/NEDPosition;Lcom/irurueta/navigation/frames/CoordinateTransformation;Lcom/irurueta/navigation/inertial/calibration/AccelerationTriad;Lcom/irurueta/algebra/Matrix;Lcom/irurueta/navigation/inertial/calibration/AngularSpeedTriad;Lcom/irurueta/algebra/Matrix;DLcom/irurueta/navigation/inertial/calibration/RandomWalkEstimatorListener;)V" line="1082"><counter type="INSTRUCTION" missed="0" covered="13"/><counter type="LINE" missed="0" covered="3"/><counter type="COMPLEXITY" missed="0" covered="1"/><counter type="METHOD" missed="0" covered="1"/></method><method name="&lt;init&gt;" desc="(Lcom/irurueta/navigation/frames/NEDPosition;Lcom/irurueta/navigation/frames/CoordinateTransformation;Lcom/irurueta/navigation/inertial/calibration/AccelerationTriad;Lcom/irurueta/algebra/Matrix;Lcom/irurueta/navigation/inertial/calibration/AngularSpeedTriad;Lcom/irurueta/algebra/Matrix;Lcom/irurueta/algebra/Matrix;D)V" line="1115"><counter type="INSTRUCTION" missed="1" covered="14"/><counter type="LINE" missed="1" covered="4"/><counter type="COMPLEXITY" missed="0" covered="1"/><counter type="METHOD" missed="0" covered="1"/></method><method name="&lt;init&gt;" desc="(Lcom/irurueta/navigation/frames/NEDPosition;Lcom/irurueta/navigation/frames/CoordinateTransformation;Lcom/irurueta/navigation/inertial/calibration/AccelerationTriad;Lcom/irurueta/algebra/Matrix;Lcom/irurueta/navigation/inertial/calibration/AngularSpeedTriad;Lcom/irurueta/algebra/Matrix;Lcom/irurueta/algebra/Matrix;DLcom/irurueta/navigation/inertial/calibration/RandomWalkEstimatorListener;)V" line="1155"><counter type="INSTRUCTION" missed="0" covered="14"/><counter type="LINE" missed="0" covered="3"/><counter type="COMPLEXITY" missed="0" covered="1"/><counter type="METHOD" missed="0" covered="1"/></method><method name="&lt;init&gt;" desc="(Lcom/irurueta/navigation/frames/NEDPosition;Lcom/irurueta/navigation/frames/CoordinateTransformation;Lcom/irurueta/algebra/Matrix;Lcom/irurueta/algebra/Matrix;Lcom/irurueta/algebra/Matrix;Lcom/irurueta/algebra/Matrix;D)V" line="1188"><counter type="INSTRUCTION" missed="1" covered="13"/><counter type="LINE" missed="1" covered="4"/><counter type="COMPLEXITY" missed="0" covered="1"/><counter type="METHOD" missed="0" covered="1"/></method><method name="&lt;init&gt;" desc="(Lcom/irurueta/navigation/frames/NEDPosition;Lcom/irurueta/navigation/frames/CoordinateTransformation;Lcom/irurueta/algebra/Matrix;Lcom/irurueta/algebra/Matrix;Lcom/irurueta/algebra/Matrix;Lcom/irurueta/algebra/Matrix;DLcom/irurueta/navigation/inertial/calibration/RandomWalkEstimatorListener;)V" line="1228"><counter type="INSTRUCTION" missed="0" covered="13"/><counter type="LINE" missed="0" covered="3"/><counter type="COMPLEXITY" missed="0" covered="1"/><counter type="METHOD" missed="0" covered="1"/></method><method name="&lt;init&gt;" desc="(Lcom/irurueta/navigation/frames/NEDPosition;Lcom/irurueta/navigation/frames/CoordinateTransformation;Lcom/irurueta/algebra/Matrix;Lcom/irurueta/algebra/Matrix;Lcom/irurueta/algebra/Matrix;Lcom/irurueta/algebra/Matrix;Lcom/irurueta/algebra/Matrix;D)V" line="1263"><counter type="INSTRUCTION" missed="1" covered="14"/><counter type="LINE" missed="1" covered="4"/><counter type="COMPLEXITY" missed="0" covered="1"/><counter type="METHOD" missed="0" covered="1"/></method><method name="&lt;init&gt;" desc="(Lcom/irurueta/navigation/frames/NEDPosition;Lcom/irurueta/navigation/frames/CoordinateTransformation;Lcom/irurueta/algebra/Matrix;Lcom/irurueta/algebra/Matrix;Lcom/irurueta/algebra/Matrix;Lcom/irurueta/algebra/Matrix;Lcom/irurueta/algebra/Matrix;DLcom/irurueta/navigation/inertial/calibration/RandomWalkEstimatorListener;)V" line="1305"><counter type="INSTRUCTION" missed="0" covered="14"/><counter type="LINE" missed="0" covered="3"/><counter type="COMPLEXITY" missed="0" covered="1"/><counter type="METHOD" missed="0" covered="1"/></method><method name="&lt;init&gt;" desc="(Lcom/irurueta/navigation/frames/ECEFPosition;Lcom/irurueta/navigation/frames/CoordinateTransformation;Lcom/irurueta/navigation/inertial/calibration/AccelerationTriad;Lcom/irurueta/algebra/Matrix;Lcom/irurueta/navigation/inertial/calibration/AngularSpeedTriad;Lcom/irurueta/algebra/Matrix;D)V" line="1336"><counter type="INSTRUCTION" missed="1" covered="13"/><counter type="LINE" missed="1" covered="4"/><counter type="COMPLEXITY" missed="0" covered="1"/><counter type="METHOD" missed="0" covered="1"/></method><method name="&lt;init&gt;" desc="(Lcom/irurueta/navigation/frames/ECEFPosition;Lcom/irurueta/navigation/frames/CoordinateTransformation;Lcom/irurueta/navigation/inertial/calibration/AccelerationTriad;Lcom/irurueta/algebra/Matrix;Lcom/irurueta/navigation/inertial/calibration/AngularSpeedTriad;Lcom/irurueta/algebra/Matrix;DLcom/irurueta/navigation/inertial/calibration/RandomWalkEstimatorListener;)V" line="1374"><counter type="INSTRUCTION" missed="0" covered="13"/><counter type="LINE" missed="0" covered="3"/><counter type="COMPLEXITY" missed="0" covered="1"/><counter type="METHOD" missed="0" covered="1"/></method><method name="&lt;init&gt;" desc="(Lcom/irurueta/navigation/frames/ECEFPosition;Lcom/irurueta/navigation/frames/CoordinateTransformation;Lcom/irurueta/navigation/inertial/calibration/AccelerationTriad;Lcom/irurueta/algebra/Matrix;Lcom/irurueta/navigation/inertial/calibration/AngularSpeedTriad;Lcom/irurueta/algebra/Matrix;Lcom/irurueta/algebra/Matrix;D)V" line="1408"><counter type="INSTRUCTION" missed="1" covered="14"/><counter type="LINE" missed="1" covered="4"/><counter type="COMPLEXITY" missed="0" covered="1"/><counter type="METHOD" missed="0" covered="1"/></method><method name="&lt;init&gt;" desc="(Lcom/irurueta/navigation/frames/ECEFPosition;Lcom/irurueta/navigation/frames/CoordinateTransformation;Lcom/irurueta/navigation/inertial/calibration/AccelerationTriad;Lcom/irurueta/algebra/Matrix;Lcom/irurueta/navigation/inertial/calibration/AngularSpeedTriad;Lcom/irurueta/algebra/Matrix;Lcom/irurueta/algebra/Matrix;DLcom/irurueta/navigation/inertial/calibration/RandomWalkEstimatorListener;)V" line="1448"><counter type="INSTRUCTION" missed="0" covered="14"/><counter type="LINE" missed="0" covered="3"/><counter type="COMPLEXITY" missed="0" covered="1"/><counter type="METHOD" missed="0" covered="1"/></method><method name="&lt;init&gt;" desc="(Lcom/irurueta/navigation/frames/ECEFPosition;Lcom/irurueta/navigation/frames/CoordinateTransformation;Lcom/irurueta/algebra/Matrix;Lcom/irurueta/algebra/Matrix;Lcom/irurueta/algebra/Matrix;Lcom/irurueta/algebra/Matrix;D)V" line="1479"><counter type="INSTRUCTION" missed="1" covered="13"/><counter type="LINE" missed="1" covered="4"/><counter type="COMPLEXITY" missed="0" covered="1"/><counter type="METHOD" missed="0" covered="1"/></method><method name="&lt;init&gt;" desc="(Lcom/irurueta/navigation/frames/ECEFPosition;Lcom/irurueta/navigation/frames/CoordinateTransformation;Lcom/irurueta/algebra/Matrix;Lcom/irurueta/algebra/Matrix;Lcom/irurueta/algebra/Matrix;Lcom/irurueta/algebra/Matrix;DLcom/irurueta/navigation/inertial/calibration/RandomWalkEstimatorListener;)V" line="1517"><counter type="INSTRUCTION" missed="0" covered="13"/><counter type="LINE" missed="0" covered="3"/><counter type="COMPLEXITY" missed="0" covered="1"/><counter type="METHOD" missed="0" covered="1"/></method><method name="&lt;init&gt;" desc="(Lcom/irurueta/navigation/frames/ECEFPosition;Lcom/irurueta/navigation/frames/CoordinateTransformation;Lcom/irurueta/algebra/Matrix;Lcom/irurueta/algebra/Matrix;Lcom/irurueta/algebra/Matrix;Lcom/irurueta/algebra/Matrix;Lcom/irurueta/algebra/Matrix;D)V" line="1550"><counter type="INSTRUCTION" missed="1" covered="14"/><counter type="LINE" missed="1" covered="4"/><counter type="COMPLEXITY" missed="0" covered="1"/><counter type="METHOD" missed="0" covered="1"/></method><method name="&lt;init&gt;" desc="(Lcom/irurueta/navigation/frames/ECEFPosition;Lcom/irurueta/navigation/frames/CoordinateTransformation;Lcom/irurueta/algebra/Matrix;Lcom/irurueta/algebra/Matrix;Lcom/irurueta/algebra/Matrix;Lcom/irurueta/algebra/Matrix;Lcom/irurueta/algebra/Matrix;DLcom/irurueta/navigation/inertial/calibration/RandomWalkEstimatorListener;)V" line="1590"><counter type="INSTRUCTION" missed="0" covered="14"/><counter type="LINE" missed="0" covered="3"/><counter type="COMPLEXITY" missed="0" covered="1"/><counter type="METHOD" missed="0" covered="1"/></method><method name="getListener" desc="()Lcom/irurueta/navigation/inertial/calibration/RandomWalkEstimatorListener;" line="1600"><counter type="INSTRUCTION" missed="0" covered="3"/><counter type="LINE" missed="0" covered="1"/><counter type="COMPLEXITY" missed="0" covered="1"/><counter type="METHOD" missed="0" covered="1"/></method><method name="setListener" desc="(Lcom/irurueta/navigation/inertial/calibration/RandomWalkEstimatorListener;)V" line="1610"><counter type="INSTRUCTION" missed="0" covered="11"/><counter type="BRANCH" missed="0" covered="2"/><counter type="LINE" missed="0" covered="4"/><counter type="COMPLEXITY" missed="0" covered="2"/><counter type="METHOD" missed="0" covered="1"/></method><method name="getAccelerationBias" desc="()Lcom/irurueta/algebra/Matrix;" line="1623"><counter type="INSTRUCTION" missed="0" covered="4"/><counter type="LINE" missed="0" covered="1"/><counter type="COMPLEXITY" missed="0" covered="1"/><counter type="METHOD" missed="0" covered="1"/></method><method name="getAccelerationBias" desc="(Lcom/irurueta/algebra/Matrix;)V" line="1632"><counter type="INSTRUCTION" missed="0" covered="5"/><counter type="LINE" missed="0" covered="2"/><counter type="COMPLEXITY" missed="0" covered="1"/><counter type="METHOD" missed="0" covered="1"/></method><method name="setAccelerationBias" desc="(Lcom/irurueta/algebra/Matrix;)V" line="1644"><counter type="INSTRUCTION" missed="0" covered="16"/><counter type="BRANCH" missed="0" covered="2"/><counter type="LINE" missed="0" covered="5"/><counter type="COMPLEXITY" missed="0" covered="2"/><counter type="METHOD" missed="0" covered="1"/></method><method name="getAccelerationBiasArray" desc="()[D" line="1658"><counter type="INSTRUCTION" missed="0" covered="4"/><counter type="LINE" missed="0" covered="1"/><counter type="COMPLEXITY" missed="0" covered="1"/><counter type="METHOD" missed="0" covered="1"/></method><method name="getAccelerationBiasArray" desc="([D)V" line="1668"><counter type="INSTRUCTION" missed="0" covered="5"/><counter type="LINE" missed="0" covered="2"/><counter type="COMPLEXITY" missed="0" covered="1"/><counter type="METHOD" missed="0" covered="1"/></method><method name="setAccelerationBias" desc="([D)V" line="1680"><counter type="INSTRUCTION" missed="0" covered="16"/><counter type="BRANCH" missed="0" covered="2"/><counter type="LINE" missed="0" covered="5"/><counter type="COMPLEXITY" missed="0" covered="2"/><counter type="METHOD" missed="0" covered="1"/></method><method name="getAccelerationBiasAsTriad" desc="()Lcom/irurueta/navigation/inertial/calibration/AccelerationTriad;" line="1694"><counter type="INSTRUCTION" missed="0" covered="4"/><counter type="LINE" missed="0" covered="1"/><counter type="COMPLEXITY" missed="0" covered="1"/><counter type="METHOD" missed="0" covered="1"/></method><method name="getAccelerationBiasAsTriad" desc="(Lcom/irurueta/navigation/inertial/calibration/AccelerationTriad;)V" line="1703"><counter type="INSTRUCTION" missed="0" covered="5"/><counter type="LINE" missed="0" covered="2"/><counter type="COMPLEXITY" missed="0" covered="1"/><counter type="METHOD" missed="0" covered="1"/></method><method name="setAccelerationBias" desc="(Lcom/irurueta/navigation/inertial/calibration/AccelerationTriad;)V" line="1713"><counter type="INSTRUCTION" missed="0" covered="16"/><counter type="BRANCH" missed="0" covered="2"/><counter type="LINE" missed="0" covered="5"/><counter type="COMPLEXITY" missed="0" covered="2"/><counter type="METHOD" missed="0" covered="1"/></method><method name="getAccelerationBiasX" desc="()D" line="1728"><counter type="INSTRUCTION" missed="0" covered="4"/><counter type="LINE" missed="0" covered="1"/><counter type="COMPLEXITY" missed="0" covered="1"/><counter type="METHOD" missed="0" covered="1"/></method><method name="setAccelerationBiasX" desc="(D)V" line="1740"><counter type="INSTRUCTION" missed="0" covered="16"/><counter type="BRANCH" missed="0" covered="2"/><counter type="LINE" missed="0" covered="5"/><counter type="COMPLEXITY" missed="0" covered="2"/><counter type="METHOD" missed="0" covered="1"/></method><method name="getAccelerationBiasY" desc="()D" line="1755"><counter type="INSTRUCTION" missed="0" covered="4"/><counter type="LINE" missed="0" covered="1"/><counter type="COMPLEXITY" missed="0" covered="1"/><counter type="METHOD" missed="0" covered="1"/></method><method name="setAccelerationBiasY" desc="(D)V" line="1767"><counter type="INSTRUCTION" missed="0" covered="16"/><counter type="BRANCH" missed="0" covered="2"/><counter type="LINE" missed="0" covered="5"/><counter type="COMPLEXITY" missed="0" covered="2"/><counter type="METHOD" missed="0" covered="1"/></method><method name="getAccelerationBiasZ" desc="()D" line="1782"><counter type="INSTRUCTION" missed="0" covered="4"/><counter type="LINE" missed="0" covered="1"/><counter type="COMPLEXITY" missed="0" covered="1"/><counter type="METHOD" missed="0" covered="1"/></method><method name="setAccelerationBiasZ" desc="(D)V" line="1793"><counter type="INSTRUCTION" missed="0" covered="16"/><counter type="BRANCH" missed="0" covered="2"/><counter type="LINE" missed="0" covered="5"/><counter type="COMPLEXITY" missed="0" covered="2"/><counter type="METHOD" missed="0" covered="1"/></method><method name="setAccelerationBias" desc="(DDD)V" line="1812"><counter type="INSTRUCTION" missed="0" covered="20"/><counter type="BRANCH" missed="0" covered="2"/><counter type="LINE" missed="0" covered="5"/><counter type="COMPLEXITY" missed="0" covered="2"/><counter type="METHOD" missed="0" covered="1"/></method><method name="getAccelerationBiasXAsAcceleration" desc="()Lcom/irurueta/units/Acceleration;" line="1826"><counter type="INSTRUCTION" missed="0" covered="4"/><counter type="LINE" missed="0" covered="1"/><counter type="COMPLEXITY" missed="0" covered="1"/><counter type="METHOD" missed="0" covered="1"/></method><method name="getAccelerationBiasXAsAcceleration" desc="(Lcom/irurueta/units/Acceleration;)V" line="1835"><counter type="INSTRUCTION" missed="0" covered="5"/><counter type="LINE" missed="0" covered="2"/><counter type="COMPLEXITY" missed="0" covered="1"/><counter type="METHOD" missed="0" covered="1"/></method><method name="setAccelerationBiasX" desc="(Lcom/irurueta/units/Acceleration;)V" line="1845"><counter type="INSTRUCTION" missed="0" covered="16"/><counter type="BRANCH" missed="0" covered="2"/><counter type="LINE" missed="0" covered="5"/><counter type="COMPLEXITY" missed="0" covered="2"/><counter type="METHOD" missed="0" covered="1"/></method><method name="getAccelerationBiasYAsAcceleration" desc="()Lcom/irurueta/units/Acceleration;" line="1859"><counter type="INSTRUCTION" missed="0" covered="4"/><counter type="LINE" missed="0" covered="1"/><counter type="COMPLEXITY" missed="0" covered="1"/><counter type="METHOD" missed="0" covered="1"/></method><method name="getAccelerationBiasYAsAcceleration" desc="(Lcom/irurueta/units/Acceleration;)V" line="1868"><counter type="INSTRUCTION" missed="0" covered="5"/><counter type="LINE" missed="0" covered="2"/><counter type="COMPLEXITY" missed="0" covered="1"/><counter type="METHOD" missed="0" covered="1"/></method><method name="setAccelerationBiasY" desc="(Lcom/irurueta/units/Acceleration;)V" line="1878"><counter type="INSTRUCTION" missed="0" covered="16"/><counter type="BRANCH" missed="0" covered="2"/><counter type="LINE" missed="0" covered="5"/><counter type="COMPLEXITY" missed="0" covered="2"/><counter type="METHOD" missed="0" covered="1"/></method><method name="getAccelerationBiasZAsAcceleration" desc="()Lcom/irurueta/units/Acceleration;" line="1892"><counter type="INSTRUCTION" missed="0" covered="4"/><counter type="LINE" missed="0" covered="1"/><counter type="COMPLEXITY" missed="0" covered="1"/><counter type="METHOD" missed="0" covered="1"/></method><method name="getAccelerationBiasZAsAcceleration" desc="(Lcom/irurueta/units/Acceleration;)V" line="1901"><counter type="INSTRUCTION" missed="0" covered="5"/><counter type="LINE" missed="0" covered="2"/><counter type="COMPLEXITY" missed="0" covered="1"/><counter type="METHOD" missed="0" covered="1"/></method><method name="setAccelerationBiasZ" desc="(Lcom/irurueta/units/Acceleration;)V" line="1911"><counter type="INSTRUCTION" missed="0" covered="16"/><counter type="BRANCH" missed="0" covered="2"/><counter type="LINE" missed="0" covered="5"/><counter type="COMPLEXITY" missed="0" covered="2"/><counter type="METHOD" missed="0" covered="1"/></method><method name="setAccelerationBias" desc="(Lcom/irurueta/units/Acceleration;Lcom/irurueta/units/Acceleration;Lcom/irurueta/units/Acceleration;)V" line="1931"><counter type="INSTRUCTION" missed="0" covered="20"/><counter type="BRANCH" missed="0" covered="2"/><counter type="LINE" missed="0" covered="5"/><counter type="COMPLEXITY" missed="0" covered="2"/><counter type="METHOD" missed="0" covered="1"/></method><method name="getAccelerationCrossCouplingErrors" desc="()Lcom/irurueta/algebra/Matrix;" line="1945"><counter type="INSTRUCTION" missed="0" covered="4"/><counter type="LINE" missed="0" covered="1"/><counter type="COMPLEXITY" missed="0" covered="1"/><counter type="METHOD" missed="0" covered="1"/></method><method name="getAccelerationCrossCouplingErrors" desc="(Lcom/irurueta/algebra/Matrix;)V" line="1954"><counter type="INSTRUCTION" missed="0" covered="5"/><counter type="LINE" missed="0" covered="2"/><counter type="COMPLEXITY" missed="0" covered="1"/><counter type="METHOD" missed="0" covered="1"/></method><method name="setAccelerationCrossCouplingErrors" desc="(Lcom/irurueta/algebra/Matrix;)V" line="1968"><counter type="INSTRUCTION" missed="0" covered="16"/><counter type="BRANCH" missed="0" covered="2"/><counter type="LINE" missed="0" covered="5"/><counter type="COMPLEXITY" missed="0" covered="2"/><counter type="METHOD" missed="0" covered="1"/></method><method name="getAccelerationSx" desc="()D" line="1982"><counter type="INSTRUCTION" missed="0" covered="4"/><counter type="LINE" missed="0" covered="1"/><counter type="COMPLEXITY" missed="0" covered="1"/><counter type="METHOD" missed="0" covered="1"/></method><method name="setAccelerationSx" desc="(D)V" line="1993"><counter type="INSTRUCTION" missed="0" covered="16"/><counter type="BRANCH" missed="0" covered="2"/><counter type="LINE" missed="0" covered="5"/><counter type="COMPLEXITY" missed="0" covered="2"/><counter type="METHOD" missed="0" covered="1"/></method><method name="getAccelerationSy" desc="()D" line="2007"><counter type="INSTRUCTION" missed="0" covered="4"/><counter type="LINE" missed="0" covered="1"/><counter type="COMPLEXITY" missed="0" covered="1"/><counter type="METHOD" missed="0" covered="1"/></method><method name="setAccelerationSy" desc="(D)V" line="2018"><counter type="INSTRUCTION" missed="0" covered="16"/><counter type="BRANCH" missed="0" covered="2"/><counter type="LINE" missed="0" covered="5"/><counter type="COMPLEXITY" missed="0" covered="2"/><counter type="METHOD" missed="0" covered="1"/></method><method name="getAccelerationSz" desc="()D" line="2032"><counter type="INSTRUCTION" missed="0" covered="4"/><counter type="LINE" missed="0" covered="1"/><counter type="COMPLEXITY" missed="0" covered="1"/><counter type="METHOD" missed="0" covered="1"/></method><method name="setAccelerationSz" desc="(D)V" line="2043"><counter type="INSTRUCTION" missed="4" covered="12"/><counter type="BRANCH" missed="1" covered="1"/><counter type="LINE" missed="1" covered="4"/><counter type="COMPLEXITY" missed="1" covered="1"/><counter type="METHOD" missed="0" covered="1"/></method><method name="getAccelerationMxy" desc="()D" line="2057"><counter type="INSTRUCTION" missed="0" covered="4"/><counter type="LINE" missed="0" covered="1"/><counter type="COMPLEXITY" missed="0" covered="1"/><counter type="METHOD" missed="0" covered="1"/></method><method name="setAccelerationMxy" desc="(D)V" line="2068"><counter type="INSTRUCTION" missed="0" covered="16"/><counter type="BRANCH" missed="0" covered="2"/><counter type="LINE" missed="0" covered="5"/><counter type="COMPLEXITY" missed="0" covered="2"/><counter type="METHOD" missed="0" covered="1"/></method><method name="getAccelerationMxz" desc="()D" line="2082"><counter type="INSTRUCTION" missed="0" covered="4"/><counter type="LINE" missed="0" covered="1"/><counter type="COMPLEXITY" missed="0" covered="1"/><counter type="METHOD" missed="0" covered="1"/></method><method name="setAccelerationMxz" desc="(D)V" line="2093"><counter type="INSTRUCTION" missed="0" covered="16"/><counter type="BRANCH" missed="0" covered="2"/><counter type="LINE" missed="0" covered="5"/><counter type="COMPLEXITY" missed="0" covered="2"/><counter type="METHOD" missed="0" covered="1"/></method><method name="getAccelerationMyx" desc="()D" line="2107"><counter type="INSTRUCTION" missed="0" covered="4"/><counter type="LINE" missed="0" covered="1"/><counter type="COMPLEXITY" missed="0" covered="1"/><counter type="METHOD" missed="0" covered="1"/></method><method name="setAccelerationMyx" desc="(D)V" line="2118"><counter type="INSTRUCTION" missed="0" covered="16"/><counter type="BRANCH" missed="0" covered="2"/><counter type="LINE" missed="0" covered="5"/><counter type="COMPLEXITY" missed="0" covered="2"/><counter type="METHOD" missed="0" covered="1"/></method><method name="getAccelerationMyz" desc="()D" line="2132"><counter type="INSTRUCTION" missed="0" covered="4"/><counter type="LINE" missed="0" covered="1"/><counter type="COMPLEXITY" missed="0" covered="1"/><counter type="METHOD" missed="0" covered="1"/></method><method name="setAccelerationMyz" desc="(D)V" line="2143"><counter type="INSTRUCTION" missed="0" covered="16"/><counter type="BRANCH" missed="0" covered="2"/><counter type="LINE" missed="0" covered="5"/><counter type="COMPLEXITY" missed="0" covered="2"/><counter type="METHOD" missed="0" covered="1"/></method><method name="getAccelerationMzx" desc="()D" line="2157"><counter type="INSTRUCTION" missed="0" covered="4"/><counter type="LINE" missed="0" covered="1"/><counter type="COMPLEXITY" missed="0" covered="1"/><counter type="METHOD" missed="0" covered="1"/></method><method name="setAccelerationMzx" desc="(D)V" line="2168"><counter type="INSTRUCTION" missed="0" covered="16"/><counter type="BRANCH" missed="0" covered="2"/><counter type="LINE" missed="0" covered="5"/><counter type="COMPLEXITY" missed="0" covered="2"/><counter type="METHOD" missed="0" covered="1"/></method><method name="getAccelerationMzy" desc="()D" line="2182"><counter type="INSTRUCTION" missed="0" covered="4"/><counter type="LINE" missed="0" covered="1"/><counter type="COMPLEXITY" missed="0" covered="1"/><counter type="METHOD" missed="0" covered="1"/></method><method name="setAccelerationMzy" desc="(D)V" line="2193"><counter type="INSTRUCTION" missed="0" covered="16"/><counter type="BRANCH" missed="0" covered="2"/><counter type="LINE" missed="0" covered="5"/><counter type="COMPLEXITY" missed="0" covered="2"/><counter type="METHOD" missed="0" covered="1"/></method><method name="setAccelerationScalingFactors" desc="(DDD)V" line="2212"><counter type="INSTRUCTION" missed="0" covered="20"/><counter type="BRANCH" missed="0" covered="2"/><counter type="LINE" missed="0" covered="5"/><counter type="COMPLEXITY" missed="0" covered="2"/><counter type="METHOD" missed="0" covered="1"/></method><method name="setAccelerationCrossCouplingErrors" desc="(DDDDDD)V" line="2236"><counter type="INSTRUCTION" missed="0" covered="26"/><counter type="BRANCH" missed="0" covered="2"/><counter type="LINE" missed="0" covered="5"/><counter type="COMPLEXITY" missed="0" covered="2"/><counter type="METHOD" missed="0" covered="1"/></method><method name="setAccelerationScalingFactorsAndCrossCouplingErrors" desc="(DDDDDDDDD)V" line="2264"><counter type="INSTRUCTION" missed="0" covered="32"/><counter type="BRANCH" missed="0" covered="2"/><counter type="LINE" missed="0" covered="5"/><counter type="COMPLEXITY" missed="0" covered="2"/><counter type="METHOD" missed="0" covered="1"/></method><method name="getAngularSpeedBias" desc="()Lcom/irurueta/algebra/Matrix;" line="2278"><counter type="INSTRUCTION" missed="0" covered="4"/><counter type="LINE" missed="0" covered="1"/><counter type="COMPLEXITY" missed="0" covered="1"/><counter type="METHOD" missed="0" covered="1"/></method><method name="getAngularSpeedBias" desc="(Lcom/irurueta/algebra/Matrix;)V" line="2287"><counter type="INSTRUCTION" missed="0" covered="5"/><counter type="LINE" missed="0" covered="2"/><counter type="COMPLEXITY" missed="0" covered="1"/><counter type="METHOD" missed="0" covered="1"/></method><method name="setAngularSpeedBias" desc="(Lcom/irurueta/algebra/Matrix;)V" line="2298"><counter type="INSTRUCTION" missed="0" covered="16"/><counter type="BRANCH" missed="0" covered="2"/><counter type="LINE" missed="0" covered="5"/><counter type="COMPLEXITY" missed="0" covered="2"/><counter type="METHOD" missed="0" covered="1"/></method><method name="getAngularSpeedBiasArray" desc="()[D" line="2312"><counter type="INSTRUCTION" missed="0" covered="4"/><counter type="LINE" missed="0" covered="1"/><counter type="COMPLEXITY" missed="0" covered="1"/><counter type="METHOD" missed="0" covered="1"/></method><method name="getAngularSpeedBiasArray" desc="([D)V" line="2322"><counter type="INSTRUCTION" missed="0" covered="5"/><counter type="LINE" missed="0" covered="2"/><counter type="COMPLEXITY" missed="0" covered="1"/><counter type="METHOD" missed="0" covered="1"/></method><method name="setAngularSpeedBias" desc="([D)V" line="2334"><counter type="INSTRUCTION" missed="0" covered="16"/><counter type="BRANCH" missed="0" covered="2"/><counter type="LINE" missed="0" covered="5"/><counter type="COMPLEXITY" missed="0" covered="2"/><counter type="METHOD" missed="0" covered="1"/></method><method name="getAngularSpeedBiasAsTriad" desc="()Lcom/irurueta/navigation/inertial/calibration/AngularSpeedTriad;" line="2348"><counter type="INSTRUCTION" missed="0" covered="4"/><counter type="LINE" missed="0" covered="1"/><counter type="COMPLEXITY" missed="0" covered="1"/><counter type="METHOD" missed="0" covered="1"/></method><method name="getAngularSpeedBiasAsTriad" desc="(Lcom/irurueta/navigation/inertial/calibration/AngularSpeedTriad;)V" line="2357"><counter type="INSTRUCTION" missed="0" covered="5"/><counter type="LINE" missed="0" covered="2"/><counter type="COMPLEXITY" missed="0" covered="1"/><counter type="METHOD" missed="0" covered="1"/></method><method name="setAngularSpeedBias" desc="(Lcom/irurueta/navigation/inertial/calibration/AngularSpeedTriad;)V" line="2367"><counter type="INSTRUCTION" missed="0" covered="16"/><counter type="BRANCH" missed="0" covered="2"/><counter type="LINE" missed="0" covered="5"/><counter type="COMPLEXITY" missed="0" covered="2"/><counter type="METHOD" missed="0" covered="1"/></method><method name="getAngularSpeedBiasX" desc="()D" line="2382"><counter type="INSTRUCTION" missed="0" covered="4"/><counter type="LINE" missed="0" covered="1"/><counter type="COMPLEXITY" missed="0" covered="1"/><counter type="METHOD" missed="0" covered="1"/></method><method name="setAngularSpeedBiasX" desc="(D)V" line="2393"><counter type="INSTRUCTION" missed="0" covered="16"/><counter type="BRANCH" missed="0" covered="2"/><counter type="LINE" missed="0" covered="5"/><counter type="COMPLEXITY" missed="0" covered="2"/><counter type="METHOD" missed="0" covered="1"/></method><method name="getAngularSpeedBiasY" desc="()D" line="2408"><counter type="INSTRUCTION" missed="0" covered="4"/><counter type="LINE" missed="0" covered="1"/><counter type="COMPLEXITY" missed="0" covered="1"/><counter type="METHOD" missed="0" covered="1"/></method><method name="setAngularSpeedBiasY" desc="(D)V" line="2419"><counter type="INSTRUCTION" missed="0" covered="16"/><counter type="BRANCH" missed="0" covered="2"/><counter type="LINE" missed="0" covered="5"/><counter type="COMPLEXITY" missed="0" covered="2"/><counter type="METHOD" missed="0" covered="1"/></method><method name="getAngularSpeedBiasZ" desc="()D" line="2434"><counter type="INSTRUCTION" missed="0" covered="4"/><counter type="LINE" missed="0" covered="1"/><counter type="COMPLEXITY" missed="0" covered="1"/><counter type="METHOD" missed="0" covered="1"/></method><method name="setAngularSpeedBiasZ" desc="(D)V" line="2445"><counter type="INSTRUCTION" missed="0" covered="16"/><counter type="BRANCH" missed="0" covered="2"/><counter type="LINE" missed="0" covered="5"/><counter type="COMPLEXITY" missed="0" covered="2"/><counter type="METHOD" missed="0" covered="1"/></method><method name="setAngularSpeedBias" desc="(DDD)V" line="2463"><counter type="INSTRUCTION" missed="0" covered="20"/><counter type="BRANCH" missed="0" covered="2"/><counter type="LINE" missed="0" covered="5"/><counter type="COMPLEXITY" missed="0" covered="2"/><counter type="METHOD" missed="0" covered="1"/></method><method name="getAngularSpeedBiasXAsAngularSpeed" desc="()Lcom/irurueta/units/AngularSpeed;" line="2477"><counter type="INSTRUCTION" missed="0" covered="4"/><counter type="LINE" missed="0" covered="1"/><counter type="COMPLEXITY" missed="0" covered="1"/><counter type="METHOD" missed="0" covered="1"/></method><method name="getAngularSpeedBiasXAsAngularSpeed" desc="(Lcom/irurueta/units/AngularSpeed;)V" line="2486"><counter type="INSTRUCTION" missed="0" covered="5"/><counter type="LINE" missed="0" covered="2"/><counter type="COMPLEXITY" missed="0" covered="1"/><counter type="METHOD" missed="0" covered="1"/></method><method name="setAngularSpeedBiasX" desc="(Lcom/irurueta/units/AngularSpeed;)V" line="2496"><counter type="INSTRUCTION" missed="0" covered="16"/><counter type="BRANCH" missed="0" covered="2"/><counter type="LINE" missed="0" covered="5"/><counter type="COMPLEXITY" missed="0" covered="2"/><counter type="METHOD" missed="0" covered="1"/></method><method name="getAngularSpeedBiasYAsAngularSpeed" desc="()Lcom/irurueta/units/AngularSpeed;" line="2510"><counter type="INSTRUCTION" missed="0" covered="4"/><counter type="LINE" missed="0" covered="1"/><counter type="COMPLEXITY" missed="0" covered="1"/><counter type="METHOD" missed="0" covered="1"/></method><method name="getAngularSpeedBiasYAsAngularSpeed" desc="(Lcom/irurueta/units/AngularSpeed;)V" line="2519"><counter type="INSTRUCTION" missed="0" covered="5"/><counter type="LINE" missed="0" covered="2"/><counter type="COMPLEXITY" missed="0" covered="1"/><counter type="METHOD" missed="0" covered="1"/></method><method name="setAngularSpeedBiasY" desc="(Lcom/irurueta/units/AngularSpeed;)V" line="2529"><counter type="INSTRUCTION" missed="0" covered="16"/><counter type="BRANCH" missed="0" covered="2"/><counter type="LINE" missed="0" covered="5"/><counter type="COMPLEXITY" missed="0" covered="2"/><counter type="METHOD" missed="0" covered="1"/></method><method name="getAngularSpeedBiasZAsAngularSpeed" desc="()Lcom/irurueta/units/AngularSpeed;" line="2543"><counter type="INSTRUCTION" missed="0" covered="4"/><counter type="LINE" missed="0" covered="1"/><counter type="COMPLEXITY" missed="0" covered="1"/><counter type="METHOD" missed="0" covered="1"/></method><method name="getAngularSpeedBiasZAsAngularSpeed" desc="(Lcom/irurueta/units/AngularSpeed;)V" line="2552"><counter type="INSTRUCTION" missed="0" covered="5"/><counter type="LINE" missed="0" covered="2"/><counter type="COMPLEXITY" missed="0" covered="1"/><counter type="METHOD" missed="0" covered="1"/></method><method name="setAngularSpeedBiasZ" desc="(Lcom/irurueta/units/AngularSpeed;)V" line="2562"><counter type="INSTRUCTION" missed="0" covered="16"/><counter type="BRANCH" missed="0" covered="2"/><counter type="LINE" missed="0" covered="5"/><counter type="COMPLEXITY" missed="0" covered="2"/><counter type="METHOD" missed="0" covered="1"/></method><method name="setAngularSpeedBias" desc="(Lcom/irurueta/units/AngularSpeed;Lcom/irurueta/units/AngularSpeed;Lcom/irurueta/units/AngularSpeed;)V" line="2582"><counter type="INSTRUCTION" missed="0" covered="20"/><counter type="BRANCH" missed="0" covered="2"/><counter type="LINE" missed="0" covered="5"/><counter type="COMPLEXITY" missed="0" covered="2"/><counter type="METHOD" missed="0" covered="1"/></method><method name="getAngularSpeedCrossCouplingErrors" desc="()Lcom/irurueta/algebra/Matrix;" line="2596"><counter type="INSTRUCTION" missed="0" covered="4"/><counter type="LINE" missed="0" covered="1"/><counter type="COMPLEXITY" missed="0" covered="1"/><counter type="METHOD" missed="0" covered="1"/></method><method name="getAngularSpeedCrossCouplingErrors" desc="(Lcom/irurueta/algebra/Matrix;)V" line="2605"><counter type="INSTRUCTION" missed="0" covered="5"/><counter type="LINE" missed="0" covered="2"/><counter type="COMPLEXITY" missed="0" covered="1"/><counter type="METHOD" missed="0" covered="1"/></method><method name="setAngularSpeedCrossCouplingErrors" desc="(Lcom/irurueta/algebra/Matrix;)V" line="2618"><counter type="INSTRUCTION" missed="0" covered="16"/><counter type="BRANCH" missed="0" covered="2"/><counter type="LINE" missed="0" covered="5"/><counter type="COMPLEXITY" missed="0" covered="2"/><counter type="METHOD" missed="0" covered="1"/></method><method name="getAngularSpeedSx" desc="()D" line="2632"><counter type="INSTRUCTION" missed="0" covered="4"/><counter type="LINE" missed="0" covered="1"/><counter type="COMPLEXITY" missed="0" covered="1"/><counter type="METHOD" missed="0" covered="1"/></method><method name="setAngularSpeedSx" desc="(D)V" line="2643"><counter type="INSTRUCTION" missed="0" covered="16"/><counter type="BRANCH" missed="0" covered="2"/><counter type="LINE" missed="0" covered="5"/><counter type="COMPLEXITY" missed="0" covered="2"/><counter type="METHOD" missed="0" covered="1"/></method><method name="getAngularSpeedSy" desc="()D" line="2657"><counter type="INSTRUCTION" missed="0" covered="4"/><counter type="LINE" missed="0" covered="1"/><counter type="COMPLEXITY" missed="0" covered="1"/><counter type="METHOD" missed="0" covered="1"/></method><method name="setAngularSpeedSy" desc="(D)V" line="2669"><counter type="INSTRUCTION" missed="0" covered="16"/><counter type="BRANCH" missed="0" covered="2"/><counter type="LINE" missed="0" covered="5"/><counter type="COMPLEXITY" missed="0" covered="2"/><counter type="METHOD" missed="0" covered="1"/></method><method name="getAngularSpeedSz" desc="()D" line="2683"><counter type="INSTRUCTION" missed="0" covered="4"/><counter type="LINE" missed="0" covered="1"/><counter type="COMPLEXITY" missed="0" covered="1"/><counter type="METHOD" missed="0" covered="1"/></method><method name="setAngularSpeedSz" desc="(D)V" line="2695"><counter type="INSTRUCTION" missed="0" covered="16"/><counter type="BRANCH" missed="0" covered="2"/><counter type="LINE" missed="0" covered="5"/><counter type="COMPLEXITY" missed="0" covered="2"/><counter type="METHOD" missed="0" covered="1"/></method><method name="getAngularSpeedMxy" desc="()D" line="2709"><counter type="INSTRUCTION" missed="0" covered="4"/><counter type="LINE" missed="0" covered="1"/><counter type="COMPLEXITY" missed="0" covered="1"/><counter type="METHOD" missed="0" covered="1"/></method><method name="setAngularSpeedMxy" desc="(D)V" line="2721"><counter type="INSTRUCTION" missed="0" covered="16"/><counter type="BRANCH" missed="0" covered="2"/><counter type="LINE" missed="0" covered="5"/><counter type="COMPLEXITY" missed="0" covered="2"/><counter type="METHOD" missed="0" covered="1"/></method><method name="getAngularSpeedMxz" desc="()D" line="2735"><counter type="INSTRUCTION" missed="0" covered="4"/><counter type="LINE" missed="0" covered="1"/><counter type="COMPLEXITY" missed="0" covered="1"/><counter type="METHOD" missed="0" covered="1"/></method><method name="setAngularSpeedMxz" desc="(D)V" line="2747"><counter type="INSTRUCTION" missed="0" covered="16"/><counter type="BRANCH" missed="0" covered="2"/><counter type="LINE" missed="0" covered="5"/><counter type="COMPLEXITY" missed="0" covered="2"/><counter type="METHOD" missed="0" covered="1"/></method><method name="getAngularSpeedMyx" desc="()D" line="2761"><counter type="INSTRUCTION" missed="0" covered="4"/><counter type="LINE" missed="0" covered="1"/><counter type="COMPLEXITY" missed="0" covered="1"/><counter type="METHOD" missed="0" covered="1"/></method><method name="setAngularSpeedMyx" desc="(D)V" line="2773"><counter type="INSTRUCTION" missed="0" covered="16"/><counter type="BRANCH" missed="0" covered="2"/><counter type="LINE" missed="0" covered="5"/><counter type="COMPLEXITY" missed="0" covered="2"/><counter type="METHOD" missed="0" covered="1"/></method><method name="getAngularSpeedMyz" desc="()D" line="2787"><counter type="INSTRUCTION" missed="0" covered="4"/><counter type="LINE" missed="0" covered="1"/><counter type="COMPLEXITY" missed="0" covered="1"/><counter type="METHOD" missed="0" covered="1"/></method><method name="setAngularSpeedMyz" desc="(D)V" line="2799"><counter type="INSTRUCTION" missed="0" covered="16"/><counter type="BRANCH" missed="0" covered="2"/><counter type="LINE" missed="0" covered="5"/><counter type="COMPLEXITY" missed="0" covered="2"/><counter type="METHOD" missed="0" covered="1"/></method><method name="getAngularSpeedMzx" desc="()D" line="2813"><counter type="INSTRUCTION" missed="0" covered="4"/><counter type="LINE" missed="0" covered="1"/><counter type="COMPLEXITY" missed="0" covered="1"/><counter type="METHOD" missed="0" covered="1"/></method><method name="setAngularSpeedMzx" desc="(D)V" line="2825"><counter type="INSTRUCTION" missed="0" covered="16"/><counter type="BRANCH" missed="0" covered="2"/><counter type="LINE" missed="0" covered="5"/><counter type="COMPLEXITY" missed="0" covered="2"/><counter type="METHOD" missed="0" covered="1"/></method><method name="getAngularSpeedMzy" desc="()D" line="2839"><counter type="INSTRUCTION" missed="0" covered="4"/><counter type="LINE" missed="0" covered="1"/><counter type="COMPLEXITY" missed="0" covered="1"/><counter type="METHOD" missed="0" covered="1"/></method><method name="setAngularSpeedMzy" desc="(D)V" line="2851"><counter type="INSTRUCTION" missed="0" covered="16"/><counter type="BRANCH" missed="0" covered="2"/><counter type="LINE" missed="0" covered="5"/><counter type="COMPLEXITY" missed="0" covered="2"/><counter type="METHOD" missed="0" covered="1"/></method><method name="setAngularSpeedScalingFactors" desc="(DDD)V" line="2871"><counter type="INSTRUCTION" missed="0" covered="20"/><counter type="BRANCH" missed="0" covered="2"/><counter type="LINE" missed="0" covered="5"/><counter type="COMPLEXITY" missed="0" covered="2"/><counter type="METHOD" missed="0" covered="1"/></method><method name="setAngularSpeedCrossCouplingErrors" desc="(DDDDDD)V" line="2896"><counter type="INSTRUCTION" missed="0" covered="26"/><counter type="BRANCH" missed="0" covered="2"/><counter type="LINE" missed="0" covered="5"/><counter type="COMPLEXITY" missed="0" covered="2"/><counter type="METHOD" missed="0" covered="1"/></method><method name="setAngularSpeedScalingFactorsAndCrossCouplingErrors" desc="(DDDDDDDDD)V" line="2925"><counter type="INSTRUCTION" missed="0" covered="32"/><counter type="BRANCH" missed="0" covered="2"/><counter type="LINE" missed="0" covered="5"/><counter type="COMPLEXITY" missed="0" covered="2"/><counter type="METHOD" missed="0" covered="1"/></method><method name="getAngularSpeedGDependantCrossBias" desc="()Lcom/irurueta/algebra/Matrix;" line="2939"><counter type="INSTRUCTION" missed="0" covered="4"/><counter type="LINE" missed="0" covered="1"/><counter type="COMPLEXITY" missed="0" covered="1"/><counter type="METHOD" missed="0" covered="1"/></method><method name="getAngularSpeedGDependantCrossBias" desc="(Lcom/irurueta/algebra/Matrix;)V" line="2948"><counter type="INSTRUCTION" missed="0" covered="5"/><counter type="LINE" missed="0" covered="2"/><counter type="COMPLEXITY" missed="0" covered="1"/><counter type="METHOD" missed="0" covered="1"/></method><method name="setAngularSpeedGDependantCrossBias" desc="(Lcom/irurueta/algebra/Matrix;)V" line="2959"><counter type="INSTRUCTION" missed="0" covered="16"/><counter type="BRANCH" missed="0" covered="2"/><counter type="LINE" missed="0" covered="5"/><counter type="COMPLEXITY" missed="0" covered="2"/><counter type="METHOD" missed="0" covered="1"/></method><method name="getTimeInterval" desc="()D" line="2974"><counter type="INSTRUCTION" missed="0" covered="4"/><counter type="LINE" missed="0" covered="1"/><counter type="COMPLEXITY" missed="0" covered="1"/><counter type="METHOD" missed="0" covered="1"/></method><method name="setTimeInterval" desc="(D)V" line="2985"><counter type="INSTRUCTION" missed="0" covered="16"/><counter type="BRANCH" missed="0" covered="2"/><counter type="LINE" missed="0" covered="5"/><counter type="COMPLEXITY" missed="0" covered="2"/><counter type="METHOD" missed="0" covered="1"/></method><method name="getTimeIntervalAsTime" desc="()Lcom/irurueta/units/Time;" line="3000"><counter type="INSTRUCTION" missed="0" covered="4"/><counter type="LINE" missed="0" covered="1"/><counter type="COMPLEXITY" missed="0" covered="1"/><counter type="METHOD" missed="0" covered="1"/></method><method name="getTimeIntervalAsTime" desc="(Lcom/irurueta/units/Time;)V" line="3010"><counter type="INSTRUCTION" missed="0" covered="5"/><counter type="LINE" missed="0" covered="2"/><counter type="COMPLEXITY" missed="0" covered="1"/><counter type="METHOD" missed="0" covered="1"/></method><method name="setTimeInterval" desc="(Lcom/irurueta/units/Time;)V" line="3021"><counter type="INSTRUCTION" missed="0" covered="16"/><counter type="BRANCH" missed="0" covered="2"/><counter type="LINE" missed="0" covered="5"/><counter type="COMPLEXITY" missed="0" covered="2"/><counter type="METHOD" missed="0" covered="1"/></method><method name="getEcefPosition" desc="()Lcom/irurueta/navigation/frames/ECEFPosition;" line="3035"><counter type="INSTRUCTION" missed="0" covered="4"/><counter type="LINE" missed="0" covered="1"/><counter type="COMPLEXITY" missed="0" covered="1"/><counter type="METHOD" missed="0" covered="1"/></method><method name="getEcefPosition" desc="(Lcom/irurueta/navigation/frames/ECEFPosition;)V" line="3044"><counter type="INSTRUCTION" missed="0" covered="5"/><counter type="LINE" missed="0" covered="2"/><counter type="COMPLEXITY" missed="0" covered="1"/><counter type="METHOD" missed="0" covered="1"/></method><method name="setEcefPosition" desc="(Lcom/irurueta/navigation/frames/ECEFPosition;)V" line="3054"><counter type="INSTRUCTION" missed="0" covered="16"/><counter type="BRANCH" missed="0" covered="2"/><counter type="LINE" missed="0" covered="5"/><counter type="COMPLEXITY" missed="0" covered="2"/><counter type="METHOD" missed="0" covered="1"/></method><method name="setEcefPosition" desc="(DDD)V" line="3071"><counter type="INSTRUCTION" missed="0" covered="20"/><counter type="BRANCH" missed="0" covered="2"/><counter type="LINE" missed="0" covered="5"/><counter type="COMPLEXITY" missed="0" covered="2"/><counter type="METHOD" missed="0" covered="1"/></method><method name="setEcefPosition" desc="(Lcom/irurueta/units/Distance;Lcom/irurueta/units/Distance;Lcom/irurueta/units/Distance;)V" line="3088"><counter type="INSTRUCTION" missed="0" covered="20"/><counter type="BRANCH" missed="0" covered="2"/><counter type="LINE" missed="0" covered="5"/><counter type="COMPLEXITY" missed="0" covered="2"/><counter type="METHOD" missed="0" covered="1"/></method><method name="setEcefPosition" desc="(Lcom/irurueta/geometry/Point3D;)V" line="3103"><counter type="INSTRUCTION" missed="0" covered="18"/><counter type="BRANCH" missed="0" covered="2"/><counter type="LINE" missed="0" covered="5"/><counter type="COMPLEXITY" missed="0" covered="2"/><counter type="METHOD" missed="0" covered="1"/></method><method name="getEcefFrame" desc="()Lcom/irurueta/navigation/frames/ECEFFrame;" line="3120"><counter type="INSTRUCTION" missed="0" covered="4"/><counter type="LINE" missed="0" covered="1"/><counter type="COMPLEXITY" missed="0" covered="1"/><counter type="METHOD" missed="0" covered="1"/></method><method name="getEcefFrame" desc="(Lcom/irurueta/navigation/frames/ECEFFrame;)V" line="3132"><counter type="INSTRUCTION" missed="0" covered="5"/><counter type="LINE" missed="0" covered="2"/><counter type="COMPLEXITY" missed="0" covered="1"/><counter type="METHOD" missed="0" covered="1"/></method><method name="getNedFrame" desc="()Lcom/irurueta/navigation/frames/NEDFrame;" line="3144"><counter type="INSTRUCTION" missed="0" covered="4"/><counter type="LINE" missed="0" covered="1"/><counter type="COMPLEXITY" missed="0" covered="1"/><counter type="METHOD" missed="0" covered="1"/></method><method name="getNedFrame" desc="(Lcom/irurueta/navigation/frames/NEDFrame;)V" line="3156"><counter type="INSTRUCTION" missed="0" covered="5"/><counter type="LINE" missed="0" covered="2"/><counter type="COMPLEXITY" missed="0" covered="1"/><counter type="METHOD" missed="0" covered="1"/></method><method name="getNedPosition" desc="()Lcom/irurueta/navigation/frames/NEDPosition;" line="3165"><counter type="INSTRUCTION" missed="0" covered="4"/><counter type="LINE" missed="0" covered="1"/><counter type="COMPLEXITY" missed="0" covered="1"/><counter type="METHOD" missed="0" covered="1"/></method><method name="getNedPosition" desc="(Lcom/irurueta/navigation/frames/NEDPosition;)V" line="3174"><counter type="INSTRUCTION" missed="0" covered="5"/><counter type="LINE" missed="0" covered="2"/><counter type="COMPLEXITY" missed="0" covered="1"/><counter type="METHOD" missed="0" covered="1"/></method><method name="setNedPosition" desc="(Lcom/irurueta/navigation/frames/NEDPosition;)V" line="3184"><counter type="INSTRUCTION" missed="0" covered="16"/><counter type="BRANCH" missed="0" covered="2"/><counter type="LINE" missed="0" covered="5"/><counter type="COMPLEXITY" missed="0" covered="2"/><counter type="METHOD" missed="0" covered="1"/></method><method name="setNedPosition" desc="(DDD)V" line="3202"><counter type="INSTRUCTION" missed="0" covered="20"/><counter type="BRANCH" missed="0" covered="2"/><counter type="LINE" missed="0" covered="5"/><counter type="COMPLEXITY" missed="0" covered="2"/><counter type="METHOD" missed="0" covered="1"/></method>
[...]
"0"/><line nr="1043" mi="0" ci="7" mb="0" cb="0"/><line nr="1053" mi="0" ci="2" mb="0" cb="0"/><counter type="INSTRUCTION" missed="29" covered="700"/><counter type="BRANCH" missed="9" covered="69"/><counter type="LINE" missed="12" covered="170"/><counter type="COMPLEXITY" missed="11" covered="92"/><counter type="METHOD" missed="3" covered="61"/><counter type="CLASS" missed="0" covered="2"/></sourcefile><sourcefile name="AccelerometerGyroscopeAndMagnetometerMseRule.java"/><sourcefile name="BracketedAccelerometerIntervalDetectorThresholdFactorOptimizer.java"><line nr="64" mi="0" ci="2" mb="0" cb="0"/><line nr="65" mi="0" ci="2" mb="0" cb="0"/><line nr="67" mi="0" ci="5" mb="0" cb="0"/><line nr="68" mi="1" ci="0" mb="0" cb="0"/><line nr="70" mi="0" ci="1" mb="0" cb="0"/><line nr="71" mi="0" ci="1" mb="0" cb="0"/><line nr="80" mi="0" ci="3" mb="0" cb="0"/><line nr="81" mi="0" ci="2" mb="0" cb="0"/><line nr="83" mi="0" ci="5" mb="0" cb="0"/><line nr="84" mi="1" ci="0" mb="0" cb="0"/><line nr="86" mi="0" ci="1" mb="0" cb="0"/><line nr="87" mi="0" ci="1" mb="0" cb="0"/><line nr="99" mi="0" ci="3" mb="0" cb="0"/><line nr="100" mi="0" ci="2" mb="0" cb="0"/><line nr="102" mi="0" ci="5" mb="0" cb="0"/><line nr="103" mi="1" ci="0" mb="0" cb="0"/><line nr="105" mi="0" ci="1" mb="0" cb="0"/><line nr="106" mi="0" ci="1" mb="0" cb="0"/><line nr="120" mi="0" ci="4" mb="0" cb="0"/><line nr="121" mi="0" ci="2" mb="0" cb="0"/><line nr="123" mi="0" ci="5" mb="0" cb="0"/><line nr="124" mi="1" ci="0" mb="0" cb="0"/><line nr="126" mi="0" ci="1" mb="0" cb="0"/><line nr="127" mi="0" ci="1" mb="0" cb="0"/><line nr="135" mi="0" ci="2" mb="0" cb="0"/><line nr="136" mi="0" ci="2" mb="0" cb="0"/><line nr="138" mi="0" ci="3" mb="0" cb="0"/><line nr="139" mi="1" ci="0" mb="0" cb="0"/><line nr="141" mi="0" ci="1" mb="0" cb="0"/><line nr="142" mi="0" ci="1" mb="0" cb="0"/><line nr="154" mi="0" ci="3" mb="0" cb="0"/><line nr="155" mi="0" ci="2" mb="0" cb="0"/><line nr="157" mi="0" ci="3" mb="0" cb="0"/><line nr="158" mi="1" ci="0" mb="0" cb="0"/><line nr="160" mi="0" ci="1" mb="0" cb="0"/><line nr="161" mi="0" ci="1" mb="0" cb="0"/><line nr="176" mi="0" ci="3" mb="0" cb="0"/><line nr="177" mi="0" ci="2" mb="0" cb="0"/><line nr="179" mi="0" ci="3" mb="0" cb="0"/><line nr="180" mi="1" ci="0" mb="0" cb="0"/><line nr="182" mi="0" ci="1" mb="0" cb="0"/><line nr="183" mi="0" ci="1" mb="0" cb="0"/><line nr="200" mi="0" ci="4" mb="0" cb="0"/><line nr="201" mi="0" ci="2" mb="0" cb="0"/><line nr="203" mi="0" ci="3" mb="0" cb="0"/><line nr="204" mi="1" ci="0" mb="0" cb="0"/><line nr="206" mi="0" ci="1" mb="0" cb="0"/><line nr="207" mi="0" ci="1" mb="0" cb="0"/><line nr="217" mi="0" ci="3" mb="0" cb="0"/><line nr="229" mi="0" ci="3" mb="0" cb="2"/><line nr="230" mi="0" ci="4" mb="0" cb="0"/><line nr="234" mi="0" ci="2" mb="0" cb="2"/><line nr="235" mi="0" ci="8" mb="0" cb="0"/><line nr="236" mi="0" ci="4" mb="0" cb="0"/><line nr="237" mi="0" ci="4" mb="0" cb="0"/><line nr="239" mi="0" ci="3" mb="0" cb="0"/><line nr="240" mi="1" ci="0" mb="0" cb="0"/><line nr="241" mi="5" ci="0" mb="0" cb="0"/><line nr="242" mi="1" ci="0" mb="0" cb="0"/><line nr="244" mi="0" ci="1" mb="0" cb="0"/><line nr="245" mi="0" ci="1" mb="0" cb="0"/><line nr="254" mi="0" ci="10" mb="0" cb="4"/><line nr="271" mi="0" ci="3" mb="0" cb="2"/><line nr="272" mi="0" ci="4" mb="0" cb="0"/><line nr="275" mi="0" ci="3" mb="1" cb="1"/><line nr="276" mi="4" ci="0" mb="0" cb="0"/><line nr="280" mi="0" ci="3" mb="0" cb="0"/><line nr="282" mi="0" ci="2" mb="0" cb="0"/><line nr="284" mi="0" ci="3" mb="1" cb="1"/><line nr="285" mi="0" ci="4" mb="0" cb="0"/><line nr="288" mi="0" ci="3" mb="0" cb="0"/><line nr="289" mi="0" ci="3" mb="0" cb="0"/><line nr="291" mi="0" ci="3" mb="1" cb="1"/><line nr="292" mi="0" ci="4" mb="0" cb="0"/><line nr="295" mi="0" ci="5" mb="0" cb="0"/><line nr="296" mi="1" ci="0" mb="0" cb="0"/><line nr="297" mi="5" ci="0" mb="0" cb="0"/><line nr="299" mi="0" ci="3" mb="0" cb="0"/><line nr="307" mi="0" ci="4" mb="0" cb="0"/><line nr="309" mi="0" ci="4" mb="0" cb="0"/><line nr="310" mi="1" ci="0" mb="0" cb="0"/><line nr="311" mi="5" ci="0" mb="0" cb="0"/><line nr="315" mi="0" ci="4" mb="0" cb="0"/><line nr="316" mi="0" ci="2" mb="1" cb="1"/><line nr="317" mi="1" ci="0" mb="0" cb="0"/><line nr="320" mi="0" ci="8" mb="0" cb="0"/><line nr="321" mi="0" ci="2" mb="0" cb="0"/><line nr="322" mi="0" ci="1" mb="0" cb="0"/><line nr="323" mi="0" ci="1" mb="0" cb="0"/><counter type="INSTRUCTION" missed="32" covered="200"/><counter type="BRANCH" missed="4" covered="14"/><counter type="LINE" missed="17" covered="72"/><counter type="COMPLEXITY" missed="4" covered="20"/><counter type="METHOD" missed="0" covered="15"/><counter type="CLASS" missed="0" covered="1"/></sourcefile><sourcefile name="AccelerometerAndGyroscopeIntervalDetectorThresholdFactorOptimizerDataSource.java"/><sourcefile name="AccelerometerAndGyroscopeIntervalDetectorThresholdFactorOptimizer.java"><line nr="83" mi="0" ci="12" mb="0" cb="0"/><line nr="88" mi="0" ci="12" mb="0" cb="0"/><line nr="119" mi="0" ci="20" mb="0" cb="0"/><line nr="126" mi="0" ci="20" mb="0" cb="0"/><line nr="133" mi="0" ci="20" mb="0" cb="0"/><line nr="272" mi="0" ci="2" mb="0" cb="0"/><line nr="273" mi="0" ci="2" mb="0" cb="0"/><line nr="274" mi="0" ci="1" mb="0" cb="0"/><line nr="283" mi="0" ci="3" mb="0" cb="0"/><line nr="284" mi="0" ci="2" mb="0" cb="0"/><line nr="285" mi="0" ci="1" mb="0" cb="0"/><line nr="302" mi="0" ci="2" mb="0" cb="0"/><line nr="304" mi="0" ci="3" mb="0" cb="0"/><line nr="305" mi="0" ci="3" mb="0" cb="0"/><line nr="306" mi="1" ci="0" mb="0" cb="0"/><line nr="308" mi="0" ci="1" mb="0" cb="0"/><line nr="309" mi="0" ci="2" mb="0" cb="0"/><line nr="310" mi="0" ci="1" mb="0" cb="0"/><line nr="331" mi="0" ci="3" mb="0" cb="0"/><line nr="333" mi="0" ci="3" mb="0" cb="0"/><line nr="334" mi="0" ci="3" mb="0" cb="0"/><line nr="335" mi="1" ci="0" mb="0" cb="0"/><line nr="337" mi="0" ci="1" mb="0" cb="0"/><line nr="338" mi="0" ci="2" mb="0" cb="0"/><line nr="339" mi="0" ci="1" mb="0" cb="0"/><line nr="348" mi="0" ci="3" mb="0" cb="0"/><line nr="361" mi="0" ci="3" mb="0" cb="2"/><line nr="362" mi="0" ci="4" mb="0" cb="0"/><line nr="365" mi="0" ci="6" mb="1" cb="3"/><line nr="367" mi="0" ci="4" mb="0" cb="0"/><line nr="370" mi="0" ci="3" mb="0" cb="0"/><line nr="371" mi="0" ci="1" mb="0" cb="0"/><line nr="379" mi="0" ci="3" mb="0" cb="0"/><line nr="393" mi="0" ci="3" mb="0" cb="2"/><line nr="394" mi="0" ci="4" mb="0" cb="0"/><line nr="397" mi="0" ci="6" mb="1" cb="3"/><line nr="399" mi="0" ci="4" mb="0" cb="0"/><line nr="402" mi="0" ci="3" mb="0" cb="0"/><line nr="403" mi="0" ci="1" mb="0" cb="0"/><line nr="412" mi="0" ci="3" mb="0" cb="0"/><line nr="426" mi="0" ci="3" mb="0" cb="2"/><line nr="427" mi="0" ci="4" mb="0" cb="0"/><line nr="430" mi="0" ci="3" mb="0" cb="0"/><line nr="431" mi="0" ci="1" mb="0" cb="0"/><line nr="441" mi="0" ci="3" mb="0" cb="0"/><line nr="455" mi="0" ci="3" mb="0" cb="2"/><line nr="456" mi="0" ci="4" mb="0" cb="0"/><line nr="459" mi="0" ci="3" mb="0" cb="0"/><line nr="460" mi="0" ci="1" mb="0" cb="0"/><line nr="470" mi="0" ci="3" mb="0" cb="0"/><line nr="482" mi="0" ci="3" mb="1" cb="1"/><line nr="483" mi="4" ci="0" mb="0" cb="0"/><line nr="486" mi="0" ci="3" mb="0" cb="0"/><line nr="487" mi="0" ci="1" mb="0" cb="0"/><line nr="495" mi="0" ci="3" mb="0" cb="0"/><line nr="504" mi="0" ci="3" mb="0" cb="0"/><line nr="519" mi="0" ci="3" mb="0" cb="2"/><line nr="520" mi="0" ci="4" mb="0" cb="0"/><line nr="522" mi="0" ci="12" mb="0" cb="6"/><line nr="523" mi="0" ci="4" mb="0" cb="0"/><line nr="526" mi="0" ci="3" mb="0" cb="0"/><line nr="527" mi="0" ci="3" mb="0" cb="0"/><line nr="528" mi="0" ci="1" mb="0" cb="0"/><line nr="537" mi="0" ci="22" mb="1" cb="11"/><line nr="551" mi="0" ci="4" mb="0" cb="0"/><line nr="563" mi="0" ci="3" mb="0" cb="2"/><line nr="564" mi="0" ci="4" mb="0" cb="0"/><line nr="567" mi="0" ci="4" mb="0" cb="0"/><line nr="568" mi="0" ci="1" mb="0" cb="0"/><line nr="577" mi="0" ci="4" mb="0" cb="0"/><line nr="587" mi="0" ci="4" mb="0" cb="0"/><line nr="588" mi="0" ci="1" mb="0" cb="0"/><line nr="599" mi="0" ci="3" mb="0" cb="2"/><line nr="600" mi="0" ci="4" mb="0" cb="0"/><line nr="603" mi="0" ci="4" mb="0" cb="0"/><line nr="604" mi="0" ci="1" mb="0" cb="0"/><line nr="616" mi="0" ci="4" mb="0" cb="0"/><line nr="631" mi="0" ci="3" mb="0" cb="2"/><line nr="632" mi="0" ci="4" mb="0" cb="0"/><line nr="635" mi="0" ci="4" mb="0" cb="0"/><line nr="636" mi="0" ci="1" mb="0" cb="0"/><line nr="645" mi="0" ci="4" mb="0" cb="0"/><line nr="658" mi="0" ci="3" mb="0" cb="2"/><line nr="659" mi="0" ci="4" mb="0" cb="0"/><line nr="662" mi="0" ci="4" mb="0" cb="0"/><line nr="663" mi="0" ci="1" mb="0" cb="0"/><line nr="673" mi="0" ci="4" mb="0" cb="0"/><line nr="688" mi="0" ci="3" mb="0" cb="2"/><line nr="689" mi="0" ci="4" mb="0" cb="0"/><line nr="692" mi="0" ci="4" mb="0" cb="0"/><line nr="693" mi="0" ci="1" mb="0" cb="0"/><line nr="703" mi="0" ci="4" mb="0" cb="0"/><line nr="717" mi="0" ci="3" mb="0" cb="2"/><line nr="718" mi="0" ci="4" mb="0" cb="0"/><line nr="721" mi="0" ci="4" mb="0" cb="0"/><line nr="722" mi="0" ci="1" mb="0" cb="0"/><line nr="733" mi="0" ci="4" mb="0" cb="0"/><line nr="749" mi="0" ci="3" mb="0" cb="2"/><line nr="750" mi="0" ci="4" mb="0" cb="0"/><line nr="753" mi="0" ci="4" mb="0" cb="0"/><line nr="754" mi="0" ci="1" mb="0" cb="0"/><line nr="765" mi="0" ci="4" mb="0" cb="0"/><line nr="781" mi="0" ci="3" mb="0" cb="2"/><line nr="782" mi="0" ci="4" mb="0" cb="0"/><line nr="785" mi="0" ci="4" mb="0" cb="0"/><line nr="786" mi="0" ci="1" mb="0" cb="0"/><line nr="796" mi="0" ci="4" mb="0" cb="0"/><line nr="806" mi="0" ci="4" mb="0" cb="0"/><line nr="807" mi="0" ci="1" mb="0" cb="0"/><line nr="821" mi="0" ci="3" mb="0" cb="2"/><line nr="822" mi="0" ci="4" mb="0" cb="0"/><line nr="825" mi="0" ci="4" mb="0" cb="0"/><line nr="826" mi="0" ci="1" mb="0" cb="0"/><line nr="839" mi="0" ci="3" mb="0" cb="0"/><line nr="852" mi="0" ci="7" mb="0" cb="0"/><line nr="864" mi="0" ci="5" mb="0" cb="0"/><line nr="865" mi="0" ci="4" mb="0" cb="0"/><line nr="866" mi="0" ci="1" mb="0" cb="0"/><line nr="875" mi="0" ci="6" mb="0" cb="0"/><line nr="886" mi="0" ci="3" mb="0" cb="0"/><line nr="896" mi="0" ci="9" mb="0" cb="0"/><line nr="907" mi="0" ci="7" mb="0" cb="0"/><line nr="919" mi="0" ci="3" mb="0" cb="0"/><line nr="930" mi="0" ci="7" mb="0" cb="0"/><line nr="940" mi="0" ci="5" mb="0" cb="0"/><line nr="941" mi="0" ci="4" mb="0" cb="0"/><line nr="942" mi="0" ci="1" mb="0" cb="0"/><line nr="954" mi="0" ci="4" mb="0" cb="2"/><line nr="955" mi="0" ci="7" mb="0" cb="0"/><line nr="956" mi="0" ci="4" mb="0" cb="0"/><line nr="957" mi="0" ci="3" mb="0" cb="0"/><line nr="958" mi="0" ci="1" mb="0" cb="0"/><line nr="967" mi="0" ci="4" mb="0" cb="2"/><line nr="968" mi="0" ci="8" mb="0" cb="0"/><line nr="977" mi="0" ci="4" mb="0" cb="2"/><line nr="978" mi="0" ci="8" mb="0" cb="0"/><line nr="987" mi="0" ci="4" mb="0" cb="2"/><line nr="988" mi="0" ci="8" mb="0" cb="0"/><line nr="998" mi="0" ci="3" mb="0" cb="0"/><line nr="1044" mi="0" ci="3" mb="0" cb="0"/><line nr="1057" mi="0" ci="4" mb="0" cb="2"/><line nr="1058" mi="0" ci="7" mb="0" cb="0"/><line nr="1059" mi="0" ci="4" mb="0" cb="0"/><line nr="1060" mi="0" ci="3" mb="0" cb="0"/><line nr="1061" mi="0" ci="1" mb="0" cb="0"/><line nr="1070" mi="0" ci="4" mb="0" cb="2"/><line nr="1071" mi="0" ci="8" mb="0" cb="0"/><line nr="1080" mi="0" ci="4" mb="0" cb="2"/><line nr="1081" mi="0" ci="8" mb="0" cb="0"/><line nr="1090" mi="0" ci="4" mb="0" cb="2"/><line nr="1091" mi="0" ci="8" mb="0" cb="0"/><line nr="1101" mi="0" ci="3" mb="0" cb="0"/><line nr="1146" mi="0" ci="3" mb="0" cb="0"/><line nr="1156" mi="0" ci="3" mb="0" cb="0"/><line nr="1173" mi="0" ci="3" mb="0" cb="2"/><line nr="1174" mi="0" ci="6" mb="0" cb="0"/><line nr="1176" mi="0" ci="3" mb="0" cb="0"/><line nr="1179" mi="0" ci="3" mb="0" cb="2"/><line nr="1180" mi="0" ci="6" mb="0" cb="0"/><line nr="1182" mi="0" ci="3" mb="0" cb="0"/><line nr="1185" mi="0" ci="3" mb="0" cb="0"/><line nr="1186" mi="0" ci="4" mb="0" cb="0"/><line nr="1188" mi="0" ci="5" mb="0" cb="0"/><line nr="1189" mi="0" ci="2" mb="0" cb="0"/><line nr="1190" mi="0" ci="7" mb="0" cb="2"/><line nr="1191" mi="0" ci="7" mb="0" cb="0"/><line nr="1192" mi="0" ci="5" mb="1" cb="1"/><line nr="1193" mi="2" ci="0" mb="0" cb="0"/><line nr="1194" mi="1" ci="0" mb="0" cb="0"/><line nr="1198" mi="0" ci="7" mb="2" cb="2"/><line nr="1200" mi="2" ci="0" mb="0" cb="0"/><line nr="1204" mi="0" ci="9" mb="1" cb="1"/><line nr="1205" mi="0" ci="5" mb="1" cb="1"/><line nr="1206" mi="2" ci="0" mb="0" cb="0"/><line nr="1210" mi="0" ci="7" mb="1" cb="1"/><line nr="1212" mi="0" ci="4" mb="0" cb="2"/><line nr="1213" mi="0" ci="4" mb="0" cb="0"/><line nr="1216" mi="0" ci="4" mb="0" cb="0"/><line nr="1218" mi="0" ci="1" mb="0" cb="0"/><line nr="1219" mi="0" ci="4" mb="0" cb="0"/><line nr="1222" mi="0" ci="4" mb="0" cb="0"/><line nr="1225" mi="0" ci="4" mb="0" cb="2"/><line nr="1226" mi="0" ci="4" mb="0" cb="0"/><line nr="1228" mi="0" ci="4" mb="0" cb="0"/><line nr="1229" mi="0" ci="3" mb="0" cb="0"/><line nr="1230" mi="0" ci="7" mb="0" cb="2"/><line nr="1231" mi="0" ci="11" mb="0" cb="0"/><line nr="1233" mi="0" ci="3" mb="0" cb="0"/><line nr="1234" mi="0" ci="1" mb="0" cb="0"/><line nr="1239" mi="4" ci="0" mb="0" cb="0"/><line nr="1242" mi="0" ci="5" mb="1" cb="1"/><line nr="1244" mi="0" ci="4" mb="0" cb="0"/><line nr="1246" mi="0" ci="4" mb="0" cb="0"/><line nr="1247" mi="0" ci="1" mb="0" cb="0"/><line nr="1248" mi="4" ci="0" mb="0" cb="0"/><line nr="1251" mi="0" ci="4" mb="0" cb="2"/><line nr="1252" mi="0" ci="4" mb="0" cb="0"/><line nr="1254" mi="0" ci="4" mb="0" cb="0"/><line nr="1255" mi="0" ci="3" mb="0" cb="0"/><line nr="1256" mi="0" ci="7" mb="0" cb="2"/><line nr="1257" mi="0" ci="11" mb="0" cb="0"/><line nr="1259" mi="0" ci="3" mb="0" cb="0"/><line nr="1262" mi="0" ci="3" mb="0" cb="0"/><line nr="1266" mi="0" ci="9" mb="1" cb="1"/><line nr="1269" mi="0" ci="9" mb="1" cb="1"/><line nr="1270" mi="0" ci="4" mb="0" cb="0"/><line nr="1272" mi="9" ci="0" mb="2" cb="0"/><line nr="1273" mi="4" ci="0" mb="0" cb="0"/><line nr="1275" mi="2" ci="0" mb="0" cb="0"/><line nr="1278" mi="0" ci="2" mb="1" cb="1"/><line nr="1279" mi="0" ci="3" mb="0" cb="0"/><line nr="1280" mi="0" ci="5" mb="0" cb="0"/><line nr="1284" mi="0" ci="3" mb="0" cb="0"/><line nr="1286" mi="0" ci="4" mb="0" cb="0"/><line nr="1287" mi="0" ci="4" mb="0" cb="0"/><line nr="1290" mi="0" ci="6" mb="0" cb="0"/><line nr="1291" mi="0" ci="5" mb="0" cb="2"/><line nr="1292" mi="0" ci="4" mb="0" cb="0"/><line nr="1294" mi="0" ci="2" mb="0" cb="0"/><line nr="1303" mi="0" ci="11" mb="0" cb="0"/><line nr="1307" mi="0" ci="1" mb="0" cb="0"/><line nr="1314" mi="0" ci="1" mb="0" cb="0"/><line nr="1321" mi="1" ci="0" mb="0" cb="0"/><line nr="1326" mi="0" ci="1" mb="0" cb="0"/><line nr="1331" mi="0" ci="1" mb="0" cb="0"/><line nr="1336" mi="1" ci="0" mb="0" cb="0"/><line nr="1341" mi="1" ci="0" mb="0" cb="0"/><line nr="1347" mi="0" ci="6" mb="0" cb="0"/><line nr="1348" mi="0" ci="1" mb="0" cb="0"/><line nr="1354" mi="0" ci="6" mb="0" cb="0"/><line nr="1355" mi="0" ci="1" mb="0" cb="0"/><line nr="1360" mi="0" ci="1" mb="0" cb="0"/><line nr="1363" mi="0" ci="6" mb="0" cb="0"/><line nr="1364" mi="0" ci="1" mb="0" cb="0"/><line nr="1373" mi="0" ci="3" mb="0" cb="0"/><line nr="1374" mi="0" ci="3" mb="0" cb="0"/><line nr="1376" mi="0" ci="5" mb="0" cb="0"/><line nr="1377" mi="0" ci="5" mb="0" cb="0"/><line nr="1378" mi="0" ci="5" mb="0" cb="0"/><line nr="1380" mi="0" ci="3" mb="0" cb="2"/><line nr="1381" mi="0" ci="9" mb="0" cb="0"/><line nr="1383" mi="0" ci="6" mb="0" cb="0"/><line nr="1385" mi="0" ci="3" mb="0" cb="2"/><line nr="1386" mi="0" ci="9" mb="0" cb="0"/><line nr="1388" mi="0" ci="6" mb="0" cb="0"/><line nr="1390" mi="0" ci="9" mb="1" cb="1"/><line nr="1391" mi="0" ci="5" mb="0" cb="0"/><line nr="1392" mi="6" ci="0" mb="2" cb="0"/><line nr="1393" mi="3" ci="0" mb="0" cb="0"/><line nr="1394" mi="4" ci="0" mb="0" cb="0"/><line nr="1397" mi="0" ci="3" mb="0" cb="2"/><line nr="1398" mi="0" ci="9" mb="0" cb="0"/><line nr="1400" mi="0" ci="6" mb="0" cb="0"/><line nr="1402" mi="0" ci="3" mb="0" cb="2"/><line nr="1403" mi="0" ci="9" mb="0" cb="0"/><line nr="1405" mi="0" ci="6" mb="0" cb="0"/><line nr="1407" mi="0" ci="3" mb="0" cb="2"/><line nr="1408" mi="0" ci="9" mb="0" cb="0"/><line nr="1410" mi="0" ci="6" mb="0" cb="0"/><line nr="1412" mi="0" ci="9" mb="1" cb="1"/><line nr="1413" mi="0" ci="5" mb="0" cb="0"/><line nr="1414" mi="9" ci="0" mb="2" cb="0"/><line nr="1415" mi="4" ci="0" mb="0" cb="0"/><line nr="1417" mi="0" ci="1" mb="0" cb="0"/><line nr="1427" mi="0" ci="7" mb="0" cb="0"/><line nr="1437" mi="0" ci="2" mb="0" cb="0"/><counter type="INSTRUCTION" missed="65" covered="1050"/><counter type="BRANCH" missed="22" covered="108"/><counter type="LINE" missed="20" covered="246"/><counter type="COMPLEXITY" missed="22" covered="120"/><counter type="METHOD" missed="3" covered="74"/><counter type="CLASS" missed="0" covered="2"/></sourcefile><sourcefile name="ExhaustiveAccelerometerIntervalDetectorThresholdFactorOptimizer.java"><line nr="46" mi="0" ci="12" mb="0" cb="0"/><line nr="52" mi="0" ci="2" mb="0" cb="0"/><line nr="53" mi="0" ci="1" mb="0" cb="0"/><line nr="62" mi="0" ci="3" mb="0" cb="0"/><line nr="63" mi="0" ci="1" mb="0" cb="0"/><line nr="75" mi="0" ci="3" mb="0" cb="0"/><line nr="76" mi="0" ci="1" mb="0" cb="0"/><line nr="90" mi="0" ci="4" mb="0" cb="0"/><line nr="91" mi="0" ci="1" mb="0" cb="0"/><line nr="100" mi="0" ci="3" mb="0" cb="0"/><line nr="112" mi="0" ci="3" mb="0" cb="2"/><line nr="113" mi="0" ci="4" mb="0" cb="0"/><line nr="115" mi="0" ci="4" mb="0" cb="2"/><line nr="116" mi="0" ci="4" mb="0" cb="0"/><line nr="119" mi="0" ci="3" mb="0" cb="0"/><line nr="120" mi="0" ci="1" mb="0" cb="0"/><line nr="136" mi="0" ci="3" mb="0" cb="2"/><line nr="137" mi="0" ci="4" mb="0" cb="0"/><line nr="140" mi="0" ci="3" mb="1" cb="1"/><line nr="141" mi="4" ci="0" mb="0" cb="0"/><line nr="144" mi="0" ci="2" mb="0" cb="0"/><line nr="145" mi="0" ci="3" mb="0" cb="0"/><line nr="147" mi="0" ci="3" mb="0" cb="0"/><line nr="149" mi="0" ci="2" mb="0" cb="0"/><line nr="150" mi="0" ci="13" mb="0" cb="0"/><line nr="153" mi="0" ci="3" mb="1" cb="1"/><line nr="154" mi="0" ci="4" mb="0" cb="0"/><line nr="157" mi="0" ci="3" mb="0" cb="0"/><line nr="158" mi="0" ci="5" mb="0" cb="2"/><line nr="159" mi="0" ci="6" mb="0" cb="0"/><line nr="161" mi="0" ci="4" mb="0" cb="0"/><line nr="162" mi="0" ci="2" mb="0" cb="0"/><line nr="163" mi="1" ci="0" mb="0" cb="0"/><line nr="165" mi="0" ci="1" mb="0" cb="0"/><line nr="167" mi="0" ci="6" mb="0" cb="0"/><line nr="168" mi="0" ci="2" mb="0" cb="0"/><line nr="171" mi="0" ci="2" mb="1" cb="1"/><line nr="172" mi="4" ci="0" mb="0" cb="0"/><line nr="175" mi="0" ci="3" mb="1" cb="1"/><line nr="176" mi="0" ci="4" mb="0" cb="0"/><line nr="180" mi="0" ci="3" mb="0" cb="0"/><line nr="183" mi="0" ci="3" mb="0" cb="0"/><counter type="INSTRUCTION" missed="9" covered="134"/><counter type="BRANCH" missed="4" covered="12"/><counter type="LINE" missed="3" covered="39"/><counter type="COMPLEXITY" missed="4" covered="11"/><counter type="METHOD" missed="0" covered="7"/><counter type="CLASS" missed="0" covered="1"/></sourcefile><counter type="INSTRUCTION" missed="435" covered="6237"/><counter type="BRANCH" missed="120" covered="588"/><counter type="LINE" missed="175" covered="1656"/><counter type="COMPLEXITY" missed="125" covered="710"/><counter type="METHOD" missed="15" covered="466"/><counter type="CLASS" missed="0" covered="27"/></package><counter type="INSTRUCTION" missed="547" covered="12909"/><counter type="BRANCH" missed="151" covered="1041"/><counter type="LINE" missed="225" covered="3423"/><counter type="COMPLEXITY" missed="155" covered="1456"/><counter type="METHOD" missed="15" covered="1000"/><counter type="CLASS" missed="0" covered="35"/></report>