<?xml version="1.0" encoding="UTF-8" standalone="yes"?><!DOCTYPE report PUBLIC "-//JACOCO//DTD Report 1.1//EN" "report.dtd"><report name="com.irurueta:irurueta-navigation-inertial-extra"><sessioninfo id="fv-az1114-199-fc7f30a3" start="1728681777354" dump="1728682690543"/><package name="com/irurueta/navigation/inertial/calibration"><class name="com/irurueta/navigation/inertial/calibration/VelocityNoiseStandardDeviationSource" sourcefilename="VelocityNoiseStandardDeviationSource.java"/><class name="com/irurueta/navigation/inertial/calibration/PositionNoiseStandardDeviationSource" sourcefilename="PositionNoiseStandardDeviationSource.java"/><class name="com/irurueta/navigation/inertial/calibration/GyroscopeBiasRandomWalkSource" sourcefilename="GyroscopeBiasRandomWalkSource.java"/><class name="com/irurueta/navigation/inertial/calibration/INSLooselyCoupledKalmanInitializerConfigCreator" sourcefilename="INSLooselyCoupledKalmanInitializerConfigCreator.java"><method name="&lt;init&gt;" desc="()V" line="58"><counter type="INSTRUCTION" missed="0" covered="3"/><counter type="LINE" missed="0" covered="2"/><counter type="COMPLEXITY" missed="0" covered="1"/><counter type="METHOD" missed="0" covered="1"/></method><method name="&lt;init&gt;" desc="(Lcom/irurueta/navigation/inertial/calibration/AccelerometerBiasUncertaintySource;Lcom/irurueta/navigation/inertial/calibration/GyroscopeBiasUncertaintySource;Lcom/irurueta/navigation/inertial/calibration/AttitudeUncertaintySource;Lcom/irurueta/navigation/inertial/calibration/VelocityUncertaintySource;Lcom/irurueta/navigation/inertial/calibration/PositionUncertaintySource;)V" line="75"><counter type="INSTRUCTION" missed="0" covered="18"/><counter type="LINE" missed="0" covered="7"/><counter type="COMPLEXITY" missed="0" covered="1"/><counter type="METHOD" missed="0" covered="1"/></method><method name="&lt;init&gt;" desc="(Lcom/irurueta/navigation/inertial/calibration/AccelerometerBiasUncertaintySource;Lcom/irurueta/navigation/inertial/calibration/GyroscopeBiasUncertaintySource;Lcom/irurueta/navigation/inertial/calibration/RandomWalkEstimator;)V" line="94"><counter type="INSTRUCTION" missed="0" covered="8"/><counter type="LINE" missed="0" covered="2"/><counter type="COMPLEXITY" missed="0" covered="1"/><counter type="METHOD" missed="0" covered="1"/></method><method name="getAccelerometerBiasUncertaintySource" desc="()Lcom/irurueta/navigation/inertial/calibration/AccelerometerBiasUncertaintySource;" line="104"><counter type="INSTRUCTION" missed="0" covered="3"/><counter type="LINE" missed="0" covered="1"/><counter type="COMPLEXITY" missed="0" covered="1"/><counter type="METHOD" missed="0" covered="1"/></method><method name="setAccelerometerBiasUncertaintySource" desc="(Lcom/irurueta/navigation/inertial/calibration/AccelerometerBiasUncertaintySource;)V" line="114"><counter type="INSTRUCTION" missed="0" covered="4"/><counter type="LINE" missed="0" covered="2"/><counter type="COMPLEXITY" missed="0" covered="1"/><counter type="METHOD" missed="0" covered="1"/></method><method name="getGyroscopeBiasUncertaintySource" desc="()Lcom/irurueta/navigation/inertial/calibration/GyroscopeBiasUncertaintySource;" line="123"><counter type="INSTRUCTION" missed="0" covered="3"/><counter type="LINE" missed="0" covered="1"/><counter type="COMPLEXITY" missed="0" covered="1"/><counter type="METHOD" missed="0" covered="1"/></method><method name="setGyroscopeBiasUncertaintySource" desc="(Lcom/irurueta/navigation/inertial/calibration/GyroscopeBiasUncertaintySource;)V" line="133"><counter type="INSTRUCTION" missed="0" covered="4"/><counter type="LINE" missed="0" covered="2"/><counter type="COMPLEXITY" missed="0" covered="1"/><counter type="METHOD" missed="0" covered="1"/></method><method name="getAttitudeUncertaintySource" desc="()Lcom/irurueta/navigation/inertial/calibration/AttitudeUncertaintySource;" line="142"><counter type="INSTRUCTION" missed="0" covered="3"/><counter type="LINE" missed="0" covered="1"/><counter type="COMPLEXITY" missed="0" covered="1"/><counter type="METHOD" missed="0" covered="1"/></method><method name="setAttitudeUncertaintySource" desc="(Lcom/irurueta/navigation/inertial/calibration/AttitudeUncertaintySource;)V" line="152"><counter type="INSTRUCTION" missed="0" covered="4"/><counter type="LINE" missed="0" covered="2"/><counter type="COMPLEXITY" missed="0" covered="1"/><counter type="METHOD" missed="0" covered="1"/></method><method name="getVelocityUncertaintySource" desc="()Lcom/irurueta/navigation/inertial/calibration/VelocityUncertaintySource;" line="161"><counter type="INSTRUCTION" missed="0" covered="3"/><counter type="LINE" missed="0" covered="1"/><counter type="COMPLEXITY" missed="0" covered="1"/><counter type="METHOD" missed="0" covered="1"/></method><method name="setVelocityUncertaintySource" desc="(Lcom/irurueta/navigation/inertial/calibration/VelocityUncertaintySource;)V" line="171"><counter type="INSTRUCTION" missed="0" covered="4"/><counter type="LINE" missed="0" covered="2"/><counter type="COMPLEXITY" missed="0" covered="1"/><counter type="METHOD" missed="0" covered="1"/></method><method name="getPositionUncertaintySource" desc="()Lcom/irurueta/navigation/inertial/calibration/PositionUncertaintySource;" line="180"><counter type="INSTRUCTION" missed="0" covered="3"/><counter type="LINE" missed="0" covered="1"/><counter type="COMPLEXITY" missed="0" covered="1"/><counter type="METHOD" missed="0" covered="1"/></method><method name="setPositionUncertaintySource" desc="(Lcom/irurueta/navigation/inertial/calibration/PositionUncertaintySource;)V" line="190"><counter type="INSTRUCTION" missed="0" covered="4"/><counter type="LINE" missed="0" covered="2"/><counter type="COMPLEXITY" missed="0" covered="1"/><counter type="METHOD" missed="0" covered="1"/></method><method name="isReady" desc="()Z" line="200"><counter type="INSTRUCTION" missed="0" covered="27"/><counter type="BRANCH" missed="5" covered="9"/><counter type="LINE" missed="0" covered="3"/><counter type="COMPLEXITY" missed="5" covered="3"/><counter type="METHOD" missed="0" covered="1"/></method><method name="create" desc="()Lcom/irurueta/navigation/inertial/INSLooselyCoupledKalmanInitializerConfig;" line="217"><counter type="INSTRUCTION" missed="0" covered="38"/><counter type="BRANCH" missed="0" covered="2"/><counter type="LINE" missed="0" covered="13"/><counter type="COMPLEXITY" missed="0" covered="2"/><counter type="METHOD" missed="0" covered="1"/></method><counter type="INSTRUCTION" missed="0" covered="129"/><counter type="BRANCH" missed="5" covered="11"/><counter type="LINE" missed="0" covered="42"/><counter type="COMPLEXITY" missed="5" covered="18"/><counter type="METHOD" missed="0" covered="15"/><counter type="CLASS" missed="0" covered="1"/></class><class name="com/irurueta/navigation/inertial/calibration/INSLooselyCoupledKalmanConfigCreator" sourcefilename="INSLooselyCoupledKalmanConfigCreator.java"><method name="&lt;init&gt;" desc="()V" line="67"><counter type="INSTRUCTION" missed="0" covered="3"/><counter type="LINE" missed="0" covered="2"/><counter type="COMPLEXITY" missed="0" covered="1"/><counter type="METHOD" missed="0" covered="1"/></method><method name="&lt;init&gt;" desc="(Lcom/irurueta/navigation/inertial/calibration/AccelerometerNoiseRootPsdSource;Lcom/irurueta/navigation/inertial/calibration/GyroscopeNoiseRootPsdSource;Lcom/irurueta/navigation/inertial/calibration/AccelerometerBiasRandomWalkSource;Lcom/irurueta/navigation/inertial/calibration/GyroscopeBiasRandomWalkSource;Lcom/irurueta/navigation/inertial/calibration/PositionNoiseStandardDeviationSource;Lcom/irurueta/navigation/inertial/calibration/VelocityNoiseStandardDeviationSource;)V" line="86"><counter type="INSTRUCTION" missed="0" covered="21"/><counter type="LINE" missed="0" covered="8"/><counter type="COMPLEXITY" missed="0" covered="1"/><counter type="METHOD" missed="0" covered="1"/></method><method name="&lt;init&gt;" desc="(Lcom/irurueta/navigation/inertial/calibration/generators/AccelerometerAndGyroscopeMeasurementsGenerator;Lcom/irurueta/navigation/inertial/calibration/RandomWalkEstimator;)V" line="105"><counter type="INSTRUCTION" missed="0" covered="9"/><counter type="LINE" missed="0" covered="2"/><counter type="COMPLEXITY" missed="0" covered="1"/><counter type="METHOD" missed="0" covered="1"/></method><method name="&lt;init&gt;" desc="(Lcom/irurueta/navigation/inertial/calibration/generators/AccelerometerGyroscopeAndMagnetometerMeasurementsGenerator;Lcom/irurueta/navigation/inertial/calibration/RandomWalkEstimator;)V" line="119"><counter type="INSTRUCTION" missed="0" covered="9"/><counter type="LINE" missed="0" covered="2"/><counter type="COMPLEXITY" missed="0" covered="1"/><counter type="METHOD" missed="0" covered="1"/></method><method name="&lt;init&gt;" desc="(Lcom/irurueta/navigation/inertial/calibration/intervals/thresholdfactor/AccelerometerAndGyroscopeIntervalDetectorThresholdFactorOptimizer;Lcom/irurueta/navigation/inertial/calibration/RandomWalkEstimator;)V" line="133"><counter type="INSTRUCTION" missed="0" covered="9"/><counter type="LINE" missed="0" covered="2"/><counter type="COMPLEXITY" missed="0" covered="1"/><counter type="METHOD" missed="0" covered="1"/></method><method name="&lt;init&gt;" desc="(Lcom/irurueta/navigation/inertial/calibration/intervals/thresholdfactor/AccelerometerGyroscopeAndMagnetometerIntervalDetectorThresholdFactorOptimizer;Lcom/irurueta/navigation/inertial/calibration/RandomWalkEstimator;)V" line="147"><counter type="INSTRUCTION" missed="0" covered="9"/><counter type="LINE" missed="0" covered="2"/><counter type="COMPLEXITY" missed="0" covered="1"/><counter type="METHOD" missed="0" covered="1"/></method><method name="getAccelerometerNoiseRootPsdSource" desc="()Lcom/irurueta/navigation/inertial/calibration/AccelerometerNoiseRootPsdSource;" line="157"><counter type="INSTRUCTION" missed="0" covered="3"/><counter type="LINE" missed="0" covered="1"/><counter type="COMPLEXITY" missed="0" covered="1"/><counter type="METHOD" missed="0" covered="1"/></method><method name="setAccelerometerNoiseRootPsdSource" desc="(Lcom/irurueta/navigation/inertial/calibration/AccelerometerNoiseRootPsdSource;)V" line="168"><counter type="INSTRUCTION" missed="0" covered="4"/><counter type="LINE" missed="0" covered="2"/><counter type="COMPLEXITY" missed="0" covered="1"/><counter type="METHOD" missed="0" covered="1"/></method><method name="getGyroscopeNoiseRootPsdSource" desc="()Lcom/irurueta/navigation/inertial/calibration/GyroscopeNoiseRootPsdSource;" line="177"><counter type="INSTRUCTION" missed="0" covered="3"/><counter type="LINE" missed="0" covered="1"/><counter type="COMPLEXITY" missed="0" covered="1"/><counter type="METHOD" missed="0" covered="1"/></method><method name="sstGyroscopeNoiseRootPsdSource" desc="(Lcom/irurueta/navigation/inertial/calibration/GyroscopeNoiseRootPsdSource;)V" line="188"><counter type="INSTRUCTION" missed="0" covered="4"/><counter type="LINE" missed="0" covered="2"/><counter type="COMPLEXITY" missed="0" covered="1"/><counter type="METHOD" missed="0" covered="1"/></method><method name="getAccelerometerBiasRandomWalkSource" desc="()Lcom/irurueta/navigation/inertial/calibration/AccelerometerBiasRandomWalkSource;" line="197"><counter type="INSTRUCTION" missed="0" covered="3"/><counter type="LINE" missed="0" covered="1"/><counter type="COMPLEXITY" missed="0" covered="1"/><counter type="METHOD" missed="0" covered="1"/></method><method name="setAccelerometerBiasRandomWalkSource" desc="(Lcom/irurueta/navigation/inertial/calibration/AccelerometerBiasRandomWalkSource;)V" line="208"><counter type="INSTRUCTION" missed="0" covered="4"/><counter type="LINE" missed="0" covered="2"/><counter type="COMPLEXITY" missed="0" covered="1"/><counter type="METHOD" missed="0" covered="1"/></method><method name="getGyroscopeBiasRandomWalkSource" desc="()Lcom/irurueta/navigation/inertial/calibration/GyroscopeBiasRandomWalkSource;" line="217"><counter type="INSTRUCTION" missed="0" covered="3"/><counter type="LINE" missed="0" covered="1"/><counter type="COMPLEXITY" missed="0" covered="1"/><counter type="METHOD" missed="0" covered="1"/></method><method name="setGyroscopeBiasRandomWalkSource" desc="(Lcom/irurueta/navigation/inertial/calibration/GyroscopeBiasRandomWalkSource;)V" line="228"><counter type="INSTRUCTION" missed="0" covered="4"/><counter type="LINE" missed="0" covered="2"/><counter type="COMPLEXITY" missed="0" covered="1"/><counter type="METHOD" missed="0" covered="1"/></method><method name="getPositionNoiseStandardDeviationSource" desc="()Lcom/irurueta/navigation/inertial/calibration/PositionNoiseStandardDeviationSource;" line="237"><counter type="INSTRUCTION" missed="0" covered="3"/><counter type="LINE" missed="0" covered="1"/><counter type="COMPLEXITY" missed="0" covered="1"/><counter type="METHOD" missed="0" covered="1"/></method><method name="setPositionNoiseStandardDeviationSource" desc="(Lcom/irurueta/navigation/inertial/calibration/PositionNoiseStandardDeviationSource;)V" line="248"><counter type="INSTRUCTION" missed="0" covered="4"/><counter type="LINE" missed="0" covered="2"/><counter type="COMPLEXITY" missed="0" covered="1"/><counter type="METHOD" missed="0" covered="1"/></method><method name="getVelocityNoiseStandardDeviationSource" desc="()Lcom/irurueta/navigation/inertial/calibration/VelocityNoiseStandardDeviationSource;" line="257"><counter type="INSTRUCTION" missed="0" covered="3"/><counter type="LINE" missed="0" covered="1"/><counter type="COMPLEXITY" missed="0" covered="1"/><counter type="METHOD" missed="0" covered="1"/></method><method name="setVelocityNoiseStandardDeviationSource" desc="(Lcom/irurueta/navigation/inertial/calibration/VelocityNoiseStandardDeviationSource;)V" line="268"><counter type="INSTRUCTION" missed="0" covered="4"/><counter type="LINE" missed="0" covered="2"/><counter type="COMPLEXITY" missed="0" covered="1"/><counter type="METHOD" missed="0" covered="1"/></method><method name="isReady" desc="()Z" line="278"><counter type="INSTRUCTION" missed="0" covered="22"/><counter type="BRANCH" missed="5" covered="7"/><counter type="LINE" missed="0" covered="1"/><counter type="COMPLEXITY" missed="5" covered="2"/><counter type="METHOD" missed="0" covered="1"/></method><method name="create" desc="()Lcom/irurueta/navigation/inertial/INSLooselyCoupledKalmanConfig;" line="294"><counter type="INSTRUCTION" missed="0" covered="45"/><counter type="BRANCH" missed="0" covered="2"/><counter type="LINE" missed="0" covered="11"/><counter type="COMPLEXITY" missed="0" covered="2"/><counter type="METHOD" missed="0" covered="1"/></method><counter type="INSTRUCTION" missed="0" covered="169"/><counter type="BRANCH" missed="5" covered="9"/><counter type="LINE" missed="0" covered="48"/><counter type="COMPLEXITY" missed="5" covered="22"/><counter type="METHOD" missed="0" covered="20"/><counter type="CLASS" missed="0" covered="1"/></class><class name="com/irurueta/navigation/inertial/calibration/BuildInfo" sourcefilename="BuildInfo.java"><method name="&lt;init&gt;" desc="()V" line="128"><counter type="INSTRUCTION" missed="6" covered="60"/><counter type="LINE" missed="2" covered="15"/><counter type="COMPLEXITY" missed="0" covered="1"/><counter type="METHOD" missed="0" covered="1"/></method><method name="getInstance" desc="()Lcom/irurueta/navigation/inertial/calibration/BuildInfo;" line="158"><counter type="INSTRUCTION" missed="0" covered="19"/><counter type="BRANCH" missed="1" covered="3"/><counter type="LINE" missed="0" covered="4"/><counter type="COMPLEXITY" missed="1" covered="2"/><counter type="METHOD" missed="0" covered="1"/></method><method name="getBuildTimestamp" desc="()Ljava/util/Date;" line="172"><counter type="INSTRUCTION" missed="0" covered="5"/><counter type="LINE" missed="0" covered="1"/><counter type="COMPLEXITY" missed="0" covered="1"/><counter type="METHOD" missed="0" covered="1"/></method><method name="getGroupId" desc="()Ljava/lang/String;" line="181"><counter type="INSTRUCTION" missed="0" covered="3"/><counter type="LINE" missed="0" covered="1"/><counter type="COMPLEXITY" missed="0" covered="1"/><counter type="METHOD" missed="0" covered="1"/></method><method name="getArtifactId" desc="()Ljava/lang/String;" line="190"><counter type="INSTRUCTION" missed="0" covered="3"/><counter type="LINE" missed="0" covered="1"/><counter type="COMPLEXITY" missed="0" covered="1"/><counter type="METHOD" missed="0" covered="1"/></method><method name="getVersion" desc="()Ljava/lang/String;" line="199"><counter type="INSTRUCTION" missed="0" covered="3"/><counter type="LINE" missed="0" covered="1"/><counter type="COMPLEXITY" missed="0" covered="1"/><counter type="METHOD" missed="0" covered="1"/></method><method name="getBuildNumber" desc="()Ljava/lang/String;" line="208"><counter type="INSTRUCTION" missed="0" covered="3"/><counter type="LINE" missed="0" covered="1"/><counter type="COMPLEXITY" missed="0" covered="1"/><counter type="METHOD" missed="0" covered="1"/></method><method name="getCommit" desc="()Ljava/lang/String;" line="217"><counter type="INSTRUCTION" missed="0" covered="3"/><counter type="LINE" missed="0" covered="1"/><counter type="COMPLEXITY" missed="0" covered="1"/><counter type="METHOD" missed="0" covered="1"/></method><method name="getBranch" desc="()Ljava/lang/String;" line="226"><counter type="INSTRUCTION" missed="0" covered="3"/><counter type="LINE" missed="0" covered="1"/><counter type="COMPLEXITY" missed="0" covered="1"/><counter type="METHOD" missed="0" covered="1"/></method><method name="&lt;clinit&gt;" desc="()V" line="35"><counter type="INSTRUCTION" missed="0" covered="5"/><counter type="LINE" missed="0" covered="1"/><counter type="COMPLEXITY" missed="0" covered="1"/><counter type="METHOD" missed="0" covered="1"/></method><counter type="INSTRUCTION" missed="6" covered="107"/><counter type="BRANCH" missed="1" covered="3"/><counter type="LINE" missed="2" covered="27"/><counter type="COMPLEXITY" missed="1" covered="11"/><counter type="METHOD" missed="0" covered="10"/><counter type="CLASS" missed="0" covered="1"/></class><class name="com/irurueta/navigation/inertial/calibration/RandomWalkEstimator" sourcefilename="RandomWalkEstimator.java"><method name="&lt;init&gt;" desc="()V" line="72"><counter type="INSTRUCTION" missed="0" covered="39"/><counter type="LINE" missed="0" covered="10"/><counter type="COMPLEXITY" missed="0" covered="1"/><counter type="METHOD" missed="0" covered="1"/></method><method name="&lt;init&gt;" desc="(Lcom/irurueta/navigation/inertial/calibration/RandomWalkEstimatorListener;)V" line="72"><counter type="INSTRUCTION" missed="0" covered="42"/><counter type="LINE" missed="0" covered="11"/><counter type="COMPLEXITY" missed="0" covered="1"/><counter type="METHOD" missed="0" covered="1"/></method><method name="&lt;init&gt;" desc="(Lcom/irurueta/navigation/inertial/calibration/AccelerationTriad;Lcom/irurueta/algebra/Matrix;Lcom/irurueta/navigation/inertial/calibration/AngularSpeedTriad;Lcom/irurueta/algebra/Matrix;)V" line="72"><counter type="INSTRUCTION" missed="1" covered="52"/><counter type="LINE" missed="1" covered="15"/><counter type="COMPLEXITY" missed="0" covered="1"/><counter type="METHOD" missed="0" covered="1"/></method><method name="&lt;init&gt;" desc="(Lcom/irurueta/navigation/inertial/calibration/AccelerationTriad;Lcom/irurueta/algebra/Matrix;Lcom/irurueta/navigation/inertial/calibration/AngularSpeedTriad;Lcom/irurueta/algebra/Matrix;Lcom/irurueta/navigation/inertial/calibration/RandomWalkEstimatorListener;)V" line="227"><counter type="INSTRUCTION" missed="0" covered="10"/><counter type="LINE" missed="0" covered="3"/><counter type="COMPLEXITY" missed="0" covered="1"/><counter type="METHOD" missed="0" covered="1"/></method><method name="&lt;init&gt;" desc="(Lcom/irurueta/navigation/inertial/calibration/AccelerationTriad;Lcom/irurueta/algebra/Matrix;Lcom/irurueta/navigation/inertial/calibration/AngularSpeedTriad;Lcom/irurueta/algebra/Matrix;Lcom/irurueta/algebra/Matrix;)V" line="249"><counter type="INSTRUCTION" missed="1" covered="11"/><counter type="LINE" missed="1" covered="4"/><counter type="COMPLEXITY" missed="0" covered="1"/><counter type="METHOD" missed="0" covered="1"/></method><method name="&lt;init&gt;" desc="(Lcom/irurueta/navigation/inertial/calibration/AccelerationTriad;Lcom/irurueta/algebra/Matrix;Lcom/irurueta/navigation/inertial/calibration/AngularSpeedTriad;Lcom/irurueta/algebra/Matrix;Lcom/irurueta/algebra/Matrix;Lcom/irurueta/navigation/inertial/calibration/RandomWalkEstimatorListener;)V" line="277"><counter type="INSTRUCTION" missed="0" covered="11"/><counter type="LINE" missed="0" covered="3"/><counter type="COMPLEXITY" missed="0" covered="1"/><counter type="METHOD" missed="0" covered="1"/></method><method name="&lt;init&gt;" desc="(Lcom/irurueta/algebra/Matrix;Lcom/irurueta/algebra/Matrix;Lcom/irurueta/algebra/Matrix;Lcom/irurueta/algebra/Matrix;)V" line="72"><counter type="INSTRUCTION" missed="1" covered="52"/><counter type="LINE" missed="1" covered="15"/><counter type="COMPLEXITY" missed="0" covered="1"/><counter type="METHOD" missed="0" covered="1"/></method><method name="&lt;init&gt;" desc="(Lcom/irurueta/algebra/Matrix;Lcom/irurueta/algebra/Matrix;Lcom/irurueta/algebra/Matrix;Lcom/irurueta/algebra/Matrix;Lcom/irurueta/navigation/inertial/calibration/RandomWalkEstimatorListener;)V" line="331"><counter type="INSTRUCTION" missed="0" covered="10"/><counter type="LINE" missed="0" covered="3"/><counter type="COMPLEXITY" missed="0" covered="1"/><counter type="METHOD" missed="0" covered="1"/></method><method name="&lt;init&gt;" desc="(Lcom/irurueta/algebra/Matrix;Lcom/irurueta/algebra/Matrix;Lcom/irurueta/algebra/Matrix;Lcom/irurueta/algebra/Matrix;Lcom/irurueta/algebra/Matrix;)V" line="356"><counter type="INSTRUCTION" missed="1" covered="11"/><counter type="LINE" missed="1" covered="4"/><counter type="COMPLEXITY" missed="0" covered="1"/><counter type="METHOD" missed="0" covered="1"/></method><method name="&lt;init&gt;" desc="(Lcom/irurueta/algebra/Matrix;Lcom/irurueta/algebra/Matrix;Lcom/irurueta/algebra/Matrix;Lcom/irurueta/algebra/Matrix;Lcom/irurueta/algebra/Matrix;Lcom/irurueta/navigation/inertial/calibration/RandomWalkEstimatorListener;)V" line="387"><counter type="INSTRUCTION" missed="0" covered="11"/><counter type="LINE" missed="0" covered="3"/><counter type="COMPLEXITY" missed="0" covered="1"/><counter type="METHOD" missed="0" covered="1"/></method><method name="&lt;init&gt;" desc="(Lcom/irurueta/navigation/frames/NEDPosition;Lcom/irurueta/navigation/frames/CoordinateTransformation;)V" line="72"><counter type="INSTRUCTION" missed="1" covered="44"/><counter type="LINE" missed="1" covered="12"/><counter type="COMPLEXITY" missed="0" covered="1"/><counter type="METHOD" missed="0" covered="1"/></method><method name="&lt;init&gt;" desc="(Lcom/irurueta/navigation/frames/NEDPosition;Lcom/irurueta/navigation/frames/CoordinateTransformation;Lcom/irurueta/navigation/inertial/calibration/RandomWalkEstimatorListener;)V" line="428"><counter type="INSTRUCTION" missed="0" covered="8"/><counter type="LINE" missed="0" covered="3"/><counter type="COMPLEXITY" missed="0" covered="1"/><counter type="METHOD" missed="0" covered="1"/></method><method name="&lt;init&gt;" desc="(Lcom/irurueta/navigation/frames/NEDPosition;Lcom/irurueta/navigation/frames/CoordinateTransformation;Lcom/irurueta/navigation/inertial/calibration/AccelerationTriad;Lcom/irurueta/algebra/Matrix;Lcom/irurueta/navigation/inertial/calibration/AngularSpeedTriad;Lcom/irurueta/algebra/Matrix;)V" line="457"><counter type="INSTRUCTION" missed="1" covered="18"/><counter type="LINE" missed="1" covered="7"/><counter type="COMPLEXITY" missed="0" covered="1"/><counter type="METHOD" missed="0" covered="1"/></method><method name="&lt;init&gt;" desc="(Lcom/irurueta/navigation/frames/NEDPosition;Lcom/irurueta/navigation/frames/CoordinateTransformation;Lcom/irurueta/navigation/inertial/calibration/AccelerationTriad;Lcom/irurueta/algebra/Matrix;Lcom/irurueta/navigation/inertial/calibration/AngularSpeedTriad;Lcom/irurueta/algebra/Matrix;Lcom/irurueta/navigation/inertial/calibration/RandomWalkEstimatorListener;)V" line="495"><counter type="INSTRUCTION" missed="0" covered="12"/><counter type="LINE" missed="0" covered="3"/><counter type="COMPLEXITY" missed="0" covered="1"/><counter type="METHOD" missed="0" covered="1"/></method><method name="&lt;init&gt;" desc="(Lcom/irurueta/navigation/frames/NEDPosition;Lcom/irurueta/navigation/frames/CoordinateTransformation;Lcom/irurueta/navigation/inertial/calibration/AccelerationTriad;Lcom/irurueta/algebra/Matrix;Lcom/irurueta/navigation/inertial/calibration/AngularSpeedTriad;Lcom/irurueta/algebra/Matrix;Lcom/irurueta/algebra/Matrix;)V" line="526"><counter type="INSTRUCTION" missed="1" covered="21"/><counter type="LINE" missed="1" covered="8"/><counter type="COMPLEXITY" missed="0" covered="1"/><counter type="METHOD" missed="0" covered="1"/></method><method name="&lt;init&gt;" desc="(Lcom/irurueta/navigation/frames/NEDPosition;Lcom/irurueta/navigation/frames/CoordinateTransformation;Lcom/irurueta/navigation/inertial/calibration/AccelerationTriad;Lcom/irurueta/algebra/Matrix;Lcom/irurueta/navigation/inertial/calibration/AngularSpeedTriad;Lcom/irurueta/algebra/Matrix;Lcom/irurueta/algebra/Matrix;Lcom/irurueta/navigation/inertial/calibration/RandomWalkEstimatorListener;)V" line="567"><counter type="INSTRUCTION" missed="0" covered="13"/><counter type="LINE" missed="0" covered="3"/><counter type="COMPLEXITY" missed="0" covered="1"/><counter type="METHOD" missed="0" covered="1"/></method><method name="&lt;init&gt;" desc="(Lcom/irurueta/navigation/frames/NEDPosition;Lcom/irurueta/navigation/frames/CoordinateTransformation;Lcom/irurueta/algebra/Matrix;Lcom/irurueta/algebra/Matrix;Lcom/irurueta/algebra/Matrix;Lcom/irurueta/algebra/Matrix;)V" line="598"><counter type="INSTRUCTION" missed="1" covered="18"/><counter type="LINE" missed="1" covered="7"/><counter type="COMPLEXITY" missed="0" covered="1"/><counter type="METHOD" missed="0" covered="1"/></method><method name="&lt;init&gt;" desc="(Lcom/irurueta/navigation/frames/NEDPosition;Lcom/irurueta/navigation/frames/CoordinateTransformation;Lcom/irurueta/algebra/Matrix;Lcom/irurueta/algebra/Matrix;Lcom/irurueta/algebra/Matrix;Lcom/irurueta/algebra/Matrix;Lcom/irurueta/navigation/inertial/calibration/RandomWalkEstimatorListener;)V" line="638"><counter type="INSTRUCTION" missed="0" covered="12"/><counter type="LINE" missed="0" covered="3"/><counter type="COMPLEXITY" missed="0" covered="1"/><counter type="METHOD" missed="0" covered="1"/></method><method name="&lt;init&gt;" desc="(Lcom/irurueta/navigation/frames/NEDPosition;Lcom/irurueta/navigation/frames/CoordinateTransformation;Lcom/irurueta/algebra/Matrix;Lcom/irurueta/algebra/Matrix;Lcom/irurueta/algebra/Matrix;Lcom/irurueta/algebra/Matrix;Lcom/irurueta/algebra/Matrix;)V" line="671"><counter type="INSTRUCTION" missed="1" covered="13"/><counter type="LINE" missed="1" covered="4"/><counter type="COMPLEXITY" missed="0" covered="1"/><counter type="METHOD" missed="0" covered="1"/></method><method name="&lt;init&gt;" desc="(Lcom/irurueta/navigation/frames/NEDPosition;Lcom/irurueta/navigation/frames/CoordinateTransformation;Lcom/irurueta/algebra/Matrix;Lcom/irurueta/algebra/Matrix;Lcom/irurueta/algebra/Matrix;Lcom/irurueta/algebra/Matrix;Lcom/irurueta/algebra/Matrix;Lcom/irurueta/navigation/inertial/calibration/RandomWalkEstimatorListener;)V" line="710"><counter type="INSTRUCTION" missed="0" covered="13"/><counter type="LINE" missed="0" covered="3"/><counter type="COMPLEXITY" missed="0" covered="1"/><counter type="METHOD" missed="0" covered="1"/></method><method name="&lt;init&gt;" desc="(Lcom/irurueta/navigation/frames/ECEFPosition;Lcom/irurueta/navigation/frames/CoordinateTransformation;)V" line="72"><counter type="INSTRUCTION" missed="1" covered="44"/><counter type="LINE" missed="1" covered="12"/><counter type="COMPLEXITY" missed="0" covered="1"/><counter type="METHOD" missed="0" covered="1"/></method><method name="&lt;init&gt;" desc="(Lcom/irurueta/navigation/frames/ECEFPosition;Lcom/irurueta/navigation/frames/CoordinateTransformation;Lcom/irurueta/navigation/inertial/calibration/RandomWalkEstimatorListener;)V" line="751"><counter type="INSTRUCTION" missed="0" covered="8"/><counter type="LINE" missed="0" covered="3"/><counter type="COMPLEXITY" missed="0" covered="1"/><counter type="METHOD" missed="0" covered="1"/></method><method name="&lt;init&gt;" desc="(Lcom/irurueta/navigation/frames/ECEFPosition;Lcom/irurueta/navigation/frames/CoordinateTransformation;Lcom/irurueta/navigation/inertial/calibration/AccelerationTriad;Lcom/irurueta/algebra/Matrix;Lcom/irurueta/navigation/inertial/calibration/AngularSpeedTriad;Lcom/irurueta/algebra/Matrix;)V" line="780"><counter type="INSTRUCTION" missed="1" covered="18"/><counter type="LINE" missed="1" covered="7"/><counter type="COMPLEXITY" missed="0" covered="1"/><counter type="METHOD" missed="0" covered="1"/></method><method name="&lt;init&gt;" desc="(Lcom/irurueta/navigation/frames/ECEFPosition;Lcom/irurueta/navigation/frames/CoordinateTransformation;Lcom/irurueta/navigation/inertial/calibration/AccelerationTriad;Lcom/irurueta/algebra/Matrix;Lcom/irurueta/navigation/inertial/calibration/AngularSpeedTriad;Lcom/irurueta/algebra/Matrix;Lcom/irurueta/navigation/inertial/calibration/RandomWalkEstimatorListener;)V" line="818"><counter type="INSTRUCTION" missed="0" covered="12"/><counter type="LINE" missed="0" covered="3"/><counter type="COMPLEXITY" missed="0" covered="1"/><counter type="METHOD" missed="0" covered="1"/></method><method name="&lt;init&gt;" desc="(Lcom/irurueta/navigation/frames/ECEFPosition;Lcom/irurueta/navigation/frames/CoordinateTransformation;Lcom/irurueta/navigation/inertial/calibration/AccelerationTriad;Lcom/irurueta/algebra/Matrix;Lcom/irurueta/navigation/inertial/calibration/AngularSpeedTriad;Lcom/irurueta/algebra/Matrix;Lcom/irurueta/algebra/Matrix;)V" line="849"><counter type="INSTRUCTION" missed="1" covered="21"/><counter type="LINE" missed="1" covered="8"/><counter type="COMPLEXITY" missed="0" covered="1"/><counter type="METHOD" missed="0" covered="1"/></method><method name="&lt;init&gt;" desc="(Lcom/irurueta/navigation/frames/ECEFPosition;Lcom/irurueta/navigation/frames/CoordinateTransformation;Lcom/irurueta/navigation/inertial/calibration/AccelerationTriad;Lcom/irurueta/algebra/Matrix;Lcom/irurueta/navigation/inertial/calibration/AngularSpeedTriad;Lcom/irurueta/algebra/Matrix;Lcom/irurueta/algebra/Matrix;Lcom/irurueta/navigation/inertial/calibration/RandomWalkEstimatorListener;)V" line="890"><counter type="INSTRUCTION" missed="0" covered="13"/><counter type="LINE" missed="0" covered="3"/><counter type="COMPLEXITY" missed="0" covered="1"/><counter type="METHOD" missed="0" covered="1"/></method><method name="&lt;init&gt;" desc="(Lcom/irurueta/navigation/frames/ECEFPosition;Lcom/irurueta/navigation/frames/CoordinateTransformation;Lcom/irurueta/algebra/Matrix;Lcom/irurueta/algebra/Matrix;Lcom/irurueta/algebra/Matrix;Lcom/irurueta/algebra/Matrix;)V" line="919"><counter type="INSTRUCTION" missed="1" covered="18"/><counter type="LINE" missed="1" covered="7"/><counter type="COMPLEXITY" missed="0" covered="1"/><counter type="METHOD" missed="0" covered="1"/></method><method name="&lt;init&gt;" desc="(Lcom/irurueta/navigation/frames/ECEFPosition;Lcom/irurueta/navigation/frames/CoordinateTransformation;Lcom/irurueta/algebra/Matrix;Lcom/irurueta/algebra/Matrix;Lcom/irurueta/algebra/Matrix;Lcom/irurueta/algebra/Matrix;Lcom/irurueta/navigation/inertial/calibration/RandomWalkEstimatorListener;)V" line="957"><counter type="INSTRUCTION" missed="0" covered="12"/><counter type="LINE" missed="0" covered="3"/><counter type="COMPLEXITY" missed="0" covered="1"/><counter type="METHOD" missed="0" covered="1"/></method><method name="&lt;init&gt;" desc="(Lcom/irurueta/navigation/frames/ECEFPosition;Lcom/irurueta/navigation/frames/CoordinateTransformation;Lcom/irurueta/algebra/Matrix;Lcom/irurueta/algebra/Matrix;Lcom/irurueta/algebra/Matrix;Lcom/irurueta/algebra/Matrix;Lcom/irurueta/algebra/Matrix;)V" line="988"><counter type="INSTRUCTION" missed="1" covered="13"/><counter type="LINE" missed="1" covered="4"/><counter type="COMPLEXITY" missed="0" covered="1"/><counter type="METHOD" missed="0" covered="1"/></method><method name="&lt;init&gt;" desc="(Lcom/irurueta/navigation/frames/ECEFPosition;Lcom/irurueta/navigation/frames/CoordinateTransformation;Lcom/irurueta/algebra/Matrix;Lcom/irurueta/algebra/Matrix;Lcom/irurueta/algebra/Matrix;Lcom/irurueta/algebra/Matrix;Lcom/irurueta/algebra/Matrix;Lcom/irurueta/navigation/inertial/calibration/RandomWalkEstimatorListener;)V" line="1025"><counter type="INSTRUCTION" missed="0" covered="13"/><counter type="LINE" missed="0" covered="3"/><counter type="COMPLEXITY" missed="0" covered="1"/><counter type="METHOD" missed="0" covered="1"/></method><method name="&lt;init&gt;" desc="(Lcom/irurueta/navigation/frames/NEDPosition;Lcom/irurueta/navigation/frames/CoordinateTransformation;Lcom/irurueta/navigation/inertial/calibration/AccelerationTriad;Lcom/irurueta/algebra/Matrix;Lcom/irurueta/navigation/inertial/calibration/AngularSpeedTriad;Lcom/irurueta/algebra/Matrix;D)V" line="1057"><counter type="INSTRUCTION" missed="1" covered="13"/><counter type="LINE" missed="1" covered="4"/><counter type="COMPLEXITY" missed="0" covered="1"/><counter type="METHOD" missed="0" covered="1"/></method><method name="&lt;init&gt;" desc="(Lcom/irurueta/navigation/frames/NEDPosition;Lcom/irurueta/navigation/frames/CoordinateTransformation;Lcom/irurueta/navigation/inertial/calibration/AccelerationTriad;Lcom/irurueta/algebra/Matrix;Lcom/irurueta/navigation/inertial/calibration/AngularSpeedTriad;Lcom/irurueta/algebra/Matrix;DLcom/irurueta/navigation/inertial/calibration/RandomWalkEstimatorListener;)V" line="1095"><counter type="INSTRUCTION" missed="0" covered="13"/><counter type="LINE" missed="0" covered="3"/><counter type="COMPLEXITY" missed="0" covered="1"/><counter type="METHOD" missed="0" covered="1"/></method><method name="&lt;init&gt;" desc="(Lcom/irurueta/navigation/frames/NEDPosition;Lcom/irurueta/navigation/frames/CoordinateTransformation;Lcom/irurueta/navigation/inertial/calibration/AccelerationTriad;Lcom/irurueta/algebra/Matrix;Lcom/irurueta/navigation/inertial/calibration/AngularSpeedTriad;Lcom/irurueta/algebra/Matrix;Lcom/irurueta/algebra/Matrix;D)V" line="1129"><counter type="INSTRUCTION" missed="1" covered="14"/><counter type="LINE" missed="1" covered="4"/><counter type="COMPLEXITY" missed="0" covered="1"/><counter type="METHOD" missed="0" covered="1"/></method><method name="&lt;init&gt;" desc="(Lcom/irurueta/navigation/frames/NEDPosition;Lcom/irurueta/navigation/frames/CoordinateTransformation;Lcom/irurueta/navigation/inertial/calibration/AccelerationTriad;Lcom/irurueta/algebra/Matrix;Lcom/irurueta/navigation/inertial/calibration/AngularSpeedTriad;Lcom/irurueta/algebra/Matrix;Lcom/irurueta/algebra/Matrix;DLcom/irurueta/navigation/inertial/calibration/RandomWalkEstimatorListener;)V" line="1169"><counter type="INSTRUCTION" missed="0" covered="14"/><counter type="LINE" missed="0" covered="3"/><counter type="COMPLEXITY" missed="0" covered="1"/><counter type="METHOD" missed="0" covered="1"/></method><method name="&lt;init&gt;" desc="(Lcom/irurueta/navigation/frames/NEDPosition;Lcom/irurueta/navigation/frames/CoordinateTransformation;Lcom/irurueta/algebra/Matrix;Lcom/irurueta/algebra/Matrix;Lcom/irurueta/algebra/Matrix;Lcom/irurueta/algebra/Matrix;D)V" line="1203"><counter type="INSTRUCTION" missed="1" covered="13"/><counter type="LINE" missed="1" covered="4"/><counter type="COMPLEXITY" missed="0" covered="1"/><counter type="METHOD" missed="0" covered="1"/></method><method name="&lt;init&gt;" desc="(Lcom/irurueta/navigation/frames/NEDPosition;Lcom/irurueta/navigation/frames/CoordinateTransformation;Lcom/irurueta/algebra/Matrix;Lcom/irurueta/algebra/Matrix;Lcom/irurueta/algebra/Matrix;Lcom/irurueta/algebra/Matrix;DLcom/irurueta/navigation/inertial/calibration/RandomWalkEstimatorListener;)V" line="1243"><counter type="INSTRUCTION" missed="0" covered="13"/><counter type="LINE" missed="0" covered="3"/><counter type="COMPLEXITY" missed="0" covered="1"/><counter type="METHOD" missed="0" covered="1"/></method><method name="&lt;init&gt;" desc="(Lcom/irurueta/navigation/frames/NEDPosition;Lcom/irurueta/navigation/frames/CoordinateTransformation;Lcom/irurueta/algebra/Matrix;Lcom/irurueta/algebra/Matrix;Lcom/irurueta/algebra/Matrix;Lcom/irurueta/algebra/Matrix;Lcom/irurueta/algebra/Matrix;D)V" line="1279"><counter type="INSTRUCTION" missed="1" covered="14"/><counter type="LINE" missed="1" covered="4"/><counter type="COMPLEXITY" missed="0" covered="1"/><counter type="METHOD" missed="0" covered="1"/></method><method name="&lt;init&gt;" desc="(Lcom/irurueta/navigation/frames/NEDPosition;Lcom/irurueta/navigation/frames/CoordinateTransformation;Lcom/irurueta/algebra/Matrix;Lcom/irurueta/algebra/Matrix;Lcom/irurueta/algebra/Matrix;Lcom/irurueta/algebra/Matrix;Lcom/irurueta/algebra/Matrix;DLcom/irurueta/navigation/inertial/calibration/RandomWalkEstimatorListener;)V" line="1321"><counter type="INSTRUCTION" missed="0" covered="14"/><counter type="LINE" missed="0" covered="3"/><counter type="COMPLEXITY" missed="0" covered="1"/><counter type="METHOD" missed="0" covered="1"/></method><method name="&lt;init&gt;" desc="(Lcom/irurueta/navigation/frames/ECEFPosition;Lcom/irurueta/navigation/frames/CoordinateTransformation;Lcom/irurueta/navigation/inertial/calibration/AccelerationTriad;Lcom/irurueta/algebra/Matrix;Lcom/irurueta/navigation/inertial/calibration/AngularSpeedTriad;Lcom/irurueta/algebra/Matrix;D)V" line="1353"><counter type="INSTRUCTION" missed="1" covered="13"/><counter type="LINE" missed="1" covered="4"/><counter type="COMPLEXITY" missed="0" covered="1"/><counter type="METHOD" missed="0" covered="1"/></method><method name="&lt;init&gt;" desc="(Lcom/irurueta/navigation/frames/ECEFPosition;Lcom/irurueta/navigation/frames/CoordinateTransformation;Lcom/irurueta/navigation/inertial/calibration/AccelerationTriad;Lcom/irurueta/algebra/Matrix;Lcom/irurueta/navigation/inertial/calibration/AngularSpeedTriad;Lcom/irurueta/algebra/Matrix;DLcom/irurueta/navigation/inertial/calibration/RandomWalkEstimatorListener;)V" line="1391"><counter type="INSTRUCTION" missed="0" covered="13"/><counter type="LINE" missed="0" covered="3"/><counter type="COMPLEXITY" missed="0" covered="1"/><counter type="METHOD" missed="0" covered="1"/></method><method name="&lt;init&gt;" desc="(Lcom/irurueta/navigation/frames/ECEFPosition;Lcom/irurueta/navigation/frames/CoordinateTransformation;Lcom/irurueta/navigation/inertial/calibration/AccelerationTriad;Lcom/irurueta/algebra/Matrix;Lcom/irurueta/navigation/inertial/calibration/AngularSpeedTriad;Lcom/irurueta/algebra/Matrix;Lcom/irurueta/algebra/Matrix;D)V" line="1425"><counter type="INSTRUCTION" missed="1" covered="14"/><counter type="LINE" missed="1" covered="4"/><counter type="COMPLEXITY" missed="0" covered="1"/><counter type="METHOD" missed="0" covered="1"/></method><method name="&lt;init&gt;" desc="(Lcom/irurueta/navigation/frames/ECEFPosition;Lcom/irurueta/navigation/frames/CoordinateTransformation;Lcom/irurueta/navigation/inertial/calibration/AccelerationTriad;Lcom/irurueta/algebra/Matrix;Lcom/irurueta/navigation/inertial/calibration/AngularSpeedTriad;Lcom/irurueta/algebra/Matrix;Lcom/irurueta/algebra/Matrix;DLcom/irurueta/navigation/inertial/calibration/RandomWalkEstimatorListener;)V" line="1465"><counter type="INSTRUCTION" missed="0" covered="14"/><counter type="LINE" missed="0" covered="3"/><counter type="COMPLEXITY" missed="0" covered="1"/><counter type="METHOD" missed="0" covered="1"/></method><method name="&lt;init&gt;" desc="(Lcom/irurueta/navigation/frames/ECEFPosition;Lcom/irurueta/navigation/frames/CoordinateTransformation;Lcom/irurueta/algebra/Matrix;Lcom/irurueta/algebra/Matrix;Lcom/irurueta/algebra/Matrix;Lcom/irurueta/algebra/Matrix;D)V" line="1497"><counter type="INSTRUCTION" missed="1" covered="13"/><counter type="LINE" missed="1" covered="4"/><counter type="COMPLEXITY" missed="0" covered="1"/><counter type="METHOD" missed="0" covered="1"/></method><method name="&lt;init&gt;" desc="(Lcom/irurueta/navigation/frames/ECEFPosition;Lcom/irurueta/navigation/frames/CoordinateTransformation;Lcom/irurueta/algebra/Matrix;Lcom/irurueta/algebra/Matrix;Lcom/irurueta/algebra/Matrix;Lcom/irurueta/algebra/Matrix;DLcom/irurueta/navigation/inertial/calibration/RandomWalkEstimatorListener;)V" line="1535"><counter type="INSTRUCTION" missed="0" covered="13"/><counter type="LINE" missed="0" covered="3"/><counter type="COMPLEXITY" missed="0" covered="1"/><counter type="METHOD" missed="0" covered="1"/></method><method name="&lt;init&gt;" desc="(Lcom/irurueta/navigation/frames/ECEFPosition;Lcom/irurueta/navigation/frames/CoordinateTransformation;Lcom/irurueta/algebra/Matrix;Lcom/irurueta/algebra/Matrix;Lcom/irurueta/algebra/Matrix;Lcom/irurueta/algebra/Matrix;Lcom/irurueta/algebra/Matrix;D)V" line="1569"><counter type="INSTRUCTION" missed="1" covered="14"/><counter type="LINE" missed="1" covered="4"/><counter type="COMPLEXITY" missed="0" covered="1"/><counter type="METHOD" missed="0" covered="1"/></method><method name="&lt;init&gt;" desc="(Lcom/irurueta/navigation/frames/ECEFPosition;Lcom/irurueta/navigation/frames/CoordinateTransformation;Lcom/irurueta/algebra/Matrix;Lcom/irurueta/algebra/Matrix;Lcom/irurueta/algebra/Matrix;Lcom/irurueta/algebra/Matrix;Lcom/irurueta/algebra/Matrix;DLcom/irurueta/navigation/inertial/calibration/RandomWalkEstimatorListener;)V" line="1609"><counter type="INSTRUCTION" missed="0" covered="14"/><counter type="LINE" missed="0" covered="3"/><counter type="COMPLEXITY" missed="0" covered="1"/><counter type="METHOD" missed="0" covered="1"/></method><method name="getListener" desc="()Lcom/irurueta/navigation/inertial/calibration/RandomWalkEstimatorListener;" line="1619"><counter type="INSTRUCTION" missed="0" covered="3"/><counter type="LINE" missed="0" covered="1"/><counter type="COMPLEXITY" missed="0" covered="1"/><counter type="METHOD" missed="0" covered="1"/></method><method name="setListener" desc="(Lcom/irurueta/navigation/inertial/calibration/RandomWalkEstimatorListener;)V" line="1630"><counter type="INSTRUCTION" missed="0" covered="11"/><counter type="BRANCH" missed="0" covered="2"/><counter type="LINE" missed="0" covered="4"/><counter type="COMPLEXITY" missed="0" covered="2"/><counter type="METHOD" missed="0" covered="1"/></method><method name="getAccelerationBias" desc="()Lcom/irurueta/algebra/Matrix;" line="1643"><counter type="INSTRUCTION" missed="0" covered="4"/><counter type="LINE" missed="0" covered="1"/><counter type="COMPLEXITY" missed="0" covered="1"/><counter type="METHOD" missed="0" covered="1"/></method><method name="getAccelerationBias" desc="(Lcom/irurueta/algebra/Matrix;)V" line="1652"><counter type="INSTRUCTION" missed="0" covered="5"/><counter type="LINE" missed="0" covered="2"/><counter type="COMPLEXITY" missed="0" covered="1"/><counter type="METHOD" missed="0" covered="1"/></method><method name="setAccelerationBias" desc="(Lcom/irurueta/algebra/Matrix;)V" line="1664"><counter type="INSTRUCTION" missed="0" covered="16"/><counter type="BRANCH" missed="0" covered="2"/><counter type="LINE" missed="0" covered="5"/><counter type="COMPLEXITY" missed="0" covered="2"/><counter type="METHOD" missed="0" covered="1"/></method><method name="getAccelerationBiasArray" desc="()[D" line="1678"><counter type="INSTRUCTION" missed="0" covered="4"/><counter type="LINE" missed="0" covered="1"/><counter type="COMPLEXITY" missed="0" covered="1"/><counter type="METHOD" missed="0" covered="1"/></method><method name="getAccelerationBiasArray" desc="([D)V" line="1688"><counter type="INSTRUCTION" missed="0" covered="5"/><counter type="LINE" missed="0" covered="2"/><counter type="COMPLEXITY" missed="0" covered="1"/><counter type="METHOD" missed="0" covered="1"/></method><method name="setAccelerationBias" desc="([D)V" line="1700"><counter type="INSTRUCTION" missed="0" covered="16"/><counter type="BRANCH" missed="0" covered="2"/><counter type="LINE" missed="0" covered="5"/><counter type="COMPLEXITY" missed="0" covered="2"/><counter type="METHOD" missed="0" covered="1"/></method><method name="getAccelerationBiasAsTriad" desc="()Lcom/irurueta/navigation/inertial/calibration/AccelerationTriad;" line="1714"><counter type="INSTRUCTION" missed="0" covered="4"/><counter type="LINE" missed="0" covered="1"/><counter type="COMPLEXITY" missed="0" covered="1"/><counter type="METHOD" missed="0" covered="1"/></method><method name="getAccelerationBiasAsTriad" desc="(Lcom/irurueta/navigation/inertial/calibration/AccelerationTriad;)V" line="1723"><counter type="INSTRUCTION" missed="0" covered="5"/><counter type="LINE" missed="0" covered="2"/><counter type="COMPLEXITY" missed="0" covered="1"/><counter type="METHOD" missed="0" covered="1"/></method><method name="setAccelerationBias" desc="(Lcom/irurueta/navigation/inertial/calibration/AccelerationTriad;)V" line="1734"><counter type="INSTRUCTION" missed="0" covered="16"/><counter type="BRANCH" missed="0" covered="2"/><counter type="LINE" missed="0" covered="5"/><counter type="COMPLEXITY" missed="0" covered="2"/><counter type="METHOD" missed="0" covered="1"/></method><method name="getAccelerationBiasX" desc="()D" line="1749"><counter type="INSTRUCTION" missed="0" covered="4"/><counter type="LINE" missed="0" covered="1"/><counter type="COMPLEXITY" missed="0" covered="1"/><counter type="METHOD" missed="0" covered="1"/></method><method name="setAccelerationBiasX" desc="(D)V" line="1761"><counter type="INSTRUCTION" missed="0" covered="16"/><counter type="BRANCH" missed="0" covered="2"/><counter type="LINE" missed="0" covered="5"/><counter type="COMPLEXITY" missed="0" covered="2"/><counter type="METHOD" missed="0" covered="1"/></method><method name="getAccelerationBiasY" desc="()D" line="1776"><counter type="INSTRUCTION" missed="0" covered="4"/><counter type="LINE" missed="0" covered="1"/><counter type="COMPLEXITY" missed="0" covered="1"/><counter type="METHOD" missed="0" covered="1"/></method><method name="setAccelerationBiasY" desc="(D)V" line="1789"><counter type="INSTRUCTION" missed="0" covered="16"/><counter type="BRANCH" missed="0" covered="2"/><counter type="LINE" missed="0" covered="5"/><counter type="COMPLEXITY" missed="0" covered="2"/><counter type="METHOD" missed="0" covered="1"/></method><method name="getAccelerationBiasZ" desc="()D" line="1804"><counter type="INSTRUCTION" missed="0" covered="4"/><counter type="LINE" missed="0" covered="1"/><counter type="COMPLEXITY" missed="0" covered="1"/><counter type="METHOD" missed="0" covered="1"/></method><method name="setAccelerationBiasZ" desc="(D)V" line="1816"><counter type="INSTRUCTION" missed="0" covered="16"/><counter type="BRANCH" missed="0" covered="2"/><counter type="LINE" missed="0" covered="5"/><counter type="COMPLEXITY" missed="0" covered="2"/><counter type="METHOD" missed="0" covered="1"/></method><method name="setAccelerationBias" desc="(DDD)V" line="1836"><counter type="INSTRUCTION" missed="0" covered="20"/><counter type="BRANCH" missed="0" covered="2"/><counter type="LINE" missed="0" covered="5"/><counter type="COMPLEXITY" missed="0" covered="2"/><counter type="METHOD" missed="0" covered="1"/></method><method name="getAccelerationBiasXAsAcceleration" desc="()Lcom/irurueta/units/Acceleration;" line="1850"><counter type="INSTRUCTION" missed="0" covered="4"/><counter type="LINE" missed="0" covered="1"/><counter type="COMPLEXITY" missed="0" covered="1"/><counter type="METHOD" missed="0" covered="1"/></method><method name="getAccelerationBiasXAsAcceleration" desc="(Lcom/irurueta/units/Acceleration;)V" line="1859"><counter type="INSTRUCTION" missed="0" covered="5"/><counter type="LINE" missed="0" covered="2"/><counter type="COMPLEXITY" missed="0" covered="1"/><counter type="METHOD" missed="0" covered="1"/></method><method name="setAccelerationBiasX" desc="(Lcom/irurueta/units/Acceleration;)V" line="1869"><counter type="INSTRUCTION" missed="0" covered="16"/><counter type="BRANCH" missed="0" covered="2"/><counter type="LINE" missed="0" covered="5"/><counter type="COMPLEXITY" missed="0" covered="2"/><counter type="METHOD" missed="0" covered="1"/></method><method name="getAccelerationBiasYAsAcceleration" desc="()Lcom/irurueta/units/Acceleration;" line="1883"><counter type="INSTRUCTION" missed="0" covered="4"/><counter type="LINE" missed="0" covered="1"/><counter type="COMPLEXITY" missed="0" covered="1"/><counter type="METHOD" missed="0" covered="1"/></method><method name="getAccelerationBiasYAsAcceleration" desc="(Lcom/irurueta/units/Acceleration;)V" line="1892"><counter type="INSTRUCTION" missed="0" covered="5"/><counter type="LINE" missed="0" covered="2"/><counter type="COMPLEXITY" missed="0" covered="1"/><counter type="METHOD" missed="0" covered="1"/></method><method name="setAccelerationBiasY" desc="(Lcom/irurueta/units/Acceleration;)V" line="1903"><counter type="INSTRUCTION" missed="0" covered="16"/><counter type="BRANCH" missed="0" covered="2"/><counter type="LINE" missed="0" covered="5"/><counter type="COMPLEXITY" missed="0" covered="2"/><counter type="METHOD" missed="0" covered="1"/></method><method name="getAccelerationBiasZAsAcceleration" desc="()Lcom/irurueta/units/Acceleration;" line="1917"><counter type="INSTRUCTION" missed="0" covered="4"/><counter type="LINE" missed="0" covered="1"/><counter type="COMPLEXITY" missed="0" covered="1"/><counter type="METHOD" missed="0" covered="1"/></method><method name="getAccelerationBiasZAsAcceleration" desc="(Lcom/irurueta/units/Acceleration;)V" line="1926"><counter type="INSTRUCTION" missed="0" covered="5"/><counter type="LINE" missed="0" covered="2"/><counter type="COMPLEXITY" missed="0" covered="1"/><counter type="METHOD" missed="0" covered="1"/></method><method name="setAccelerationBiasZ" desc="(Lcom/irurueta/units/Acceleration;)V" line="1937"><counter type="INSTRUCTION" missed="0" covered="16"/><counter type="BRANCH" missed="0" covered="2"/><counter type="LINE" missed="0" covered="5"/><counter type="COMPLEXITY" missed="0" covered="2"/><counter type="METHOD" missed="0" covered="1"/></method><method name="setAccelerationBias" desc="(Lcom/irurueta/units/Acceleration;Lcom/irurueta/units/Acceleration;Lcom/irurueta/units/Acceleration;)V" line="1957"><counter type="INSTRUCTION" missed="0" covered="20"/><counter type="BRANCH" missed="0" covered="2"/><counter type="LINE" missed="0" covered="5"/><counter type="COMPLEXITY" missed="0" covered="2"/><counter type="METHOD" missed="0" covered="1"/></method><method name="getAccelerationCrossCouplingErrors" desc="()Lcom/irurueta/algebra/Matrix;" line="1971"><counter type="INSTRUCTION" missed="0" covered="4"/><counter type="LINE" missed="0" covered="1"/><counter type="COMPLEXITY" missed="0" covered="1"/><counter type="METHOD" missed="0" covered="1"/></method><method name="getAccelerationCrossCouplingErrors" desc="(Lcom/irurueta/algebra/Matrix;)V" line="1980"><counter type="INSTRUCTION" missed="0" covered="5"/><counter type="LINE" missed="0" covered="2"/><counter type="COMPLEXITY" missed="0" covered="1"/><counter type="METHOD" missed="0" covered="1"/></method><method name="setAccelerationCrossCouplingErrors" desc="(Lcom/irurueta/algebra/Matrix;)V" line="1995"><counter type="INSTRUCTION" missed="0" covered="16"/><counter type="BRANCH" missed="0" covered="2"/><counter type="LINE" missed="0" covered="5"/><counter type="COMPLEXITY" missed="0" covered="2"/><counter type="METHOD" missed="0" covered="1"/></method><method name="getAccelerationSx" desc="()D" line="2009"><counter type="INSTRUCTION" missed="0" covered="4"/><counter type="LINE" missed="0" covered="1"/><counter type="COMPLEXITY" missed="0" covered="1"/><counter type="METHOD" missed="0" covered="1"/></method><method name="setAccelerationSx" desc="(D)V" line="2022"><counter type="INSTRUCTION" missed="0" covered="16"/><counter type="BRANCH" missed="0" covered="2"/><counter type="LINE" missed="0" covered="5"/><counter type="COMPLEXITY" missed="0" covered="2"/><counter type="METHOD" missed="0" covered="1"/></method><method name="getAccelerationSy" desc="()D" line="2036"><counter type="INSTRUCTION" missed="0" covered="4"/><counter type="LINE" missed="0" covered="1"/><counter type="COMPLEXITY" missed="0" covered="1"/><counter type="METHOD" missed="0" covered="1"/></method><method name="setAccelerationSy" desc="(D)V" line="2049"><counter type="INSTRUCTION" missed="0" covered="16"/><counter type="BRANCH" missed="0" covered="2"/><counter type="LINE" missed="0" covered="5"/><counter type="COMPLEXITY" missed="0" covered="2"/><counter type="METHOD" missed="0" covered="1"/></method><method name="getAccelerationSz" desc="()D" line="2063"><counter type="INSTRUCTION" missed="0" covered="4"/><counter type="LINE" missed="0" covered="1"/><counter type="COMPLEXITY" missed="0" covered="1"/><counter type="METHOD" missed="0" covered="1"/></method><method name="setAccelerationSz" desc="(D)V" line="2076"><counter type="INSTRUCTION" missed="4" covered="12"/><counter type="BRANCH" missed="1" covered="1"/><counter type="LINE" missed="1" covered="4"/><counter type="COMPLEXITY" missed="1" covered="1"/><counter type="METHOD" missed="0" covered="1"/></method><method name="getAccelerationMxy" desc="()D" line="2090"><counter type="INSTRUCTION" missed="0" covered="4"/><counter type="LINE" missed="0" covered="1"/><counter type="COMPLEXITY" missed="0" covered="1"/><counter type="METHOD" missed="0" covered="1"/></method><method name="setAccelerationMxy" desc="(D)V" line="2103"><counter type="INSTRUCTION" missed="0" covered="16"/><counter type="BRANCH" missed="0" covered="2"/><counter type="LINE" missed="0" covered="5"/><counter type="COMPLEXITY" missed="0" covered="2"/><counter type="METHOD" missed="0" covered="1"/></method><method name="getAccelerationMxz" desc="()D" line="2117"><counter type="INSTRUCTION" missed="0" covered="4"/><counter type="LINE" missed="0" covered="1"/><counter type="COMPLEXITY" missed="0" covered="1"/><counter type="METHOD" missed="0" covered="1"/></method><method name="setAccelerationMxz" desc="(D)V" line="2130"><counter type="INSTRUCTION" missed="0" covered="16"/><counter type="BRANCH" missed="0" covered="2"/><counter type="LINE" missed="0" covered="5"/><counter type="COMPLEXITY" missed="0" covered="2"/><counter type="METHOD" missed="0" covered="1"/></method><method name="getAccelerationMyx" desc="()D" line="2144"><counter type="INSTRUCTION" missed="0" covered="4"/><counter type="LINE" missed="0" covered="1"/><counter type="COMPLEXITY" missed="0" covered="1"/><counter type="METHOD" missed="0" covered="1"/></method><method name="setAccelerationMyx" desc="(D)V" line="2157"><counter type="INSTRUCTION" missed="0" covered="16"/><counter type="BRANCH" missed="0" covered="2"/><counter type="LINE" missed="0" covered="5"/><counter type="COMPLEXITY" missed="0" covered="2"/><counter type="METHOD" missed="0" covered="1"/></method><method name="getAccelerationMyz" desc="()D" line="2171"><counter type="INSTRUCTION" missed="0" covered="4"/><counter type="LINE" missed="0" covered="1"/><counter type="COMPLEXITY" missed="0" covered="1"/><counter type="METHOD" missed="0" covered="1"/></method><method name="setAccelerationMyz" desc="(D)V" line="2184"><counter type="INSTRUCTION" missed="0" covered="16"/><counter type="BRANCH" missed="0" covered="2"/><counter type="LINE" missed="0" covered="5"/><counter type="COMPLEXITY" missed="0" covered="2"/><counter type="METHOD" missed="0" covered="1"/></method><method name="getAccelerationMzx" desc="()D" line="2198"><counter type="INSTRUCTION" missed="0" covered="4"/><counter type="LINE" missed="0" covered="1"/><counter type="COMPLEXITY" missed="0" covered="1"/><counter type="METHOD" missed="0" covered="1"/></method><method name="setAccelerationMzx" desc="(D)V" line="2211"><counter type="INSTRUCTION" missed="0" covered="16"/><counter type="BRANCH" missed="0" covered="2"/><counter type="LINE" missed="0" covered="5"/><counter type="COMPLEXITY" missed="0" covered="2"/><counter type="METHOD" missed="0" covered="1"/></method><method name="getAccelerationMzy" desc="()D" line="2225"><counter type="INSTRUCTION" missed="0" covered="4"/><counter type="LINE" missed="0" covered="1"/><counter type="COMPLEXITY" missed="0" covered="1"/><counter type="METHOD" missed="0" covered="1"/></method><method name="setAccelerationMzy" desc="(D)V" line="2238"><counter type="INSTRUCTION" missed="0" covered="16"/><counter type="BRANCH" missed="0" covered="2"/><counter type="LINE" missed="0" covered="5"/><counter type="COMPLEXITY" missed="0" covered="2"/><counter type="METHOD" missed="0" covered="1"/></method><method name="setAccelerationScalingFactors" desc="(DDD)V" line="2259"><counter type="INSTRUCTION" missed="0" covered="20"/><counter type="BRANCH" missed="0" covered="2"/><counter type="LINE" missed="0" covered="5"/><counter type="COMPLEXITY" missed="0" covered="2"/><counter type="METHOD" missed="0" covered="1"/></method><method name="setAccelerationCrossCouplingErrors" desc="(DDDDDD)V" line="2285"><counter type="INSTRUCTION" missed="0" covered="26"/><counter type="BRANCH" missed="0" covered="2"/><counter type="LINE" missed="0" covered="5"/><counter type="COMPLEXITY" missed="0" covered="2"/><counter type="METHOD" missed="0" covered="1"/></method><method name="setAccelerationScalingFactorsAndCrossCouplingErrors" desc="(DDDDDDDDD)V" line="2316"><counter type="INSTRUCTION" missed="0" covered="32"/><counter type="BRANCH" missed="0" covered="2"/><counter type="LINE" missed="0" covered="5"/><counter type="COMPLEXITY" missed="0" covered="2"/><counter type="METHOD" missed="0" covered="1"/></method><method name="getAngularSpeedBias" desc="()Lcom/irurueta/algebra/Matrix;" line="2332"><counter type="INSTRUCTION" missed="0" covered="4"/><counter type="LINE" missed="0" covered="1"/><counter type="COMPLEXITY" missed="0" covered="1"/><counter type="METHOD" missed="0" covered="1"/></method><method name="getAngularSpeedBias" desc="(Lcom/irurueta/algebra/Matrix;)V" line="2341"><counter type="INSTRUCTION" missed="0" covered="5"/><counter type="LINE" missed="0" covered="2"/><counter type="COMPLEXITY" missed="0" covered="1"/><counter type="METHOD" missed="0" covered="1"/></method><method name="setAngularSpeedBias" desc="(Lcom/irurueta/algebra/Matrix;)V" line="2352"><counter type="INSTRUCTION" missed="0" covered="16"/><counter type="BRANCH" missed="0" covered="2"/><counter type="LINE" missed="0" covered="5"/><counter type="COMPLEXITY" missed="0" covered="2"/><counter type="METHOD" missed="0" covered="1"/></method><method name="getAngularSpeedBiasArray" desc="()[D" line="2366"><counter type="INSTRUCTION" missed="0" covered="4"/><counter type="LINE" missed="0" covered="1"/><counter type="COMPLEXITY" missed="0" covered="1"/><counter type="METHOD" missed="0" covered="1"/></method><method name="getAngularSpeedBiasArray" desc="([D)V" line="2376"><counter type="INSTRUCTION" missed="0" covered="5"/><counter type="LINE" missed="0" covered="2"/><counter type="COMPLEXITY" missed="0" covered="1"/><counter type="METHOD" missed="0" covered="1"/></method><method name="setAngularSpeedBias" desc="([D)V" line="2389"><counter type="INSTRUCTION" missed="0" covered="16"/><counter type="BRANCH" missed="0" covered="2"/><counter type="LINE" missed="0" covered="5"/><counter type="COMPLEXITY" missed="0" covered="2"/><counter type="METHOD" missed="0" covered="1"/></method><method name="getAngularSpeedBiasAsTriad" desc="()Lcom/irurueta/navigation/inertial/calibration/AngularSpeedTriad;" line="2403"><counter type="INSTRUCTION" missed="0" covered="4"/><counter type="LINE" missed="0" covered="1"/><counter type="COMPLEXITY" missed="0" covered="1"/><counter type="METHOD" missed="0" covered="1"/></method><method name="getAngularSpeedBiasAsTriad" desc="(Lcom/irurueta/navigation/inertial/calibration/AngularSpeedTriad;)V" line="2412"><counter type="INSTRUCTION" missed="0" covered="5"/><counter type="LINE" missed="0" covered="2"/><counter type="COMPLEXITY" missed="0" covered="1"/><counter type="METHOD" missed="0" covered="1"/></method><method name="setAngularSpeedBias" desc="(Lcom/irurueta/navigation/inertial/calibration/AngularSpeedTriad;)V" line="2423"><counter type="INSTRUCTION" missed="0" covered="16"/><counter type="BRANCH" missed="0" covered="2"/><counter type="LINE" missed="0" covered="5"/><counter type="COMPLEXITY" missed="0" covered="2"/><counter type="METHOD" missed="0" covered="1"/></method><method name="getAngularSpeedBiasX" desc="()D" line="2438"><counter type="INSTRUCTION" missed="0" covered="4"/><counter type="LINE" missed="0" covered="1"/><counter type="COMPLEXITY" missed="0" covered="1"/><counter type="METHOD" missed="0" covered="1"/></method><method name="setAngularSpeedBiasX" desc="(D)V" line="2450"><counter type="INSTRUCTION" missed="0" covered="16"/><counter type="BRANCH" missed="0" covered="2"/><counter type="LINE" missed="0" covered="5"/><counter type="COMPLEXITY" missed="0" covered="2"/><counter type="METHOD" missed="0" covered="1"/></method><method name="getAngularSpeedBiasY" desc="()D" line="2465"><counter type="INSTRUCTION" missed="0" covered="4"/><counter type="LINE" missed="0" covered="1"/><counter type="COMPLEXITY" missed="0" covered="1"/><counter type="METHOD" missed="0" covered="1"/></method><method name="setAngularSpeedBiasY" desc="(D)V" line="2477"><counter type="INSTRUCTION" missed="0" covered="16"/><counter type="BRANCH" missed="0" covered="2"/><counter type="LINE" missed="0" covered="5"/><counter type="COMPLEXITY" missed="0" covered="2"/><counter type="METHOD" missed="0" covered="1"/></method><method name="getAngularSpeedBiasZ" desc="()D" line="2492"><counter type="INSTRUCTION" missed="0" covered="4"/><counter type="LINE" missed="0" covered="1"/><counter type="COMPLEXITY" missed="0" covered="1"/><counter type="METHOD" missed="0" covered="1"/></method><method name="setAngularSpeedBiasZ" desc="(D)V" line="2504"><counter type="INSTRUCTION" missed="0" covered="16"/><counter type="BRANCH" missed="0" covered="2"/><counter type="LINE" missed="0" covered="5"/><counter type="COMPLEXITY" missed="0" covered="2"/><counter type="METHOD" missed="0" covered="1"/></method><method name="setAngularSpeedBias" desc="(DDD)V" line="2524"><counter type="INSTRUCTION" missed="0" covered="20"/><counter type="BRANCH" missed="0" covered="2"/><counter type="LINE" missed="0" covered="5"/><counter type="COMPLEXITY" missed="0" covered="2"/><counter type="METHOD" missed="0" covered="1"/></method><method name="getAngularSpeedBiasXAsAngularSpeed" desc="()Lcom/irurueta/units/AngularSpeed;" line="2538"><counter type="INSTRUCTION" missed="0" covered="4"/><counter type="LINE" missed="0" covered="1"/><counter type="COMPLEXITY" missed="0" covered="1"/><counter type="METHOD" missed="0" covered="1"/></method><method name="getAngularSpeedBiasXAsAngularSpeed" desc="(Lcom/irurueta/units/AngularSpeed;)V" line="2548"><counter type="INSTRUCTION" missed="0" covered="5"/><counter type="LINE" missed="0" covered="2"/><counter type="COMPLEXITY" missed="0" covered="1"/><counter type="METHOD" missed="0" covered="1"/></method><method name="setAngularSpeedBiasX" desc="(Lcom/irurueta/units/AngularSpeed;)V" line="2559"><counter type="INSTRUCTION" missed="0" covered="16"/><counter type="BRANCH" missed="0" covered="2"/><counter type="LINE" missed="0" covered="5"/><counter type="COMPLEXITY" missed="0" covered="2"/><counter type="METHOD" missed="0" covered="1"/></method><method name="getAngularSpeedBiasYAsAngularSpeed" desc="()Lcom/irurueta/units/AngularSpeed;" line="2573"><counter type="INSTRUCTION" missed="0" covered="4"/><counter type="LINE" missed="0" covered="1"/><counter type="COMPLEXITY" missed="0" covered="1"/><counter type="METHOD" missed="0" covered="1"/></method><method name="getAngularSpeedBiasYAsAngularSpeed" desc="(Lcom/irurueta/units/AngularSpeed;)V" line="2582"><counter type="INSTRUCTION" missed="0" covered="5"/><counter type="LINE" missed="0" covered="2"/><counter type="COMPLEXITY" missed="0" covered="1"/><counter type="METHOD" missed="0" covered="1"/></method><method name="setAngularSpeedBiasY" desc="(Lcom/irurueta/units/AngularSpeed;)V" line="2593"><counter type="INSTRUCTION" missed="0" covered="16"/><counter type="BRANCH" missed="0" covered="2"/><counter type="LINE" missed="0" covered="5"/><counter type="COMPLEXITY" missed="0" covered="2"/><counter type="METHOD" missed="0" covered="1"/></method><method name="getAngularSpeedBiasZAsAngularSpeed" desc="()Lcom/irurueta/units/AngularSpeed;" line="2607"><counter type="INSTRUCTION" missed="0" covered="4"/><counter type="LINE" missed="0" covered="1"/><counter type="COMPLEXITY" missed="0" covered="1"/><counter type="METHOD" missed="0" covered="1"/></method><method name="getAngularSpeedBiasZAsAngularSpeed" desc="(Lcom/irurueta/units/AngularSpeed;)V" line="2616"><counter type="INSTRUCTION" missed="0" covered="5"/><counter type="LINE" missed="0" covered="2"/><counter type="COMPLEXITY" missed="0" covered="1"/><counter type="METHOD" missed="0" covered="1"/></method><method name="setAngularSpeedBiasZ" desc="(Lcom/irurueta/units/AngularSpeed;)V" line="2627"><counter type="INSTRUCTION" missed="0" covered="16"/><counter type="BRANCH" missed="0" covered="2"/><counter type="LINE" missed="0" covered="5"/><counter type="COMPLEXITY" missed="0" covered="2"/><counter type="METHOD" missed="0" covered="1"/></method><method name="setAngularSpeedBias" desc="(Lcom/irurueta/units/AngularSpeed;Lcom/irurueta/units/AngularSpeed;Lcom/irurueta/units/AngularSpeed;)V" line="2647"><counter type="INSTRUCTION" missed="0" covered="20"/><counter type="BRANCH" missed="0" covered="2"/><counter type="LINE" missed="0" covered="5"/><counter type="COMPLEXITY" missed="0" covered="2"/><counter type="METHOD" missed="0" covered="1"/></method><method name="getAngularSpeedCrossCouplingErrors" desc="()Lcom/irurueta/algebra/Matrix;" line="2661"><counter type="INSTRUCTION" missed="0" covered="4"/><counter type="LINE" missed="0" covered="1"/><counter type="COMPLEXITY" missed="0" covered="1"/><counter type="METHOD" missed="0" covered="1"/></method><method name="getAngularSpeedCrossCouplingErrors" desc="(Lcom/irurueta/algebra/Matrix;)V" line="2670"><counter type="INSTRUCTION" missed="0" covered="5"/><counter type="LINE" missed="0" covered="2"/><counter type="COMPLEXITY" missed="0" covered="1"/><counter type="METHOD" missed="0" covered="1"/></method><method name="setAngularSpeedCrossCouplingErrors" desc="(Lcom/irurueta/algebra/Matrix;)V" line="2683"><counter type="INSTRUCTION" missed="0" covered="16"/><counter type="BRANCH" missed="0" covered="2"/><counter type="LINE" missed="0" covered="5"/><counter type="COMPLEXITY" missed="0" covered="2"/><counter type="METHOD" missed="0" covered="1"/></method><method name="getAngularSpeedSx" desc="()D" line="2697"><counter type="INSTRUCTION" missed="0" covered="4"/><counter type="LINE" missed="0" covered="1"/><counter type="COMPLEXITY" missed="0" covered="1"/><counter type="METHOD" missed="0" covered="1"/></method><method name="setAngularSpeedSx" desc="(D)V" line="2710"><counter type="INSTRUCTION" missed="0" covered="16"/><counter type="BRANCH" missed="0" covered="2"/><counter type="LINE" missed="0" covered="5"/><counter type="COMPLEXITY" missed="0" covered="2"/><counter type="METHOD" missed="0" covered="1"/></method><method name="getAngularSpeedSy" desc="()D" line="2724"><counter type="INSTRUCTION" missed="0" covered="4"/><counter type="LINE" missed="0" covered="1"/><counter type="COMPLEXITY" missed="0" covered="1"/><counter type="METHOD" missed="0" covered="1"/></method><method name="setAngularSpeedSy" desc="(D)V" line="2737"><counter type="INSTRUCTION" missed="0" covered="16"/><counter type="BRANCH" missed="0" covered="2"/><counter type="LINE" missed="0" covered="5"/><counter type="COMPLEXITY" missed="0" covered="2"/><counter type="METHOD" missed="0" covered="1"/></method><method name="getAngularSpeedSz" desc="()D" line="2751"><counter type="INSTRUCTION" missed="0" covered="4"/><counter type="LINE" missed="0" covered="1"/><counter type="COMPLEXITY" missed="0" covered="1"/><counter type="METHOD" missed="0" covered="1"/></method><method name="setAngularSpeedSz" desc="(D)V" line="2764"><counter type="INSTRUCTION" missed="0" covered="16"/><counter type="BRANCH" missed="0" covered="2"/><counter type="LINE" missed="0" covered="5"/><counter type="COMPLEXITY" missed="0" covered="2"/><counter type="METHOD" missed="0" covered="1"/></method><method name="getAngularSpeedMxy" desc="()D" line="2778"><counter type="INSTRUCTION" missed="0" covered="4"/><counter type="LINE" missed="0" covered="1"/><counter type="COMPLEXITY" missed="0" covered="1"/><counter type="METHOD" missed="0" covered="1"/></method><method name="setAngularSpeedMxy" desc="(D)V" line="2791"><counter type="INSTRUCTION" missed="0" covered="16"/><counter type="BRANCH" missed="0" covered="2"/><counter type="LINE" missed="0" covered="5"/><counter type="COMPLEXITY" missed="0" covered="2"/><counter type="METHOD" missed="0" covered="1"/></method><method name="getAngularSpeedMxz" desc="()D" line="2805"><counter type="INSTRUCTION" missed="0" covered="4"/><counter type="LINE" missed="0" covered="1"/><counter type="COMPLEXITY" missed="0" covered="1"/><counter type="METHOD" missed="0" covered="1"/></method><method name="setAngularSpeedMxz" desc="(D)V" line="2818"><counter type="INSTRUCTION" missed="0" covered="16"/><counter type="BRANCH" missed="0" covered="2"/><counter type="LINE" missed="0" covered="5"/><counter type="COMPLEXITY" missed="0" covered="2"/><counter type="METHOD" missed="0" covered="1"/></method><method name="getAngularSpeedMyx" desc="()D" line="2832"><counter type="INSTRUCTION" missed="0" covered="4"/><counter type="LINE" missed="0" covered="1"/><counter type="COMPLEXITY" missed="0" covered="1"/><counter type="METHOD" missed="0" covered="1"/></method><method name="setAngularSpeedMyx" desc="(D)V" line="2845"><counter type="INSTRUCTION" missed="0" covered="16"/><counter type="BRANCH" missed="0" covered="2"/><counter type="LINE" missed="0" covered="5"/><counter type="COMPLEXITY" missed="0" covered="2"/><counter type="METHOD" missed="0" covered="1"/></method><method name="getAngularSpeedMyz" desc="()D" line="2859"><counter type="INSTRUCTION" missed="0" covered="4"/><counter type="LINE" missed="0" covered="1"/><counter type="COMPLEXITY" missed="0" covered="1"/><counter type="METHOD" missed="0" covered="1"/></method><method name="setAngularSpeedMyz" desc="(D)V" line="2872"><counter type="INSTRUCTION" missed="0" covered="16"/><counter type="BRANCH" missed="0" covered="2"/><counter type="LINE" missed="0" covered="5"/><counter type="COMPLEXITY" missed="0" covered="2"/><counter type="METHOD" missed="0" covered="1"/></method><method name="getAngularSpeedMzx" desc="()D" line="2886"><counter type="INSTRUCTION" missed="0" covered="4"/><counter type="LINE" missed="0" covered="1"/><counter type="COMPLEXITY" missed="0" covered="1"/><counter type="METHOD" missed="0" covered="1"/></method><method name="setAngularSpeedMzx" desc="(D)V" line="2899"><counter type="INSTRUCTION" missed="0" covered="16"/><counter type="BRANCH" missed="0" covered="2"/><counter type="LINE" missed="0" covered="5"/><counter type="COMPLEXITY" missed="0" covered="2"/><counter type="METHOD" missed="0" covered="1"/></method><method name="getAngularSpeedMzy" desc="()D" line="2913"><counter type="INSTRUCTION" missed="0" covered="4"/><counter type="LINE" missed="0" covered="1"/><counter type="COMPLEXITY" missed="0" covered="1"/><counter type="METHOD" missed="0" covered="1"/></method><method name="setAngularSpeedMzy" desc="(D)V" line="2926"><counter type="INSTRUCTION" missed="0" covered="16"/><counter type="BRANCH" missed="0" covered="2"/><counter type="LINE" missed="0" covered="5"/><counter type="COMPLEXITY" missed="0" covered="2"/><counter type="METHOD" missed="0" covered="1"/></method><method name="setAngularSpeedScalingFactors" desc="(DDD)V" line="2947"><counter type="INSTRUCTION" missed="0" covered="20"/><counter type="BRANCH" missed="0" covered="2"/><counter type="LINE" missed="0" covered="5"/><counter type="COMPLEXITY" missed="0" covered="2"/><counter type="METHOD" missed="0" covered="1"/></method><method name="setAngularSpeedCrossCouplingErrors" desc="(DDDDDD)V" line="2973"><counter type="INSTRUCTION" missed="0" covered="26"/><counter type="BRANCH" missed="0" covered="2"/><counter type="LINE" missed="0" covered="5"/><counter type="COMPLEXITY" missed="0" covered="2"/><counter type="METHOD" missed="0" covered="1"/></method><method name="setAngularSpeedScalingFactorsAndCrossCouplingErrors" desc="(DDDDDDDDD)V" line="3005"><counter type="INSTRUCTION" missed="0" covered="32"/><counter type="BRANCH" missed="0" covered="2"/><counter type="LINE" missed="0" covered="5"/><counter type="COMPLEXITY" missed="0" covered="2"/><counter type="METHOD" missed="0" covered="1"/></method><method name="getAngularSpeedGDependantCrossBias" desc="()Lcom/irurueta/algebra/Matrix;" line="3021"><counter type="INSTRUCTION" missed="0" covered="4"/><counter type="LINE" missed="0" covered="1"/><counter type="COMPLEXITY" missed="0" covered="1"/><counter type="METHOD" missed="0" covered="1"/></method><method name="getAngularSpeedGDependantCrossBias" desc="(Lcom/irurueta/algebra/Matrix;)V" line="3030"><counter type="INSTRUCTION" missed="0" covered="5"/><counter type="LINE" missed="0" covered="2"/><counter type="COMPLEXITY" missed="0" covered="1"/><counter type="METHOD" missed="0" covered="1"/></method><method name="setAngularSpeedGDependantCrossBias" desc="(Lcom/irurueta/algebra/Matrix;)V" line="3042"><counter type="INSTRUCTION" missed="0" covered="16"/><counter type="BRANCH" missed="0" covered="2"/><counter type="LINE" missed="0" covered="5"/><counter type="COMPLEXITY" missed="0" covered="2"/><counter type="METHOD" missed="0" covered="1"/></method><method name="getTimeInterval" desc="()D" line="3057"><counter type="INSTRUCTION" missed="0" covered="4"/><counter type="LINE" missed="0" covered="1"/><counter type="COMPLEXITY" missed="0" covered="1"/><counter type="METHOD" missed="0" covered="1"/></method><method name="setTimeInterval" desc="(D)V" line="3069"><counter type="INSTRUCTION" missed="0" covered="16"/><counter type="BRANCH" missed="0" covered="2"/><counter type="LINE" missed="0" covered="5"/><counter type="COMPLEXITY" missed="0" covered="2"/><counter type="METHOD" missed="0" covered="1"/></method><method name="getTimeIntervalAsTime" desc="()Lcom/irurueta/units/Time;" line="3084"><counter type="INSTRUCTION" missed="0" covered="4"/><counter type="LINE" missed="0" covered="1"/><counter type="COMPLEXITY" missed="0" covered="1"/><counter type="METHOD" missed="0" covered="1"/></method><method name="getTimeIntervalAsTime" desc="(Lcom/irurueta/units/Time;)V" line="3094"><counter type="INSTRUCTION" missed="0" covered="5"/><counter type="LINE" missed="0" covered="2"/><counter type="COMPLEXITY" missed="0" covered="1"/><counter type="METHOD" missed="0" covered="1"/></method><method name="setTimeInterval" desc="(Lcom/irurueta/units/Time;)V" line="3106"><counter type="INSTRUCTION" missed="0" covered="16"/><counter type="BRANCH" missed="0" covered="2"/><counter type="LINE" missed="0" covered="5"/><counter type="COMPLEXITY" missed="0" covered="2"/><counter type="METHOD" missed="0" covered="1"/></method><method name="getEcefPosition" desc="()Lcom/irurueta/navigation/frames/ECEFPosition;" line="3120"><counter type="INSTRUCTION" missed="0" covered="4"/><counter type="LINE" missed="0" covered="1"/><counter type="COMPLEXITY" missed="0" covered="1"/><counter type="METHOD" missed="0" covered="1"/></method><method name="getEcefPosition" desc="(Lcom/irurueta/navigation/frames/ECEFPosition;)V" line="3129"><counter type="INSTRUCTION" missed="0" covered="5"/><counter type="LINE" missed="0" covered="2"/><counter type="COMPLEXITY" missed="0" covered="1"/><counter type="METHOD" missed="0" covered="1"/></method><method name="setEcefPosition" desc="(Lcom/irurueta/navigation/frames/ECEFPosition;)V" line="3140"><counter type="INSTRUCTION" missed="0" covered="16"/><counter type="BRANCH" missed="0" covered="2"/><counter type="LINE" missed="0" covered="5"/><counter type="COMPLEXITY" missed="0" covered="2"/><counter type="METHOD" missed="0" covered="1"/></method><method name="setEcefPosition" desc="(DDD)V" line="3158"><counter type="INSTRUCTION" missed="0" covered="20"/><counter type="BRANCH" missed="0" covered="2"/><counter type="LINE" missed="0" covered="6"/><counter type="COMPLEXITY" missed="0" covered="2"/><counter type="METHOD" missed="0" covered="1"/></method><method name="setEcefPosition" desc="(Lcom/irurueta/units/Distance;Lcom/irurueta/units/Distance;Lcom/irurueta/units/Distance;)V" line="3177"><counter type="INSTRUCTION" missed="0" covered="20"/><counter type="BRANCH" missed="0" covered="2"/><counter type="LINE" missed="0" covered="6"/><counter type="COMPLEXITY" missed="0" covered="2"/><counter type="METHOD" missed="0" covered="1"/></method><method name="setEcefPosition" desc="(Lcom/irurueta/geometry/Point3D;)V" line="3194"><counter type="INSTRUCTION" missed="0" covered="18"/><counter type="BRANCH" missed="0" covered="2"/><counter type="LINE" missed="0" covered="6"/><counter type="COMPLEXITY" missed="0" covered="2"/><counter type="METHOD" missed="0" covered="1"/></method><method name="getEcefFrame" desc="()Lcom/irurueta/navigation/frames/ECEFFrame;" line="3212"><counter type="INSTRUCTION" missed="0" covered="4"/><counter type="LINE" missed="0" covered="1"/><counter type="COMPLEXITY" missed="0" covered="1"/><counter type="METHOD" missed="0" covered="1"/></method><method name="getEcefFrame" desc="(Lcom/irurueta/navigation/frames/ECEFFrame;)V" line="3224"><counter type="INSTRUCTION" missed="0" covered="5"/><counter type="LINE" missed="0" covered="2"/><counter type="COMPLEXITY" missed="0" covered="1"/><counter type="METHOD" missed="0" covered="1"/></method><method name="getNedFrame" desc="()Lcom/irurueta/navigation/frames/NEDFrame;" line="3236"><counter type="INSTRUCTION" missed="0" covered="4"/><counter type="LINE" missed="0" covered="1"/><counter type="COMPLEXITY" missed="0" covered="1"/><counter type="METHOD" missed="0" covered="1"/></method><method name="getNedFrame" desc="(Lcom/irurueta/navigation/frames/NEDFrame;)V" line="3248"><counter type="INSTRUCTION" missed="0" covered="5"/><counter type="LINE" missed="0" covered="2"/><counter type="COMPLEXITY" missed="0" covered="1"/><counter type="METHOD" missed="0" covered="1"/></method><method name="getNedPosition" desc="()Lcom/irurueta/navigation/frames/NEDPosition;" line="3257"><counter type="INSTRUCTION" missed="0" covered="4"/><counter type="LINE" missed="0" covered="1"/><counter type="COMPLEXITY" missed="0" covered="1"/><counter type="METHOD" missed="0" covered="1"/></method><method name="getNedPosition" desc="(Lcom/irurueta/navigation/frames/NEDPosition;)V" line="3266"><counter type="INSTRUCTION" missed="0" covered="5"/><counter type="LINE" missed="0" covered="2"/><counter type="COMPLEXITY" missed="0" covered="1"/><counter type="METHOD" missed="0" covered="1"/></method><method name="setNedPosition" desc="(Lcom/irurueta/navigation/frames/NEDPosition;)V" line="3277"><counter type="INSTRUCTION" missed="0" covered="16"/><counter type="BRANCH" missed="0" covered="2"/><counter type="LINE" missed="0" covered="5"/><counter type="COMPLEXITY" missed="0" covered="2"/><counter type="METHOD" missed="0" covered="1"/></method><method name="setNedPosition" desc="(DDD)V" line="3296"><counter type="INSTRUCTION" missed="0" covered="20"/><counter type="BRANCH" missed="0" covered="2"/><counter type="LINE" missed="0" covered="6"/><counter type="COMPLEXITY" missed="0" covered="2"/><counter type="METHOD" missed="0" covered="1"/></method
[...]
"/><line nr="1066" mi="0" ci="7" mb="0" cb="0"/><line nr="1076" mi="0" ci="2" mb="0" cb="0"/><counter type="INSTRUCTION" missed="28" covered="701"/><counter type="BRANCH" missed="9" covered="69"/><counter type="LINE" missed="11" covered="172"/><counter type="COMPLEXITY" missed="10" covered="93"/><counter type="METHOD" missed="2" covered="62"/><counter type="CLASS" missed="0" covered="2"/></sourcefile><sourcefile name="AccelerometerGyroscopeAndMagnetometerMseRule.java"/><sourcefile name="BracketedAccelerometerIntervalDetectorThresholdFactorOptimizer.java"><line nr="64" mi="0" ci="2" mb="0" cb="0"/><line nr="65" mi="0" ci="2" mb="0" cb="0"/><line nr="67" mi="0" ci="5" mb="0" cb="0"/><line nr="68" mi="1" ci="0" mb="0" cb="0"/><line nr="70" mi="0" ci="1" mb="0" cb="0"/><line nr="71" mi="0" ci="1" mb="0" cb="0"/><line nr="80" mi="0" ci="3" mb="0" cb="0"/><line nr="81" mi="0" ci="2" mb="0" cb="0"/><line nr="83" mi="0" ci="5" mb="0" cb="0"/><line nr="84" mi="1" ci="0" mb="0" cb="0"/><line nr="86" mi="0" ci="1" mb="0" cb="0"/><line nr="87" mi="0" ci="1" mb="0" cb="0"/><line nr="99" mi="0" ci="3" mb="0" cb="0"/><line nr="100" mi="0" ci="2" mb="0" cb="0"/><line nr="102" mi="0" ci="5" mb="0" cb="0"/><line nr="103" mi="1" ci="0" mb="0" cb="0"/><line nr="105" mi="0" ci="1" mb="0" cb="0"/><line nr="106" mi="0" ci="1" mb="0" cb="0"/><line nr="120" mi="0" ci="4" mb="0" cb="0"/><line nr="121" mi="0" ci="2" mb="0" cb="0"/><line nr="123" mi="0" ci="5" mb="0" cb="0"/><line nr="124" mi="1" ci="0" mb="0" cb="0"/><line nr="126" mi="0" ci="1" mb="0" cb="0"/><line nr="127" mi="0" ci="1" mb="0" cb="0"/><line nr="136" mi="0" ci="2" mb="0" cb="0"/><line nr="137" mi="0" ci="2" mb="0" cb="0"/><line nr="139" mi="0" ci="3" mb="0" cb="0"/><line nr="140" mi="1" ci="0" mb="0" cb="0"/><line nr="142" mi="0" ci="1" mb="0" cb="0"/><line nr="143" mi="0" ci="1" mb="0" cb="0"/><line nr="155" mi="0" ci="3" mb="0" cb="0"/><line nr="156" mi="0" ci="2" mb="0" cb="0"/><line nr="158" mi="0" ci="3" mb="0" cb="0"/><line nr="159" mi="1" ci="0" mb="0" cb="0"/><line nr="161" mi="0" ci="1" mb="0" cb="0"/><line nr="162" mi="0" ci="1" mb="0" cb="0"/><line nr="177" mi="0" ci="3" mb="0" cb="0"/><line nr="178" mi="0" ci="2" mb="0" cb="0"/><line nr="180" mi="0" ci="3" mb="0" cb="0"/><line nr="181" mi="1" ci="0" mb="0" cb="0"/><line nr="183" mi="0" ci="1" mb="0" cb="0"/><line nr="184" mi="0" ci="1" mb="0" cb="0"/><line nr="201" mi="0" ci="4" mb="0" cb="0"/><line nr="202" mi="0" ci="2" mb="0" cb="0"/><line nr="204" mi="0" ci="3" mb="0" cb="0"/><line nr="205" mi="1" ci="0" mb="0" cb="0"/><line nr="207" mi="0" ci="1" mb="0" cb="0"/><line nr="208" mi="0" ci="1" mb="0" cb="0"/><line nr="218" mi="0" ci="3" mb="0" cb="0"/><line nr="231" mi="0" ci="3" mb="0" cb="2"/><line nr="232" mi="0" ci="4" mb="0" cb="0"/><line nr="236" mi="0" ci="2" mb="0" cb="2"/><line nr="237" mi="0" ci="8" mb="0" cb="0"/><line nr="239" mi="0" ci="4" mb="0" cb="0"/><line nr="240" mi="0" ci="4" mb="0" cb="0"/><line nr="242" mi="0" ci="3" mb="0" cb="0"/><line nr="243" mi="1" ci="0" mb="0" cb="0"/><line nr="244" mi="5" ci="0" mb="0" cb="0"/><line nr="245" mi="1" ci="0" mb="0" cb="0"/><line nr="247" mi="0" ci="1" mb="0" cb="0"/><line nr="248" mi="0" ci="1" mb="0" cb="0"/><line nr="257" mi="0" ci="10" mb="0" cb="4"/><line nr="274" mi="0" ci="3" mb="0" cb="2"/><line nr="275" mi="0" ci="4" mb="0" cb="0"/><line nr="278" mi="0" ci="3" mb="1" cb="1"/><line nr="279" mi="4" ci="0" mb="0" cb="0"/><line nr="283" mi="0" ci="3" mb="0" cb="0"/><line nr="285" mi="0" ci="2" mb="0" cb="0"/><line nr="287" mi="0" ci="3" mb="1" cb="1"/><line nr="288" mi="0" ci="4" mb="0" cb="0"/><line nr="291" mi="0" ci="3" mb="0" cb="0"/><line nr="292" mi="0" ci="3" mb="0" cb="0"/><line nr="294" mi="0" ci="3" mb="1" cb="1"/><line nr="295" mi="0" ci="4" mb="0" cb="0"/><line nr="298" mi="0" ci="5" mb="0" cb="0"/><line nr="299" mi="1" ci="0" mb="0" cb="0"/><line nr="300" mi="5" ci="0" mb="0" cb="0"/><line nr="302" mi="0" ci="3" mb="0" cb="0"/><line nr="310" mi="0" ci="4" mb="0" cb="0"/><line nr="312" mi="0" ci="4" mb="0" cb="0"/><line nr="313" mi="1" ci="0" mb="0" cb="0"/><line nr="314" mi="5" ci="0" mb="0" cb="0"/><line nr="318" mi="0" ci="4" mb="0" cb="0"/><line nr="319" mi="0" ci="2" mb="1" cb="1"/><line nr="320" mi="1" ci="0" mb="0" cb="0"/><line nr="323" mi="0" ci="8" mb="0" cb="0"/><line nr="324" mi="0" ci="2" mb="0" cb="0"/><line nr="325" mi="0" ci="1" mb="0" cb="0"/><line nr="326" mi="0" ci="1" mb="0" cb="0"/><counter type="INSTRUCTION" missed="32" covered="200"/><counter type="BRANCH" missed="4" covered="14"/><counter type="LINE" missed="17" covered="72"/><counter type="COMPLEXITY" missed="4" covered="20"/><counter type="METHOD" missed="0" covered="15"/><counter type="CLASS" missed="0" covered="1"/></sourcefile><sourcefile name="AccelerometerAndGyroscopeIntervalDetectorThresholdFactorOptimizerDataSource.java"/><sourcefile name="AccelerometerAndGyroscopeIntervalDetectorThresholdFactorOptimizer.java"><line nr="82" mi="0" ci="12" mb="0" cb="0"/><line nr="87" mi="0" ci="12" mb="0" cb="0"/><line nr="118" mi="0" ci="20" mb="0" cb="0"/><line nr="125" mi="0" ci="20" mb="0" cb="0"/><line nr="132" mi="0" ci="20" mb="0" cb="0"/><line nr="271" mi="0" ci="2" mb="0" cb="0"/><line nr="272" mi="0" ci="2" mb="0" cb="0"/><line nr="273" mi="0" ci="1" mb="0" cb="0"/><line nr="282" mi="0" ci="3" mb="0" cb="0"/><line nr="283" mi="0" ci="2" mb="0" cb="0"/><line nr="284" mi="0" ci="1" mb="0" cb="0"/><line nr="301" mi="0" ci="2" mb="0" cb="0"/><line nr="303" mi="0" ci="3" mb="0" cb="0"/><line nr="304" mi="0" ci="3" mb="0" cb="0"/><line nr="305" mi="1" ci="0" mb="0" cb="0"/><line nr="307" mi="0" ci="1" mb="0" cb="0"/><line nr="308" mi="0" ci="2" mb="0" cb="0"/><line nr="309" mi="0" ci="1" mb="0" cb="0"/><line nr="330" mi="0" ci="3" mb="0" cb="0"/><line nr="332" mi="0" ci="3" mb="0" cb="0"/><line nr="333" mi="0" ci="3" mb="0" cb="0"/><line nr="334" mi="1" ci="0" mb="0" cb="0"/><line nr="336" mi="0" ci="1" mb="0" cb="0"/><line nr="337" mi="0" ci="2" mb="0" cb="0"/><line nr="338" mi="0" ci="1" mb="0" cb="0"/><line nr="347" mi="0" ci="3" mb="0" cb="0"/><line nr="361" mi="0" ci="3" mb="0" cb="2"/><line nr="362" mi="0" ci="4" mb="0" cb="0"/><line nr="365" mi="0" ci="6" mb="1" cb="3"/><line nr="367" mi="0" ci="4" mb="0" cb="0"/><line nr="370" mi="0" ci="3" mb="0" cb="0"/><line nr="371" mi="0" ci="1" mb="0" cb="0"/><line nr="379" mi="0" ci="3" mb="0" cb="0"/><line nr="394" mi="0" ci="3" mb="0" cb="2"/><line nr="395" mi="0" ci="4" mb="0" cb="0"/><line nr="398" mi="0" ci="6" mb="1" cb="3"/><line nr="400" mi="0" ci="4" mb="0" cb="0"/><line nr="403" mi="0" ci="3" mb="0" cb="0"/><line nr="404" mi="0" ci="1" mb="0" cb="0"/><line nr="413" mi="0" ci="3" mb="0" cb="0"/><line nr="427" mi="0" ci="3" mb="0" cb="2"/><line nr="428" mi="0" ci="4" mb="0" cb="0"/><line nr="431" mi="0" ci="3" mb="0" cb="0"/><line nr="432" mi="0" ci="1" mb="0" cb="0"/><line nr="442" mi="0" ci="3" mb="0" cb="0"/><line nr="457" mi="0" ci="3" mb="0" cb="2"/><line nr="458" mi="0" ci="4" mb="0" cb="0"/><line nr="461" mi="0" ci="3" mb="0" cb="0"/><line nr="462" mi="0" ci="1" mb="0" cb="0"/><line nr="472" mi="0" ci="3" mb="0" cb="0"/><line nr="485" mi="0" ci="3" mb="1" cb="1"/><line nr="486" mi="4" ci="0" mb="0" cb="0"/><line nr="489" mi="0" ci="3" mb="0" cb="0"/><line nr="490" mi="0" ci="1" mb="0" cb="0"/><line nr="498" mi="0" ci="3" mb="0" cb="0"/><line nr="507" mi="0" ci="3" mb="0" cb="0"/><line nr="524" mi="0" ci="3" mb="0" cb="2"/><line nr="525" mi="0" ci="4" mb="0" cb="0"/><line nr="527" mi="0" ci="12" mb="0" cb="6"/><line nr="529" mi="0" ci="4" mb="0" cb="0"/><line nr="532" mi="0" ci="3" mb="0" cb="0"/><line nr="533" mi="0" ci="3" mb="0" cb="0"/><line nr="534" mi="0" ci="1" mb="0" cb="0"/><line nr="543" mi="0" ci="22" mb="1" cb="11"/><line nr="557" mi="0" ci="4" mb="0" cb="0"/><line nr="569" mi="0" ci="3" mb="0" cb="2"/><line nr="570" mi="0" ci="4" mb="0" cb="0"/><line nr="573" mi="0" ci="4" mb="0" cb="0"/><line nr="574" mi="0" ci="1" mb="0" cb="0"/><line nr="583" mi="0" ci="4" mb="0" cb="0"/><line nr="593" mi="0" ci="4" mb="0" cb="0"/><line nr="594" mi="0" ci="1" mb="0" cb="0"/><line nr="605" mi="0" ci="3" mb="0" cb="2"/><line nr="606" mi="0" ci="4" mb="0" cb="0"/><line nr="609" mi="0" ci="4" mb="0" cb="0"/><line nr="610" mi="0" ci="1" mb="0" cb="0"/><line nr="622" mi="0" ci="4" mb="0" cb="0"/><line nr="638" mi="0" ci="3" mb="0" cb="2"/><line nr="639" mi="0" ci="4" mb="0" cb="0"/><line nr="642" mi="0" ci="4" mb="0" cb="0"/><line nr="643" mi="0" ci="1" mb="0" cb="0"/><line nr="652" mi="0" ci="4" mb="0" cb="0"/><line nr="666" mi="0" ci="3" mb="0" cb="2"/><line nr="667" mi="0" ci="4" mb="0" cb="0"/><line nr="670" mi="0" ci="4" mb="0" cb="0"/><line nr="671" mi="0" ci="1" mb="0" cb="0"/><line nr="681" mi="0" ci="4" mb="0" cb="0"/><line nr="696" mi="0" ci="3" mb="0" cb="2"/><line nr="697" mi="0" ci="4" mb="0" cb="0"/><line nr="700" mi="0" ci="4" mb="0" cb="0"/><line nr="701" mi="0" ci="1" mb="0" cb="0"/><line nr="711" mi="0" ci="4" mb="0" cb="0"/><line nr="726" mi="0" ci="3" mb="0" cb="2"/><line nr="727" mi="0" ci="4" mb="0" cb="0"/><line nr="730" mi="0" ci="4" mb="0" cb="0"/><line nr="731" mi="0" ci="1" mb="0" cb="0"/><line nr="742" mi="0" ci="4" mb="0" cb="0"/><line nr="759" mi="0" ci="3" mb="0" cb="2"/><line nr="760" mi="0" ci="4" mb="0" cb="0"/><line nr="763" mi="0" ci="4" mb="0" cb="0"/><line nr="765" mi="0" ci="1" mb="0" cb="0"/><line nr="776" mi="0" ci="4" mb="0" cb="0"/><line nr="792" mi="0" ci="3" mb="0" cb="2"/><line nr="793" mi="0" ci="4" mb="0" cb="0"/><line nr="796" mi="0" ci="4" mb="0" cb="0"/><line nr="798" mi="0" ci="1" mb="0" cb="0"/><line nr="808" mi="0" ci="4" mb="0" cb="0"/><line nr="819" mi="0" ci="4" mb="0" cb="0"/><line nr="820" mi="0" ci="1" mb="0" cb="0"/><line nr="834" mi="0" ci="3" mb="0" cb="2"/><line nr="835" mi="0" ci="4" mb="0" cb="0"/><line nr="838" mi="0" ci="4" mb="0" cb="0"/><line nr="840" mi="0" ci="1" mb="0" cb="0"/><line nr="853" mi="0" ci="3" mb="0" cb="0"/><line nr="866" mi="0" ci="7" mb="0" cb="0"/><line nr="879" mi="0" ci="5" mb="0" cb="0"/><line nr="880" mi="0" ci="4" mb="0" cb="0"/><line nr="881" mi="0" ci="1" mb="0" cb="0"/><line nr="890" mi="0" ci="6" mb="0" cb="0"/><line nr="901" mi="0" ci="3" mb="0" cb="0"/><line nr="911" mi="0" ci="9" mb="0" cb="0"/><line nr="922" mi="0" ci="7" mb="0" cb="0"/><line nr="934" mi="0" ci="3" mb="0" cb="0"/><line nr="945" mi="0" ci="7" mb="0" cb="0"/><line nr="955" mi="0" ci="5" mb="0" cb="0"/><line nr="956" mi="0" ci="4" mb="0" cb="0"/><line nr="957" mi="0" ci="1" mb="0" cb="0"/><line nr="969" mi="0" ci="4" mb="0" cb="2"/><line nr="970" mi="0" ci="7" mb="0" cb="0"/><line nr="971" mi="0" ci="4" mb="0" cb="0"/><line nr="972" mi="0" ci="3" mb="0" cb="0"/><line nr="973" mi="0" ci="1" mb="0" cb="0"/><line nr="982" mi="0" ci="4" mb="0" cb="2"/><line nr="983" mi="0" ci="8" mb="0" cb="0"/><line nr="992" mi="0" ci="4" mb="0" cb="2"/><line nr="993" mi="0" ci="8" mb="0" cb="0"/><line nr="1002" mi="0" ci="4" mb="0" cb="2"/><line nr="1003" mi="0" ci="8" mb="0" cb="0"/><line nr="1013" mi="0" ci="3" mb="0" cb="0"/><line nr="1059" mi="0" ci="3" mb="0" cb="0"/><line nr="1072" mi="0" ci="4" mb="0" cb="2"/><line nr="1073" mi="0" ci="7" mb="0" cb="0"/><line nr="1074" mi="0" ci="4" mb="0" cb="0"/><line nr="1075" mi="0" ci="3" mb="0" cb="0"/><line nr="1076" mi="0" ci="1" mb="0" cb="0"/><line nr="1085" mi="0" ci="4" mb="0" cb="2"/><line nr="1086" mi="0" ci="8" mb="0" cb="0"/><line nr="1095" mi="0" ci="4" mb="0" cb="2"/><line nr="1096" mi="0" ci="8" mb="0" cb="0"/><line nr="1105" mi="0" ci="4" mb="0" cb="2"/><line nr="1106" mi="0" ci="8" mb="0" cb="0"/><line nr="1116" mi="0" ci="3" mb="0" cb="0"/><line nr="1161" mi="0" ci="3" mb="0" cb="0"/><line nr="1171" mi="0" ci="3" mb="0" cb="0"/><line nr="1189" mi="0" ci="3" mb="0" cb="2"/><line nr="1190" mi="0" ci="6" mb="0" cb="0"/><line nr="1192" mi="0" ci="3" mb="0" cb="0"/><line nr="1195" mi="0" ci="3" mb="0" cb="2"/><line nr="1196" mi="0" ci="6" mb="0" cb="0"/><line nr="1198" mi="0" ci="3" mb="0" cb="0"/><line nr="1201" mi="0" ci="3" mb="0" cb="0"/><line nr="1202" mi="0" ci="4" mb="0" cb="0"/><line nr="1204" mi="0" ci="5" mb="0" cb="0"/><line nr="1205" mi="0" ci="2" mb="0" cb="0"/><line nr="1206" mi="0" ci="7" mb="0" cb="2"/><line nr="1207" mi="0" ci="7" mb="0" cb="0"/><line nr="1208" mi="0" ci="5" mb="1" cb="1"/><line nr="1209" mi="2" ci="0" mb="0" cb="0"/><line nr="1210" mi="1" ci="0" mb="0" cb="0"/><line nr="1214" mi="0" ci="7" mb="2" cb="2"/><line nr="1216" mi="2" ci="0" mb="0" cb="0"/><line nr="1220" mi="0" ci="9" mb="1" cb="1"/><line nr="1221" mi="0" ci="5" mb="1" cb="1"/><line nr="1222" mi="2" ci="0" mb="0" cb="0"/><line nr="1226" mi="0" ci="7" mb="1" cb="1"/><line nr="1228" mi="0" ci="4" mb="0" cb="2"/><line nr="1229" mi="0" ci="4" mb="0" cb="0"/><line nr="1232" mi="0" ci="4" mb="0" cb="0"/><line nr="1234" mi="0" ci="1" mb="0" cb="0"/><line nr="1235" mi="0" ci="4" mb="0" cb="0"/><line nr="1238" mi="0" ci="4" mb="0" cb="0"/><line nr="1241" mi="0" ci="4" mb="0" cb="2"/><line nr="1242" mi="0" ci="4" mb="0" cb="0"/><line nr="1245" mi="0" ci="4" mb="0" cb="0"/><line nr="1246" mi="0" ci="3" mb="0" cb="0"/><line nr="1247" mi="0" ci="7" mb="0" cb="2"/><line nr="1248" mi="0" ci="11" mb="0" cb="0"/><line nr="1250" mi="0" ci="3" mb="0" cb="0"/><line nr="1251" mi="0" ci="1" mb="0" cb="0"/><line nr="1256" mi="4" ci="0" mb="0" cb="0"/><line nr="1259" mi="0" ci="5" mb="1" cb="1"/><line nr="1261" mi="0" ci="4" mb="0" cb="0"/><line nr="1264" mi="0" ci="4" mb="0" cb="0"/><line nr="1265" mi="0" ci="1" mb="0" cb="0"/><line nr="1266" mi="4" ci="0" mb="0" cb="0"/><line nr="1269" mi="0" ci="4" mb="0" cb="2"/><line nr="1270" mi="0" ci="4" mb="0" cb="0"/><line nr="1273" mi="0" ci="4" mb="0" cb="0"/><line nr="1274" mi="0" ci="3" mb="0" cb="0"/><line nr="1275" mi="0" ci="7" mb="0" cb="2"/><line nr="1276" mi="0" ci="11" mb="0" cb="0"/><line nr="1278" mi="0" ci="3" mb="0" cb="0"/><line nr="1281" mi="0" ci="3" mb="0" cb="0"/><line nr="1285" mi="0" ci="9" mb="1" cb="1"/><line nr="1288" mi="0" ci="9" mb="1" cb="1"/><line nr="1289" mi="0" ci="4" mb="0" cb="0"/><line nr="1291" mi="9" ci="0" mb="2" cb="0"/><line nr="1292" mi="4" ci="0" mb="0" cb="0"/><line nr="1294" mi="2" ci="0" mb="0" cb="0"/><line nr="1297" mi="0" ci="2" mb="1" cb="1"/><line nr="1298" mi="0" ci="3" mb="0" cb="0"/><line nr="1299" mi="0" ci="5" mb="0" cb="0"/><line nr="1303" mi="0" ci="3" mb="0" cb="0"/><line nr="1305" mi="0" ci="4" mb="0" cb="0"/><line nr="1306" mi="0" ci="4" mb="0" cb="0"/><line nr="1309" mi="0" ci="6" mb="0" cb="0"/><line nr="1310" mi="0" ci="5" mb="0" cb="2"/><line nr="1311" mi="0" ci="4" mb="0" cb="0"/><line nr="1313" mi="0" ci="2" mb="0" cb="0"/><line nr="1322" mi="0" ci="5" mb="0" cb="0"/><line nr="1323" mi="0" ci="6" mb="0" cb="0"/><line nr="1328" mi="0" ci="1" mb="0" cb="0"/><line nr="1335" mi="0" ci="1" mb="0" cb="0"/><line nr="1342" mi="1" ci="0" mb="0" cb="0"/><line nr="1348" mi="0" ci="1" mb="0" cb="0"/><line nr="1354" mi="0" ci="1" mb="0" cb="0"/><line nr="1360" mi="1" ci="0" mb="0" cb="0"/><line nr="1366" mi="1" ci="0" mb="0" cb="0"/><line nr="1372" mi="0" ci="6" mb="0" cb="0"/><line nr="1373" mi="0" ci="1" mb="0" cb="0"/><line nr="1379" mi="0" ci="6" mb="0" cb="0"/><line nr="1380" mi="0" ci="1" mb="0" cb="0"/><line nr="1386" mi="0" ci="1" mb="0" cb="0"/><line nr="1389" mi="0" ci="6" mb="0" cb="0"/><line nr="1390" mi="0" ci="1" mb="0" cb="0"/><line nr="1399" mi="0" ci="3" mb="0" cb="0"/><line nr="1400" mi="0" ci="3" mb="0" cb="0"/><line nr="1402" mi="0" ci="5" mb="0" cb="0"/><line nr="1403" mi="0" ci="5" mb="0" cb="0"/><line nr="1404" mi="0" ci="5" mb="0" cb="0"/><line nr="1406" mi="0" ci="3" mb="0" cb="2"/><line nr="1407" mi="0" ci="9" mb="0" cb="0"/><line nr="1409" mi="0" ci="6" mb="0" cb="0"/><line nr="1411" mi="0" ci="3" mb="0" cb="2"/><line nr="1412" mi="0" ci="9" mb="0" cb="0"/><line nr="1414" mi="0" ci="6" mb="0" cb="0"/><line nr="1416" mi="0" ci="9" mb="1" cb="1"/><line nr="1417" mi="0" ci="5" mb="0" cb="0"/><line nr="1418" mi="9" ci="0" mb="2" cb="0"/><line nr="1419" mi="4" ci="0" mb="0" cb="0"/><line nr="1422" mi="0" ci="3" mb="0" cb="2"/><line nr="1423" mi="0" ci="9" mb="0" cb="0"/><line nr="1425" mi="0" ci="6" mb="0" cb="0"/><line nr="1427" mi="0" ci="3" mb="0" cb="2"/><line nr="1428" mi="0" ci="9" mb="0" cb="0"/><line nr="1430" mi="0" ci="6" mb="0" cb="0"/><line nr="1432" mi="0" ci="3" mb="0" cb="2"/><line nr="1433" mi="0" ci="9" mb="0" cb="0"/><line nr="1435" mi="0" ci="6" mb="0" cb="0"/><line nr="1437" mi="0" ci="9" mb="1" cb="1"/><line nr="1438" mi="0" ci="5" mb="0" cb="0"/><line nr="1439" mi="9" ci="0" mb="2" cb="0"/><line nr="1440" mi="4" ci="0" mb="0" cb="0"/><line nr="1442" mi="0" ci="1" mb="0" cb="0"/><line nr="1453" mi="0" ci="7" mb="0" cb="0"/><line nr="1463" mi="0" ci="2" mb="0" cb="0"/><counter type="INSTRUCTION" missed="65" covered="1050"/><counter type="BRANCH" missed="22" covered="108"/><counter type="LINE" missed="19" covered="247"/><counter type="COMPLEXITY" missed="22" covered="120"/><counter type="METHOD" missed="3" covered="74"/><counter type="CLASS" missed="0" covered="2"/></sourcefile><sourcefile name="ExhaustiveAccelerometerIntervalDetectorThresholdFactorOptimizer.java"><line nr="46" mi="0" ci="12" mb="0" cb="0"/><line nr="52" mi="0" ci="2" mb="0" cb="0"/><line nr="53" mi="0" ci="1" mb="0" cb="0"/><line nr="62" mi="0" ci="3" mb="0" cb="0"/><line nr="63" mi="0" ci="1" mb="0" cb="0"/><line nr="75" mi="0" ci="3" mb="0" cb="0"/><line nr="76" mi="0" ci="1" mb="0" cb="0"/><line nr="90" mi="0" ci="4" mb="0" cb="0"/><line nr="91" mi="0" ci="1" mb="0" cb="0"/><line nr="100" mi="0" ci="3" mb="0" cb="0"/><line nr="113" mi="0" ci="3" mb="0" cb="2"/><line nr="114" mi="0" ci="4" mb="0" cb="0"/><line nr="116" mi="0" ci="4" mb="0" cb="2"/><line nr="117" mi="0" ci="4" mb="0" cb="0"/><line nr="120" mi="0" ci="3" mb="0" cb="0"/><line nr="121" mi="0" ci="1" mb="0" cb="0"/><line nr="137" mi="0" ci="3" mb="0" cb="2"/><line nr="138" mi="0" ci="4" mb="0" cb="0"/><line nr="141" mi="0" ci="3" mb="1" cb="1"/><line nr="142" mi="4" ci="0" mb="0" cb="0"/><line nr="145" mi="0" ci="2" mb="0" cb="0"/><line nr="146" mi="0" ci="3" mb="0" cb="0"/><line nr="148" mi="0" ci="3" mb="0" cb="0"/><line nr="150" mi="0" ci="2" mb="0" cb="0"/><line nr="151" mi="0" ci="13" mb="0" cb="0"/><line nr="154" mi="0" ci="3" mb="1" cb="1"/><line nr="155" mi="0" ci="4" mb="0" cb="0"/><line nr="158" mi="0" ci="3" mb="0" cb="0"/><line nr="159" mi="0" ci="5" mb="0" cb="2"/><line nr="160" mi="0" ci="6" mb="0" cb="0"/><line nr="162" mi="0" ci="4" mb="0" cb="0"/><line nr="163" mi="0" ci="2" mb="0" cb="0"/><line nr="164" mi="1" ci="0" mb="0" cb="0"/><line nr="166" mi="0" ci="1" mb="0" cb="0"/><line nr="168" mi="0" ci="6" mb="0" cb="0"/><line nr="169" mi="0" ci="2" mb="0" cb="0"/><line nr="172" mi="0" ci="2" mb="1" cb="1"/><line nr="173" mi="4" ci="0" mb="0" cb="0"/><line nr="176" mi="0" ci="3" mb="1" cb="1"/><line nr="177" mi="0" ci="4" mb="0" cb="0"/><line nr="181" mi="0" ci="3" mb="0" cb="0"/><line nr="184" mi="0" ci="3" mb="0" cb="0"/><counter type="INSTRUCTION" missed="9" covered="134"/><counter type="BRANCH" missed="4" covered="12"/><counter type="LINE" missed="3" covered="39"/><counter type="COMPLEXITY" missed="4" covered="11"/><counter type="METHOD" missed="0" covered="7"/><counter type="CLASS" missed="0" covered="1"/></sourcefile><counter type="INSTRUCTION" missed="438" covered="6234"/><counter type="BRANCH" missed="121" covered="587"/><counter type="LINE" missed="174" covered="1665"/><counter type="COMPLEXITY" missed="124" covered="711"/><counter type="METHOD" missed="13" covered="468"/><counter type="CLASS" missed="0" covered="27"/></package><counter type="INSTRUCTION" missed="550" covered="12903"/><counter type="BRANCH" missed="152" covered="1040"/><counter type="LINE" missed="224" covered="3462"/><counter type="COMPLEXITY" missed="154" covered="1457"/><counter type="METHOD" missed="13" covered="1002"/><counter type="CLASS" missed="0" covered="35"/></report>